#
# A fatal error has been detected by the Java Runtime Environment:
#
#  SIGBUS (0x7) at pc=0x00007f6b74f7a671, pid=13387, tid=0x00007f6b439f9700
#
# JRE version: OpenJDK Runtime Environment (8.0_222-b05) (build 1.8.0_222-b05)
# Java VM: OpenJDK 64-Bit Server VM (25.222-b05 mixed mode linux-amd64 compressed oops)
# Problematic frame:
# C  [libzip.so+0x5671]
#
# Core dump written. Default location: /home/markg/Documents/Fourth year/Distributed Systems/subPart2/core or core.13387
#
# If you would like to submit a bug report, please visit:
#   http://bugreport.java.com/bugreport/crash.jsp
# The crash happened outside the Java Virtual Machine in native code.
# See problematic frame for where to report the bug.
#

---------------  T H R E A D  ---------------

Current thread (0x00007f6a8c003000):  JavaThread "Thread-11" [_thread_in_native, id=13478, stack(0x00007f6b438f9000,0x00007f6b439fa000)]

siginfo: si_signo: 7 (SIGBUS), si_code: 2 (BUS_ADRERR), si_addr: 0x00007f6b5177a8e1

Registers:
RAX=0x00007f6a84000e30, RBX=0x00007f6b702630e0, RCX=0x00007f6a840008d6, RDX=0x0000000000000000
RSP=0x00007f6b439f6720, RBP=0x00007f6b439f6790, RSI=0x0000000000000000, RDI=0x0000000000000048
R8 =0x00007f6a84000e30, R9 =0x00007f6b75e7e960, R10=0x00007f6b61187ed8, R11=0x00000000da0bc1b8
R12=0x000000000009c8c3, R13=0x000000009ac6435b, R14=0x00007f6b5177a8c3, R15=0x00007f6a84000e30
RIP=0x00007f6b74f7a671, EFLAGS=0x0000000000010206, CSGSFS=0x002b000000000033, ERR=0x0000000000000004
  TRAPNO=0x000000000000000e

Top of Stack: (sp=0x00007f6b439f6720)
0x00007f6b439f6720:   00007f6b439f6e50 00007f6b439f6d70
0x00007f6b439f6730:   00007f6b60398610 00007f6b75a33347
0x00007f6b439f6740:   0000000000000006 0000000000000006
0x00007f6b439f6750:   000000007002d990 00007f6b75a33512
0x00007f6b439f6760:   000000000000002b 00007f6b70245b90
0x00007f6b439f6770:   000000000000002b 000000009ac6435b
0x00007f6b439f6780:   00007f6b70a66c30 00007f6b702630e0
0x00007f6b439f6790:   00007f6b439f67e0 00007f6b74f7b33e
0x00007f6b439f67a0:   0000002b011ef320 00007f6b439f6800
0x00007f6b439f67b0:   00007f6b7002d930 000000000000002b
0x00007f6b439f67c0:   00007f6a8c0031e0 00007f6b439f6800
0x00007f6b439f67d0:   00007f6b702630e0 00007f6b439f6c58
0x00007f6b439f67e0:   00007f6b439f6c40 00007f6b74f792d7
0x00007f6b439f67f0:   00007f6b439f7070 00000001439f6af0
0x00007f6b439f6800:   696c63652f67726f 7474656a2f657370
0x00007f6b439f6810:   462f6c6974752f79 6c61436572757475
0x00007f6b439f6820:   6c632e6b6361626c 0000000000737361
0x00007f6b439f6830:   0000000000000000 0000000000000000
0x00007f6b439f6840:   0000000000000000 00007f6b754bb9ac
0x00007f6b439f6850:   00007f6b704ddcc0 00007f6b704ddcc0
0x00007f6b439f6860:   00007f6b439f6aa0 00007f6b7560f07d
0x00007f6b439f6870:   00007f6b439f68d0 00007f6b439f69b4
0x00007f6b439f6880:   0000000000000000 0000000000000000
0x00007f6b439f6890:   0000000000000000 0000000000000000
0x00007f6b439f68a0:   0000000000000000 00007f6b439f69a4
0x00007f6b439f68b0:   0000000000000000 0000000000000000
0x00007f6b439f68c0:   0000000000000000 0000000000000000
0x00007f6b439f68d0:   0000000000000000 0000000000000000
0x00007f6b439f68e0:   0000000000000000 0000000000000000
0x00007f6b439f68f0:   00000000ffffffff 0000000000000100
0x00007f6b439f6900:   0000000000000128 0000000000000000
0x00007f6b439f6910:   0000000000000000 0000000000000000 

Instructions: (pc=0x00007f6b74f7a671)
0x00007f6b74f7a651:   00 00 00 4d 8b 24 24 48 c7 40 28 00 00 00 00 0f
0x00007f6b74f7a661:   84 3a 01 00 00 4c 8b 73 18 4c 2b 63 28 4d 01 e6
0x00007f6b74f7a671:   41 0f b7 46 1e 45 0f b7 6e 1c 48 c7 45 c8 00 00
0x00007f6b74f7a681:   00 00 66 89 45 c2 41 0f b7 46 20 4d 89 ec 66 89 

Register to memory mapping:

RAX=0x00007f6a84000e30 is an unknown value
RBX=0x00007f6b702630e0 is an unknown value
RCX=0x00007f6a840008d6 is an unknown value
RDX=0x0000000000000000 is an unknown value
RSP=0x00007f6b439f6720 is pointing into the stack for thread: 0x00007f6a8c003000
RBP=0x00007f6b439f6790 is pointing into the stack for thread: 0x00007f6a8c003000
RSI=0x0000000000000000 is an unknown value
RDI=0x0000000000000048 is an unknown value
R8 =0x00007f6a84000e30 is an unknown value
R9 =0x00007f6b75e7e960: <offset 0xc7f960> in /usr/lib/jvm/java-8-openjdk/jre/lib/amd64/server/libjvm.so at 0x00007f6b751ff000
R10=0x00007f6b61187ed8 is at entry_point+88 in (nmethod*)0x00007f6b61187d10
R11=0x00000000da0bc1b8 is an oop
