#
# A fatal error has been detected by the Java Runtime Environment:
#
#  SIGBUS (0x7) at pc=0x00007f923f76b671, pid=13818, tid=0x00007f91c9ce2700
#
# JRE version: OpenJDK Runtime Environment (8.0_222-b05) (build 1.8.0_222-b05)
# Java VM: OpenJDK 64-Bit Server VM (25.222-b05 mixed mode linux-amd64 compressed oops)
# Problematic frame:
# C  [libzip.so+0x5671]
#
# Core dump written. Default location: /home/markg/Documents/Fourth year/Distributed Systems/subPart2/core or core.13818
#
# If you would like to submit a bug report, please visit:
#   http://bugreport.java.com/bugreport/crash.jsp
# The crash happened outside the Java Virtual Machine in native code.
# See problematic frame for where to report the bug.
#

---------------  T H R E A D  ---------------

Current thread (0x00007f9154001000):  JavaThread "Thread-11" [_thread_in_native, id=13960, stack(0x00007f91c9be2000,0x00007f91c9ce3000)]

siginfo: si_signo: 7 (SIGBUS), si_code: 2 (BUS_ADRERR), si_addr: 0x00007f91dff86942

Registers:
RAX=0x00007f9148000dc0, RBX=0x00007f9238263060, RCX=0x00007f9148000e00, RDX=0x00007f9148000020
RSP=0x00007f91c9cdf690, RBP=0x00007f91c9cdf700, RSI=0x0000000000000000, RDI=0x0000000000000004
R8 =0x00007f9148000dc0, R9 =0x00007f924066f960, R10=0x0000000000000050, R11=0x00007f9148000080
R12=0x000000000009c924, R13=0x000000009ac6435b, R14=0x00007f91dff86924, R15=0x00007f9148000dc0
RIP=0x00007f923f76b671, EFLAGS=0x0000000000010206, CSGSFS=0x002b000000000033, ERR=0x0000000000000004
  TRAPNO=0x000000000000000e

Top of Stack: (sp=0x00007f91c9cdf690)
0x00007f91c9cdf690:   00000000cb6d85d0 0000000000000000
0x00007f91c9cdf6a0:   0000000000000000 00000000ca046018
0x00007f91c9cdf6b0:   00000000ca045ff8 0000000000000000
0x00007f91c9cdf6c0:   0000000000000000 00007f9240224512
0x00007f91c9cdf6d0:   000000000000002b 00007f9238245b90
0x00007f91c9cdf6e0:   000000000000002b 000000009ac6435b
0x00007f91c9cdf6f0:   00007f915c0011f0 00007f9238263060
0x00007f91c9cdf700:   00007f91c9cdf750 00007f923f76c33e
0x00007f91c9cdf710:   0000002b01000000 00007f91c9cdf770
0x00007f91c9cdf720:   00000000cb6d85b0 000000000000002b
0x00007f91c9cdf730:   00007f91540011e0 00007f91c9cdf770
0x00007f91c9cdf740:   00007f9238263060 00007f91c9cdfbc8
0x00007f91c9cdf750:   00007f91c9cdfbb0 00007f923f76a2d7
0x00007f91c9cdf760:   0000000000000000 0000000100000000
0x00007f91c9cdf770:   696c63652f67726f 7474656a2f657370
0x00007f91c9cdf780:   462f6c6974752f79 6c61436572757475
0x00007f91c9cdf790:   6c632e6b6361626c 0000000000737361
0x00007f91c9cdf7a0:   0000000000000000 0000000000000000
0x00007f91c9cdf7b0:   0000000000000000 0000000000000000
0x00007f91c9cdf7c0:   0000000000000000 0000000000000000
0x00007f91c9cdf7d0:   0000000000000000 0000000000000000
0x00007f91c9cdf7e0:   0000000000000000 00000000cb9c5880
0x00007f91c9cdf7f0:   00000000ca045f98 0000000000000000
0x00007f91c9cdf800:   0000000000000000 0000000000000000
0x00007f91c9cdf810:   0000000000000000 0000000000000000
0x00007f91c9cdf820:   0000000000000000 0000000000000000
0x00007f91c9cdf830:   0000000000000000 0000000000000000
0x00007f91c9cdf840:   0000000000000000 00000000ca045f78
0x00007f91c9cdf850:   00000000ca045f58 0000000000000000
0x00007f91c9cdf860:   0000000000000000 0000000000000000
0x00007f91c9cdf870:   0000000000000000 0000000000000000
0x00007f91c9cdf880:   0000000000000000 00000000ca045f18 

Instructions: (pc=0x00007f923f76b671)
0x00007f923f76b651:   00 00 00 4d 8b 24 24 48 c7 40 28 00 00 00 00 0f
0x00007f923f76b661:   84 3a 01 00 00 4c 8b 73 18 4c 2b 63 28 4d 01 e6
0x00007f923f76b671:   41 0f b7 46 1e 45 0f b7 6e 1c 48 c7 45 c8 00 00
0x00007f923f76b681:   00 00 66 89 45 c2 41 0f b7 46 20 4d 89 ec 66 89 

Register to memory mapping:

RAX=0x00007f9148000dc0 is an unknown value
RBX=0x00007f9238263060 is an unknown value
RCX=0x00007f9148000e00 is an unknown value
RDX=0x00007f9148000020 is an unknown value
RSP=0x00007f91c9cdf690 is pointing into the stack for thread: 0x00007f9154001000
RBP=0x00007f91c9cdf700 is pointing into the stack for thread: 0x00007f9154001000
RSI=0x0000000000000000 is an unknown value
RDI=0x0000000000000004 is an unknown value
R8 =0x00007f9148000dc0 is an unknown value
R9 =0x00007f924066f960: <offset 0xc7f960> in /usr/lib/jvm/java-8-openjdk/jre/lib/amd64/server/libjvm.so at 0x00007f923f9f0000
R10=0x0000000000000050 is an unknown value
R11=0x00007f9148000080 is an unknown value
R12=0x000000000009c924 is an unknown value
R13=0x000000009ac6435b is an unallocated location in the heap
R14=0x00007f91dff86924 is an unknown value
R15=0x00007f9148000dc0 is an unknown value


Stack: [0x00007f91c9be2000,0x00007f91c9ce3000],  sp=0x00007f91c9cdf690,  free space=1013k
Native frames: (J=compiled Java code, j=interpreted, Vv=VM code, C=native code)
C  [libzip.so+0x5671]
C  [libzip.so+0x633e]
C  [libzip.so+0x42d7]  Java_java_util_zip_ZipFile_getEntry+0x87
J 203  java.util.zip.ZipFile.getEntry(J[BZ)J (0 bytes) @ 0x00007f922917594e [0x00007f9229175880+0xce]
J 271 C1 java.util.zip.ZipFile.getEntry(Ljava/lang/String;)Ljava/util/zip/ZipEntry; (101 bytes) @ 0x00007f92291a1a4c [0x00007f92291a17e0+0x26c]
J 400 C1 java.util.jar.JarFile.getEntry(Ljava/lang/String;)Ljava/util/zip/ZipEntry; (22 bytes) @ 0x00007f92291ff8a4 [0x00007f92291ff820+0x84]
J 360 C2 sun.misc.URLClassPath$JarLoader.getResource(Ljava/lang/String;Z)Lsun/misc/Resource; (85 bytes) @ 0x00007f92291ebcf0 [0x00007f92291eba60+0x290]
J 1251 C2 sun.misc.URLClassPath.getResource(Ljava/lang/String;Z)Lsun/misc/Resource; (83 bytes) @ 0x00007f92293ef66c [0x00007f92293ef520+0x14c]
J 2253 C2 java.net.URLClassLoader$1.run()Ljava/lang/Object; (5 bytes) @ 0x00007f92296f047c [0x00007f92296effc0+0x4bc]
v  ~StubRoutines::call_stub
V  [libjvm.so+0x6364ae]
V  [libjvm.so+0x683f11]  JVM_DoPrivileged+0x2d1
J 163  java.security.AccessController.doPrivileged(Ljava/security/PrivilegedExceptionAction;Ljava/security/AccessControlContext;)Ljava/lang/Object; (0 bytes) @ 0x00007f9229165615 [0x00007f9229165540+0xd5]
J 1886 C2 java.net.URLClassLoader.findClass(Ljava/lang/String;)Ljava/lang/Class; (47 bytes) @ 0x00007f92295a7c30 [0x00007f92295a7ba0+0x90]
J 1742 C2 java.lang.ClassLoader.loadClass(Ljava/lang/String;Z)Ljava/lang/Class; (122 bytes) @ 0x00007f9229568078 [0x00007f92295675e0+0xa98]
J 194 C1 sun.misc.Launcher$AppClassLoader.loadClass(Ljava/lang/String;Z)Ljava/lang/Class; (85 bytes) @ 0x00007f9229173f8c [0x00007f9229173600+0x98c]
J 192 C1 java.lang.ClassLoader.loadClass(Ljava/lang/String;)Ljava/lang/Class; (7 bytes) @ 0x00007f92291716c4 [0x00007f92291715c0+0x104]
v  ~StubRoutines::call_stub
V  [libjvm.so+0x6364ae]
V  [libjvm.so+0x633c48]
V  [libjvm.so+0x6342c5]
V  [libjvm.so+0x983228]
V  [libjvm.so+0x983b63]
V  [libjvm.so+0x985ab2]
V  [libjvm.so+0x4a1529]
V  [libjvm.so+0x6278c0]
j  org.eclipse.jetty.server.AbstractConnector.shutdown()Ljava/util/concurrent/Future;+0
j  org.eclipse.jetty.server.AbstractNetworkConnector.shutdown()Ljava/util/concurrent/Future;+5
j  org.eclipse.jetty.server.ServerConnector.shutdown()Ljava/util/concurrent/Future;+1
j  org.eclipse.jetty.server.Server.doStop()V+89
j  org.eclipse.jetty.util.component.AbstractLifeCycle.stop()V+30
j  org.eclipse.jetty.util.thread.ShutdownThread.run()V+41
v  ~StubRoutines::call_stub
V  [libjvm.so+0x6364ae]
V  [libjvm.so+0x633c48]
V  [libjvm.so+0x634213]
V  [libjvm.so+0x67413e]
V  [libjvm.so+0x9b5c1f]
V  [libjvm.so+0x9b5f45]
V  [libjvm.so+0x86dd54]
C  [libpthread.so.0+0x94cf]  start_thread+0xdf

Java frames: (J=compiled Java code, j=interpreted, Vv=VM code)
J 203  java.util.zip.ZipFile.getEntry(J[BZ)J (0 bytes) @ 0x00007f92291758d8 [0x00007f9229175880+0x58]
J 271 C1 java.util.zip.ZipFile.getEntry(Ljava/lang/String;)Ljava/util/zip/ZipEntry; (101 bytes) @ 0x00007f92291a1a4c [0x00007f92291a17e0+0x26c]
J 400 C1 java.util.jar.JarFile.getEntry(Ljava/lang/String;)Ljava/util/zip/ZipEntry; (22 bytes) @ 0x00007f92291ff8a4 [0x00007f92291ff820+0x84]
J 360 C2 sun.misc.URLClassPath$JarLoader.getResource(Ljava/lang/String;Z)Lsun/misc/Resource; (85 bytes) @ 0x00007f92291ebcf0 [0x00007f92291eba60+0x290]
J 1251 C2 sun.misc.URLClassPath.getResource(Ljava/lang/String;Z)Lsun/misc/Resource; (83 bytes) @ 0x00007f92293ef66c [0x00007f92293ef520+0x14c]
J 2253 C2 java.net.URLClassLoader$1.run()Ljava/lang/Object; (5 bytes) @ 0x00007f92296f047c [0x00007f92296effc0+0x4bc]
v  ~StubRoutines::call_stub
J 163  java.security.AccessController.doPrivileged(Ljava/security/PrivilegedExceptionAction;Ljava/security/AccessControlContext;)Ljava/lang/Object; (0 bytes) @ 0x00007f92291655a3 [0x00007f9229165540+0x63]
J 1886 C2 java.net.URLClassLoader.findClass(Ljava/lang/String;)Ljava/lang/Class; (47 bytes) @ 0x00007f92295a7c30 [0x00007f92295a7ba0+0x90]
J 1742 C2 java.lang.ClassLoader.loadClass(Ljava/lang/String;Z)Ljava/lang/Class; (122 bytes) @ 0x00007f9229568078 [0x00007f92295675e0+0xa98]
J 194 C1 sun.misc.Launcher$AppClassLoader.loadClass(Ljava/lang/String;Z)Ljava/lang/Class; (85 bytes) @ 0x00007f9229173f8c [0x00007f9229173600+0x98c]
J 192 C1 java.lang.ClassLoader.loadClass(Ljava/lang/String;)Ljava/lang/Class; (7 bytes) @ 0x00007f92291716c4 [0x00007f92291715c0+0x104]
v  ~StubRoutines::call_stub
j  org.eclipse.jetty.server.AbstractConnector.shutdown()Ljava/util/concurrent/Future;+0
j  org.eclipse.jetty.server.AbstractNetworkConnector.shutdown()Ljava/util/concurrent/Future;+5
j  org.eclipse.jetty.server.ServerConnector.shutdown()Ljava/util/concurrent/Future;+1
j  org.eclipse.jetty.server.Server.doStop()V+89
j  org.eclipse.jetty.util.component.AbstractLifeCycle.stop()V+30
j  org.eclipse.jetty.util.thread.ShutdownThread.run()V+41
v  ~StubRoutines::call_stub

---------------  P R O C E S S  ---------------

Java Threads: ( => current thread )
=>0x00007f9154001000 JavaThread "Thread-11" [_thread_in_native, id=13960, stack(0x00007f91c9be2000,0x00007f91c9ce3000)]
  0x00007f91f0001000 JavaThread "SIGINT handler" daemon [_thread_blocked, id=13959, stack(0x00007f91c9ce3000,0x00007f91c9de4000)]
  0x00007f91b8001800 JavaThread "dw-50" [_thread_blocked, id=13957, stack(0x00007f91ca2e7000,0x00007f91ca3e8000)]
  0x00007f9194004000 JavaThread "dw-49" [_thread_blocked, id=13956, stack(0x00007f91c9de4000,0x00007f91c9ee5000)]
  0x00007f9164001000 JavaThread "dw-48" [_thread_in_native, id=13955, stack(0x00007f91caef3000,0x00007f91caff4000)]
  0x00007f9150001000 JavaThread "dw-admin-47" [_thread_blocked, id=13910, stack(0x00007f91ca1e6000,0x00007f91ca2e7000)]
  0x00007f91c4006000 JavaThread "Scheduler-1325866488" [_thread_blocked, id=13885, stack(0x00007f91ca0e5000,0x00007f91ca1e6000)]
  0x00007f9194001000 JavaThread "dw-43" [_thread_blocked, id=13883, stack(0x00007f91ca3e8000,0x00007f91ca4e9000)]
  0x00007f9168001000 JavaThread "dw-admin-40-acceptor-3@5ca455d7-admin@3fc9dfc5{HTTP/1.1,[http/1.1]}{0.0.0.0:8081}" [_thread_blocked, id=13871, stack(0x00007f91ca4e9000,0x00007f91ca5ea000)]
  0x00007f9174001000 JavaThread "dw-admin-39-acceptor-2@67fe8353-admin@3fc9dfc5{HTTP/1.1,[http/1.1]}{0.0.0.0:8081}" [_thread_blocked, id=13870, stack(0x00007f91ca5ea000,0x00007f91ca6eb000)]
  0x00007f9170001000 JavaThread "dw-admin-38-acceptor-1@41035930-admin@3fc9dfc5{HTTP/1.1,[http/1.1]}{0.0.0.0:8081}" [_thread_in_native, id=13869, stack(0x00007f91ca6eb000,0x00007f91ca7ec000)]
  0x00007f917c001000 JavaThread "dw-admin-37-acceptor-0@14e85bc6-admin@3fc9dfc5{HTTP/1.1,[http/1.1]}{0.0.0.0:8081}" [_thread_blocked, id=13868, stack(0x00007f91ca7ec000,0x00007f91ca8ed000)]
  0x00007f9178001000 JavaThread "dw-admin-36" [_thread_in_native, id=13867, stack(0x00007f91ca8ed000,0x00007f91ca9ee000)]
  0x00007f9184001000 JavaThread "dw-admin-35" [_thread_in_native, id=13866, stack(0x00007f91ca9ee000,0x00007f91caaef000)]
  0x00007f9180001000 JavaThread "dw-admin-34" [_thread_in_native, id=13865, stack(0x00007f91caaef000,0x00007f91cabf0000)]
  0x00007f918c001000 JavaThread "dw-admin-33" [_thread_in_native, id=13864, stack(0x00007f91cabf0000,0x00007f91cacf1000)]
  0x00007f9188001000 JavaThread "dw-admin-32" [_thread_in_native, id=13863, stack(0x00007f91cacf1000,0x00007f91cadf2000)]
  0x00007f9190001000 JavaThread "dw-admin-30" [_thread_in_native, id=13862, stack(0x00007f91cadf2000,0x00007f91caef3000)]
  0x00007f923800a800 JavaThread "DestroyJavaVM" [_thread_blocked, id=13819, stack(0x00007f923f7aa000,0x00007f923f8aa000)]
  0x00007f91ac001000 JavaThread "dw-admin-28" [_thread_in_native, id=13860, stack(0x00007f91caff4000,0x00007f91cb0f5000)]
  0x00007f9198001000 JavaThread "dw-27-acceptor-3@499f97ce-application@7c56e013{HTTP/1.1,[http/1.1]}{0.0.0.0:8080}" [_thread_blocked, id=13859, stack(0x00007f91cb0f5000,0x00007f91cb1f6000)]
  0x00007f91a0003000 JavaThread "dw-26-acceptor-2@7ab19cee-application@7c56e013{HTTP/1.1,[http/1.1]}{0.0.0.0:8080}" [_thread_blocked, id=13858, stack(0x00007f91cb1f6000,0x00007f91cb2f7000)]
  0x00007f91a4001000 JavaThread "dw-25-acceptor-1@388e0a5b-application@7c56e013{HTTP/1.1,[http/1.1]}{0.0.0.0:8080}" [_thread_blocked, id=13857, stack(0x00007f91cb3f8000,0x00007f91cb4f9000)]
  0x00007f91a0001000 JavaThread "dw-24-acceptor-0@138068d5-application@7c56e013{HTTP/1.1,[http/1.1]}{0.0.0.0:8080}" [_thread_blocked, id=13856, stack(0x00007f91cb2f7000,0x00007f91cb3f8000)]
  0x00007f923886f000 JavaThread "dw-admin-22" [_thread_in_native, id=13854, stack(0x00007f91cb6f9000,0x00007f91cb7fa000)]
  0x00007f923883a800 JavaThread "dw-20" [_thread_in_native, id=13853, stack(0x00007f91cb9fa000,0x00007f91cbafb000)]
  0x00007f9238839000 JavaThread "dw-19" [_thread_in_native, id=13852, stack(0x00007f91cbafb000,0x00007f91cbbfc000)]
  0x00007f9238837000 JavaThread "dw-18" [_thread_in_native, id=13851, stack(0x00007f91cbbfc000,0x00007f91cbcfd000)]
  0x00007f9238835800 JavaThread "dw-17" [_thread_in_native, id=13850, stack(0x00007f91cbcfd000,0x00007f91cbdfe000)]
  0x00007f9238833800 JavaThread "dw-16" [_thread_in_native, id=13849, stack(0x00007f91cbdfe000,0x00007f91cbeff000)]
  0x00007f9238832000 JavaThread "dw-15" [_thread_blocked, id=13848, stack(0x00007f91cbeff000,0x00007f91cc000000)]
  0x00007f9238830800 JavaThread "dw-14" [_thread_in_native, id=13847, stack(0x00007f91dc0e5000,0x00007f91dc1e6000)]
  0x00007f923882b800 JavaThread "dw-13" [_thread_in_native, id=13846, stack(0x00007f91dc1e6000,0x00007f91dc2e7000)]
  0x00007f9238828800 JavaThread "AsyncAppender-Worker-async-console-appender" daemon [_thread_blocked, id=13845, stack(0x00007f91dc2e7000,0x00007f91dc3e8000)]
  0x00007f9238720800 JavaThread "AsyncAppender-Worker-async-console-appender" daemon [_thread_blocked, id=13844, stack(0x00007f91dc5e8000,0x00007f91dc6e9000)]
  0x00007f9238219800 JavaThread "Service Thread" daemon [_thread_blocked, id=13838, stack(0x00007f920816f000,0x00007f9208270000)]
  0x00007f923820e800 JavaThread "C1 CompilerThread3" daemon [_thread_blocked, id=13835, stack(0x00007f922800d000,0x00007f922810d000)]
  0x00007f923820c000 JavaThread "C2 CompilerThread2" daemon [_thread_blocked, id=13834, stack(0x00007f922810e000,0x00007f922820e000)]
  0x00007f923820a800 JavaThread "C2 CompilerThread1" daemon [_thread_blocked, id=13833, stack(0x00007f922820f000,0x00007f922830f000)]
  0x00007f9238207800 JavaThread "C2 CompilerThread0" daemon [_thread_blocked, id=13832, stack(0x00007f9228310000,0x00007f9228410000)]
  0x00007f9238206000 JavaThread "Signal Dispatcher" daemon [_thread_blocked, id=13831, stack(0x00007f9228410000,0x00007f9228511000)]
  0x00007f92381d3000 JavaThread "Finalizer" daemon [_thread_blocked, id=13830, stack(0x00007f92287f8000,0x00007f92288f9000)]
  0x00007f92381d0800 JavaThread "Reference Handler" daemon [_thread_blocked, id=13829, stack(0x00007f92288f9000,0x00007f92289fa000)]

Other Threads:
  0x00007f92381c7000 VMThread [stack: 0x00007f92289fb000,0x00007f9228afb000] [id=13828]
  0x00007f923821c000 WatcherThread [stack: 0x00007f920806f000,0x00007f920816f000] [id=13840]

VM state:not at safepoint (normal execution)

VM Mutex/Monitor currently owned by a thread: None

heap address: 0x0000000084e00000, size: 1970 MB, Compressed Oops mode: 32-bit
Narrow klass base: 0x0000000000000000, Narrow klass shift: 3
Compressed class space size: 1073741824 Address: 0x0000000100000000

Heap:
 PSYoungGen      total 68608K, used 59951K [0x00000000d6f80000, 0x00000000df580000, 0x0000000100000000)
  eden space 63488K, 94% used [0x00000000d6f80000,0x00000000daa0bc88,0x00000000dad80000)
  from space 5120K, 0% used [0x00000000dad80000,0x00000000dad80000,0x00000000db280000)
  to   space 5120K, 0% used [0x00000000df080000,0x00000000df080000,0x00000000df580000)
 ParOldGen       total 61440K, used 8215K [0x0000000084e00000, 0x0000000088a00000, 0x00000000d6f80000)
  object space 61440K, 13% used [0x0000000084e00000,0x0000000085605f68,0x0000000088a00000)
 Metaspace       used 27064K, capacity 27412K, committed 27648K, reserved 1073152K
  class space    used 3444K, capacity 3554K, committed 3584K, reserved 1048576K

Card table byte_map: [0x00007f923efcc000,0x00007f923f3a6000] byte_map_base: 0x00007f923eba5000

Marking Bits: (ParMarkBitMap*) 0x00007f924069bc40
 Begin Bits: [0x00007f9208270000, 0x00007f920a138000)
 End Bits:   [0x00007f920a138000, 0x00007f920c000000)

Polling page: 0x00007f9240b31000

CodeCache: size=245760Kb used=7182Kb max_used=7196Kb free=238577Kb
 bounds [0x00007f9229000000, 0x00007f9229710000, 0x00007f9238000000]
 total_blobs=2770 nmethods=2315 adapters=369
 compilation: enabled

Compilation events (10 events):
Event: 173.476 Thread 0x00007f923820e800 nmethod 2334 0x00007f922912e410 code [0x00007f922912e5a0, 0x00007f922912e8b0]
Event: 173.476 Thread 0x00007f923820e800 2336       3       com.codahale.metrics.EWMA::tick (57 bytes)
Event: 173.477 Thread 0x00007f923820e800 nmethod 2336 0x00007f9229111690 code [0x00007f9229111800, 0x00007f9229111a48]
Event: 173.477 Thread 0x00007f923820e800 2338       1       java.lang.ThreadLocal::getMap (5 bytes)
Event: 173.477 Thread 0x00007f923820e800 nmethod 2338 0x00007f92291484d0 code [0x00007f9229148620, 0x00007f9229148730]
Event: 173.477 Thread 0x00007f923820e800 2337       3       com.codahale.metrics.LongAdder::sumThenReset (66 bytes)
Event: 173.477 Thread 0x00007f923820e800 nmethod 2337 0x00007f922912de50 code [0x00007f922912dfc0, 0x00007f922912e2b0]
Event: 173.477 Thread 0x00007f923820e800 2335       3       org.jvnet.hk2.internal.InstanceLifecycleEventImpl::<init> (9 bytes)
Event: 173.478 Thread 0x00007f923820e800 nmethod 2335 0x00007f9229102410 code [0x00007f9229102580, 0x00007f9229102728]
Event: 180.744 Thread 0x00007f923820e800 2339       1       java.nio.channels.spi.AbstractInterruptibleChannel::isOpen (5 bytes)

GC Heap History (8 events):
Event: 0.679 GC heap before
{Heap before GC invocations=1 (full 0):
 PSYoungGen      total 36864K, used 31744K [0x00000000d6f80000, 0x00000000d9880000, 0x0000000100000000)
  eden space 31744K, 100% used [0x00000000d6f80000,0x00000000d8e80000,0x00000000d8e80000)
  from space 5120K, 0% used [0x00000000d9380000,0x00000000d9380000,0x00000000d9880000)
  to   space 5120K, 0% used [0x00000000d8e80000,0x00000000d8e80000,0x00000000d9380000)
 ParOldGen       total 84992K, used 0K [0x0000000084e00000, 0x000000008a100000, 0x00000000d6f80000)
  object space 84992K, 0% used [0x0000000084e00000,0x0000000084e00000,0x000000008a100000)
 Metaspace       used 14189K, capacity 14368K, committed 14592K, reserved 1062912K
  class space    used 1716K, capacity 1792K, committed 1792K, reserved 1048576K
Event: 0.687 GC heap after
Heap after GC invocations=1 (full 0):
 PSYoungGen      total 36864K, used 5092K [0x00000000d6f80000, 0x00000000db780000, 0x0000000100000000)
  eden space 31744K, 0% used [0x00000000d6f80000,0x00000000d6f80000,0x00000000d8e80000)
  from space 5120K, 99% used [0x00000000d8e80000,0x00000000d93791c0,0x00000000d9380000)
  to   space 5120K, 0% used [0x00000000db280000,0x00000000db280000,0x00000000db780000)
 ParOldGen       total 84992K, used 3442K [0x0000000084e00000, 0x000000008a100000, 0x00000000d6f80000)
  object space 84992K, 4% used [0x0000000084e00000,0x000000008515c8f0,0x000000008a100000)
 Metaspace       used 14189K, capacity 14368K, committed 14592K, reserved 1062912K
  class space    used 1716K, capacity 1792K, committed 1792K, reserved 1048576K
}
Event: 1.243 GC heap before
{Heap before GC invocations=2 (full 0):
 PSYoungGen      total 36864K, used 36836K [0x00000000d6f80000, 0x00000000db780000, 0x0000000100000000)
  eden space 31744K, 100% used [0x00000000d6f80000,0x00000000d8e80000,0x00000000d8e80000)
  from space 5120K, 99% used [0x00000000d8e80000,0x00000000d93791c0,0x00000000d9380000)
  to   space 5120K, 0% used [0x00000000db280000,0x00000000db280000,0x00000000db780000)
 ParOldGen       total 84992K, used 3442K [0x0000000084e00000, 0x000000008a100000, 0x00000000d6f80000)
  object space 84992K, 4% used [0x0000000084e00000,0x000000008515c8f0,0x000000008a100000)
 Metaspace       used 18676K, capacity 18938K, committed 19072K, reserved 1067008K
  class space    used 2271K, capacity 2357K, committed 2432K, reserved 1048576K
Event: 1.255 GC heap after
Heap after GC invocations=2 (full 0):
 PSYoungGen      total 68608K, used 5104K [0x00000000d6f80000, 0x00000000db780000, 0x0000000100000000)
  eden space 63488K, 0% used [0x00000000d6f80000,0x00000000d6f80000,0x00000000dad80000)
  from space 5120K, 99% used [0x00000000db280000,0x00000000db77c010,0x00000000db780000)
  to   space 5120K, 0% used [0x00000000dad80000,0x00000000dad80000,0x00000000db280000)
 ParOldGen       total 84992K, used 6843K [0x0000000084e00000, 0x000000008a100000, 0x00000000d6f80000)
  object space 84992K, 8% used [0x0000000084e00000,0x00000000854aeee8,0x000000008a100000)
 Metaspace       used 18676K, capacity 18938K, committed 19072K, reserved 1067008K
  class space    used 2271K, capacity 2357K, committed 2432K, reserved 1048576K
}
Event: 1.449 GC heap before
{Heap before GC invocations=3 (full 0):
 PSYoungGen      total 68608K, used 15278K [0x00000000d6f80000, 0x00000000db780000, 0x0000000100000000)
  eden space 63488K, 16% used [0x00000000d6f80000,0x00000000d796f880,0x00000000dad80000)
  from space 5120K, 99% used [0x00000000db280000,0x00000000db77c010,0x00000000db780000)
  to   space 5120K, 0% used [0x00000000dad80000,0x00000000dad80000,0x00000000db280000)
 ParOldGen       total 84992K, used 6843K [0x0000000084e00000, 0x000000008a100000, 0x00000000d6f80000)
  object space 84992K, 8% used [0x0000000084e00000,0x00000000854aeee8,0x000000008a100000)
 Metaspace       used 20927K, capacity 21184K, committed 21296K, reserved 1069056K
  class space    used 2588K, capacity 2680K, committed 2688K, reserved 1048576K
Event: 1.462 GC heap after
Heap after GC invocations=3 (full 0):
 PSYoungGen      total 68608K, used 5104K [0x00000000d6f80000, 0x00000000df580000, 0x0000000100000000)
  eden space 63488K, 0% used [0x00000000d6f80000,0x00000000d6f80000,0x00000000dad80000)
  from space 5120K, 99% used [0x00000000dad80000,0x00000000db27c010,0x00000000db280000)
  to   space 5120K, 0% used [0x00000000df080000,0x00000000df080000,0x00000000df580000)
 ParOldGen       total 84992K, used 9768K [0x0000000084e00000, 0x000000008a100000, 0x00000000d6f80000)
  object space 84992K, 11% used [0x0000000084e00000,0x000000008578a160,0x000000008a100000)
 Metaspace       used 20927K, capacity 21184K, committed 21296K, reserved 1069056K
  class space    used 2588K, capacity 2680K, committed 2688K, reserved 1048576K
}
Event: 1.462 GC heap before
{Heap before GC invocations=4 (full 1):
 PSYoungGen      total 68608K, used 5104K [0x00000000d6f80000, 0x00000000df580000, 0x0000000100000000)
  eden space 63488K, 0% used [0x00000000d6f80000,0x00000000d6f80000,0x00000000dad80000)
  from space 5120K, 99% used [0x00000000dad80000,0x00000000db27c010,0x00000000db280000)
  to   space 5120K, 0% used [0x00000000df080000,0x00000000df080000,0x00000000df580000)
 ParOldGen       total 84992K, used 9768K [0x0000000084e00000, 0x000000008a100000, 0x00000000d6f80000)
  object space 84992K, 11% used [0x0000000084e00000,0x000000008578a160,0x000000008a100000)
 Metaspace       used 20927K, capacity 21184K, committed 21296K, reserved 1069056K
  class space    used 2588K, capacity 2680K, committed 2688K, reserved 1048576K
Event: 1.517 GC heap after
Heap after GC invocations=4 (full 1):
 PSYoungGen      total 68608K, used 0K [0x00000000d6f80000, 0x00000000df580000, 0x0000000100000000)
  eden space 63488K, 0% used [0x00000000d6f80000,0x00000000d6f80000,0x00000000dad80000)
  from space 5120K, 0% used [0x00000000dad80000,0x00000000dad80000,0x00000000db280000)
  to   space 5120K, 0% used [0x00000000df080000,0x00000000df080000,0x00000000df580000)
 ParOldGen       total 61440K, used 8215K [0x0000000084e00000, 0x0000000088a00000, 0x00000000d6f80000)
  object space 61440K, 13% used [0x0000000084e00000,0x0000000085605f68,0x0000000088a00000)
 Metaspace       used 20927K, capacity 21184K, committed 21296K, reserved 1069056K
  class space    used 2588K, capacity 2680K, committed 2688K, reserved 1048576K
}

Deoptimization events (10 events):
Event: 1.770 Thread 0x00007f923800a800 Uncommon trap: reason=unstable_if action=reinterpret pc=0x00007f92295a6fe8 method=java.util.Properties.loadConvert([CII[C)Ljava/lang/String; @ 57
Event: 1.833 Thread 0x00007f923800a800 Uncommon trap: reason=unstable_if action=reinterpret pc=0x00007f9229604d08 method=java.lang.Class.searchMethods([Ljava/lang/reflect/Method;Ljava/lang/String;[Ljava/lang/Class;)Ljava/lang/reflect/Method; @ 47
Event: 1.878 Thread 0x00007f923800a800 Uncommon trap: reason=unstable_if action=reinterpret pc=0x00007f9229393938 method=java.util.concurrent.ConcurrentHashMap.putVal(Ljava/lang/Object;Ljava/lang/Object;Z)Ljava/lang/Object; @ 331
Event: 22.253 Thread 0x00007f919c001000 Uncommon trap: reason=unstable_if action=reinterpret pc=0x00007f922950e2a4 method=java.lang.CharacterDataLatin1.isWhitespace(I)Z @ 14
Event: 22.253 Thread 0x00007f9164001000 Uncommon trap: reason=unstable_if action=reinterpret pc=0x00007f922956fe30 method=java.util.HashMap$HashIterator.<init>(Ljava/util/HashMap;)V @ 45
Event: 22.253 Thread 0x00007f923882b800 Uncommon trap: reason=unstable_if action=reinterpret pc=0x00007f92294b58e4 method=java.util.HashMap$HashIterator.<init>(Ljava/util/HashMap;)V @ 45
Event: 22.569 Thread 0x00007f9238830800 Uncommon trap: reason=unstable_if action=reinterpret pc=0x00007f9229474934 method=java.util.HashMap$HashIterator.<init>(Ljava/util/HashMap;)V @ 45
Event: 33.303 Thread 0x00007f9238830800 Uncommon trap: reason=unstable_if action=reinterpret pc=0x00007f92292d30e0 method=java.lang.CharacterDataLatin1.isWhitespace(I)Z @ 14
Event: 33.350 Thread 0x00007f9238830800 Uncommon trap: reason=unstable_if action=reinterpret pc=0x00007f92296acc10 method=java.util.concurrent.ConcurrentHashMap.get(Ljava/lang/Object;)Ljava/lang/Object; @ 99
Event: 36.976 Thread 0x00007f9194001000 Uncommon trap: reason=unstable_if action=reinterpret pc=0x00007f922946c6ac method=java.util.LinkedHashMap.get(Ljava/lang/Object;)Ljava/lang/Object; @ 20

Classes redefined (0 events):
No events

Internal exceptions (10 events):
Event: 0.827 Thread 0x00007f923800a800 Exception <a 'java/lang/ArrayIndexOutOfBoundsException'> (0x00000000d76694f8) thrown at [/build/java8-openjdk/src/jdk8u-jdk8u222-b05/hotspot/src/share/vm/runtime/sharedRuntime.cpp, line 605]
Event: 0.828 Thread 0x00007f923800a800 Exception <a 'java/lang/ArrayIndexOutOfBoundsException'> (0x00000000d766abf0) thrown at [/build/java8-openjdk/src/jdk8u-jdk8u222-b05/hotspot/src/share/vm/runtime/sharedRuntime.cpp, line 605]
Event: 0.829 Thread 0x00007f923800a800 Exception <a 'java/lang/ArrayIndexOutOfBoundsException'> (0x00000000d766d2a0) thrown at [/build/java8-openjdk/src/jdk8u-jdk8u222-b05/hotspot/src/share/vm/runtime/sharedRuntime.cpp, line 605]
Event: 0.830 Thread 0x00007f923800a800 Exception <a 'java/lang/ArrayIndexOutOfBoundsException'> (0x00000000d7671a78) thrown at [/build/java8-openjdk/src/jdk8u-jdk8u222-b05/hotspot/src/share/vm/runtime/sharedRuntime.cpp, line 605]
Event: 0.830 Thread 0x00007f923800a800 Exception <a 'java/lang/ArrayIndexOutOfBoundsException'> (0x00000000d7672d48) thrown at [/build/java8-openjdk/src/jdk8u-jdk8u222-b05/hotspot/src/share/vm/runtime/sharedRuntime.cpp, line 605]
Event: 0.830 Thread 0x00007f923800a800 Exception <a 'java/lang/ArrayIndexOutOfBoundsException'> (0x00000000d7677628) thrown at [/build/java8-openjdk/src/jdk8u-jdk8u222-b05/hotspot/src/share/vm/runtime/sharedRuntime.cpp, line 605]
Event: 0.831 Thread 0x00007f923800a800 Exception <a 'java/lang/ArrayIndexOutOfBoundsException'> (0x00000000d76796e0) thrown at [/build/java8-openjdk/src/jdk8u-jdk8u222-b05/hotspot/src/share/vm/runtime/sharedRuntime.cpp, line 605]
Event: 1.033 Thread 0x00007f923800a800 Implicit null exception at 0x00007f9229284bf5 to 0x00007f9229284fa5
Event: 1.034 Thread 0x00007f923800a800 Implicit null exception at 0x00007f92291ed8f6 to 0x00007f92291edca9
Event: 1.223 Thread 0x00007f923800a800 Exception <a 'java/lang/NoSuchMethodError': org.slf4j.impl.StaticMDCBinder.getSingleton()Lorg/slf4j/impl/StaticMDCBinder;> (0x00000000d8d8e610) thrown at [/build/java8-openjdk/src/jdk8u-jdk8u222-b05/hotspot/src/share/vm/interpreter/linkResolver.cpp, line 

Events (10 events):
Event: 173.472 Executing VM operation: RevokeBias done
Event: 180.741 loading class sun/misc/Signal$1
Event: 180.741 loading class sun/misc/Signal$1 done
Event: 180.742 Thread 0x00007f91f0001000 Thread added: 0x00007f91f0001000
Event: 180.742 Thread 0x00007f9154001000 Thread added: 0x00007f9154001000
Event: 180.743 Thread 0x00007f9154002800 Thread added: 0x00007f9154002800
Event: 180.744 loading class java/nio/channels/AsynchronousCloseException
Event: 180.744 loading class org/eclipse/jetty/util/FutureCallback
Event: 180.744 loading class org/eclipse/jetty/util/FutureCallback done
Event: 180.744 loading class java/nio/channels/AsynchronousCloseException done


Dynamic libraries:
84e00000-88a00000 rw-p 00000000 00:00 0 
88a00000-d6f80000 ---p 00000000 00:00 0 
d6f80000-df580000 rw-p 00000000 00:00 0 
df580000-100000000 ---p 00000000 00:00 0 
100000000-100380000 rw-p 00000000 00:00 0 
100380000-140000000 ---p 00000000 00:00 0 
55d3f077b000-55d3f077c000 r--p 00000000 fe:00 13375817                   /usr/lib/jvm/java-8-openjdk/jre/bin/java
55d3f077c000-55d3f077d000 r-xp 00001000 fe:00 13375817                   /usr/lib/jvm/java-8-openjdk/jre/bin/java
55d3f077d000-55d3f077e000 r--p 00002000 fe:00 13375817                   /usr/lib/jvm/java-8-openjdk/jre/bin/java
55d3f077e000-55d3f077f000 r--p 00002000 fe:00 13375817                   /usr/lib/jvm/java-8-openjdk/jre/bin/java
55d3f077f000-55d3f0780000 rw-p 00003000 fe:00 13375817                   /usr/lib/jvm/java-8-openjdk/jre/bin/java
55d3f1843000-55d3f1864000 rw-p 00000000 00:00 0                          [heap]
7f9148000000-7f9148021000 rw-p 00000000 00:00 0 
7f9148021000-7f914c000000 ---p 00000000 00:00 0 
7f914c000000-7f914c021000 rw-p 00000000 00:00 0 
7f914c021000-7f9150000000 ---p 00000000 00:00 0 
7f9150000000-7f9150021000 rw-p 00000000 00:00 0 
7f9150021000-7f9154000000 ---p 00000000 00:00 0 
7f9154000000-7f9154021000 rw-p 00000000 00:00 0 
7f9154021000-7f9158000000 ---p 00000000 00:00 0 
7f9158000000-7f9158021000 rw-p 00000000 00:00 0 
7f9158021000-7f915c000000 ---p 00000000 00:00 0 
7f915c000000-7f915c021000 rw-p 00000000 00:00 0 
7f915c021000-7f9160000000 ---p 00000000 00:00 0 
7f9160000000-7f9160021000 rw-p 00000000 00:00 0 
7f9160021000-7f9164000000 ---p 00000000 00:00 0 
7f9164000000-7f916404e000 rw-p 00000000 00:00 0 
7f916404e000-7f9168000000 ---p 00000000 00:00 0 
7f9168000000-7f9168021000 rw-p 00000000 00:00 0 
7f9168021000-7f916c000000 ---p 00000000 00:00 0 
7f916c000000-7f916c021000 rw-p 00000000 00:00 0 
7f916c021000-7f9170000000 ---p 00000000 00:00 0 
7f9170000000-7f9170021000 rw-p 00000000 00:00 0 
7f9170021000-7f9174000000 ---p 00000000 00:00 0 
7f9174000000-7f9174021000 rw-p 00000000 00:00 0 
7f9174021000-7f9178000000 ---p 00000000 00:00 0 
7f9178000000-7f9178021000 rw-p 00000000 00:00 0 
7f9178021000-7f917c000000 ---p 00000000 00:00 0 
7f917c000000-7f917c021000 rw-p 00000000 00:00 0 
7f917c021000-7f9180000000 ---p 00000000 00:00 0 
7f9180000000-7f9180021000 rw-p 00000000 00:00 0 
7f9180021000-7f9184000000 ---p 00000000 00:00 0 
7f9184000000-7f9184021000 rw-p 00000000 00:00 0 
7f9184021000-7f9188000000 ---p 00000000 00:00 0 
7f9188000000-7f9188021000 rw-p 00000000 00:00 0 
7f9188021000-7f918c000000 ---p 00000000 00:00 0 
7f918c000000-7f918c021000 rw-p 00000000 00:00 0 
7f918c021000-7f9190000000 ---p 00000000 00:00 0 
7f9190000000-7f9190021000 rw-p 00000000 00:00 0 
7f9190021000-7f9194000000 ---p 00000000 00:00 0 
7f9194000000-7f9194201000 rw-p 00000000 00:00 0 
7f9194201000-7f9198000000 ---p 00000000 00:00 0 
7f9198000000-7f9198021000 rw-p 00000000 00:00 0 
7f9198021000-7f919c000000 ---p 00000000 00:00 0 
7f919c000000-7f919c021000 rw-p 00000000 00:00 0 
7f919c021000-7f91a0000000 ---p 00000000 00:00 0 
7f91a0000000-7f91a0021000 rw-p 00000000 00:00 0 
7f91a0021000-7f91a4000000 ---p 00000000 00:00 0 
7f91a4000000-7f91a4021000 rw-p 00000000 00:00 0 
7f91a4021000-7f91a8000000 ---p 00000000 00:00 0 
7f91a8000000-7f91a8021000 rw-p 00000000 00:00 0 
7f91a8021000-7f91ac000000 ---p 00000000 00:00 0 
7f91ac000000-7f91ac021000 rw-p 00000000 00:00 0 
7f91ac021000-7f91b0000000 ---p 00000000 00:00 0 
7f91b0000000-7f91b0021000 rw-p 00000000 00:00 0 
7f91b0021000-7f91b4000000 ---p 00000000 00:00 0 
7f91b4000000-7f91b4021000 rw-p 00000000 00:00 0 
7f91b4021000-7f91b8000000 ---p 00000000 00:00 0 
7f91b8000000-7f91b8021000 rw-p 00000000 00:00 0 
7f91b8021000-7f91bc000000 ---p 00000000 00:00 0 
7f91bc000000-7f91bc021000 rw-p 00000000 00:00 0 
7f91bc021000-7f91c0000000 ---p 00000000 00:00 0 
7f91c0000000-7f91c0021000 rw-p 00000000 00:00 0 
7f91c0021000-7f91c4000000 ---p 00000000 00:00 0 
7f91c4000000-7f91c4067000 rw-p 00000000 00:00 0 
7f91c4067000-7f91c8000000 ---p 00000000 00:00 0 
7f91c9ae1000-7f91c9ae4000 ---p 00000000 00:00 0 
7f91c9ae4000-7f91c9be2000 rw-p 00000000 00:00 0 
7f91c9be2000-7f91c9be5000 ---p 00000000 00:00 0 
7f91c9be5000-7f91c9ce3000 rw-p 00000000 00:00 0 
7f91c9ce3000-7f91c9ce6000 ---p 00000000 00:00 0 
7f91c9ce6000-7f91c9de4000 rw-p 00000000 00:00 0 
7f91c9de4000-7f91c9de7000 ---p 00000000 00:00 0 
7f91c9de7000-7f91ca065000 rw-p 00000000 00:00 0 
7f91ca065000-7f91ca0e5000 ---p 00000000 00:00 0 
7f91ca0e5000-7f91ca0e8000 ---p 00000000 00:00 0 
7f91ca0e8000-7f91ca1e6000 rw-p 00000000 00:00 0 
7f91ca1e6000-7f91ca1e9000 ---p 00000000 00:00 0 
7f91ca1e9000-7f91ca2e7000 rw-p 00000000 00:00 0 
7f91ca2e7000-7f91ca2ea000 ---p 00000000 00:00 0 
7f91ca2ea000-7f91ca3e8000 rw-p 00000000 00:00 0 
7f91ca3e8000-7f91ca3eb000 ---p 00000000 00:00 0 
7f91ca3eb000-7f91ca4e9000 rw-p 00000000 00:00 0 
7f91ca4e9000-7f91ca4ec000 ---p 00000000 00:00 0 
7f91ca4ec000-7f91ca5ea000 rw-p 00000000 00:00 0 
7f91ca5ea000-7f91ca5ed000 ---p 00000000 00:00 0 
7f91ca5ed000-7f91ca6eb000 rw-p 00000000 00:00 0 
7f91ca6eb000-7f91ca6ee000 ---p 00000000 00:00 0 
7f91ca6ee000-7f91ca7ec000 rw-p 00000000 00:00 0 
7f91ca7ec000-7f91ca7ef000 ---p 00000000 00:00 0 
7f91ca7ef000-7f91ca8ed000 rw-p 00000000 00:00 0 
7f91ca8ed000-7f91ca8f0000 ---p 00000000 00:00 0 
7f91ca8f0000-7f91ca9ee000 rw-p 00000000 00:00 0 
7f91ca9ee000-7f91ca9f1000 ---p 00000000 00:00 0 
7f91ca9f1000-7f91caaef000 rw-p 00000000 00:00 0 
7f91caaef000-7f91caaf2000 ---p 00000000 00:00 0 
7f91caaf2000-7f91cabf0000 rw-p 00000000 00:00 0 
7f91cabf0000-7f91cabf3000 ---p 00000000 00:00 0 
7f91cabf3000-7f91cacf1000 rw-p 00000000 00:00 0 
7f91cacf1000-7f91cacf4000 ---p 00000000 00:00 0 
7f91cacf4000-7f91cadf2000 rw-p 00000000 00:00 0 
7f91cadf2000-7f91cadf5000 ---p 00000000 00:00 0 
7f91cadf5000-7f91caef3000 rw-p 00000000 00:00 0 
7f91caef3000-7f91caef6000 ---p 00000000 00:00 0 
7f91caef6000-7f91caff4000 rw-p 00000000 00:00 0 
7f91caff4000-7f91caff7000 ---p 00000000 00:00 0 
7f91caff7000-7f91cb0f5000 rw-p 00000000 00:00 0 
7f91cb0f5000-7f91cb0f8000 ---p 00000000 00:00 0 
7f91cb0f8000-7f91cb1f6000 rw-p 00000000 00:00 0 
7f91cb1f6000-7f91cb1f9000 ---p 00000000 00:00 0 
7f91cb1f9000-7f91cb2f7000 rw-p 00000000 00:00 0 
7f91cb2f7000-7f91cb2fa000 ---p 00000000 00:00 0 
7f91cb2fa000-7f91cb3f8000 rw-p 00000000 00:00 0 
7f91cb3f8000-7f91cb3fb000 ---p 00000000 00:00 0 
7f91cb3fb000-7f91cb6f9000 rw-p 00000000 00:00 0 
7f91cb6f9000-7f91cb6fc000 ---p 00000000 00:00 0 
7f91cb6fc000-7f91cb9fa000 rw-p 00000000 00:00 0 
7f91cb9fa000-7f91cb9fd000 ---p 00000000 00:00 0 
7f91cb9fd000-7f91cbafb000 rw-p 00000000 00:00 0 
7f91cbafb000-7f91cbafe000 ---p 00000000 00:00 0 
7f91cbafe000-7f91cbbfc000 rw-p 00000000 00:00 0 
7f91cbbfc000-7f91cbbff000 ---p 00000000 00:00 0 
7f91cbbff000-7f91cbcfd000 rw-p 00000000 00:00 0 
7f91cbcfd000-7f91cbd00000 ---p 00000000 00:00 0 
7f91cbd00000-7f91cbdfe000 rw-p 00000000 00:00 0 
7f91cbdfe000-7f91cbe01000 ---p 00000000 00:00 0 
7f91cbe01000-7f91cbeff000 rw-p 00000000 00:00 0 
7f91cbeff000-7f91cbf02000 ---p 00000000 00:00 0 
7f91cbf02000-7f91cc000000 rw-p 00000000 00:00 0 
7f91cc000000-7f91cc021000 rw-p 00000000 00:00 0 
7f91cc021000-7f91d0000000 ---p 00000000 00:00 0 
7f91d0000000-7f91d038c000 rw-p 00000000 00:00 0 
7f91d038c000-7f91d4000000 ---p 00000000 00:00 0 
7f91d4000000-7f91d4021000 rw-p 00000000 00:00 0 
7f91d4021000-7f91d8000000 ---p 00000000 00:00 0 
7f91d8000000-7f91d8021000 rw-p 00000000 00:00 0 
7f91d8021000-7f91dc000000 ---p 00000000 00:00 0 
7f91dc0e5000-7f91dc0e8000 ---p 00000000 00:00 0 
7f91dc0e8000-7f91dc1e6000 rw-p 00000000 00:00 0 
7f91dc1e6000-7f91dc1e9000 ---p 00000000 00:00 0 
7f91dc1e9000-7f91dc2e7000 rw-p 00000000 00:00 0 
7f91dc2e7000-7f91dc2ea000 ---p 00000000 00:00 0 
7f91dc2ea000-7f91dc5e8000 rw-p 00000000 00:00 0 
7f91dc5e8000-7f91dc5eb000 ---p 00000000 00:00 0 
7f91dc5eb000-7f91dc8e9000 rw-p 00000000 00:00 0 
7f91dc8e9000-7f91dcae9000 rw-p 00000000 00:00 0 
7f91dcae9000-7f91dfcea000 rw-p 00000000 00:00 0 
7f91dfcea000-7f91dfeea000 rw-p 00000000 00:00 0 
7f91dfeea000-7f91e0000000 r--s 00d01000 fe:00 2621727                    /home/markg/Documents/Fourth year/Distributed Systems/subPart2/target/original-DropWizardExample-1.0-SNAPSHOT.jar
7f91e0000000-7f91e0494000 rw-p 00000000 00:00 0 
7f91e0494000-7f91e4000000 ---p 00000000 00:00 0 
7f91e4000000-7f91e4021000 rw-p 00000000 00:00 0 
7f91e4021000-7f91e8000000 ---p 00000000 00:00 0 
7f91e8000000-7f91e86c2000 rw-p 00000000 00:00 0 
7f91e86c2000-7f91ec000000 ---p 00000000 00:00 0 
7f91ec000000-7f91ee01a000 rw-p 00000000 00:00 0 
7f91ee01a000-7f91f0000000 ---p 00000000 00:00 0 
7f91f0000000-7f91f0021000 rw-p 00000000 00:00 0 
7f91f0021000-7f91f4000000 ---p 00000000 00:00 0 
7f91f4000000-7f91f614b000 rw-p 00000000 00:00 0 
7f91f614b000-7f91f8000000 ---p 00000000 00:00 0 
7f91f8000000-7f91f8021000 rw-p 00000000 00:00 0 
7f91f8021000-7f91fc000000 ---p 00000000 00:00 0 
7f91fc000000-7f91fc021000 rw-p 00000000 00:00 0 
7f91fc021000-7f9200000000 ---p 00000000 00:00 0 
7f9200000000-7f9200132000 rw-p 00000000 00:00 0 
7f9200132000-7f9204000000 ---p 00000000 00:00 0 
7f9204000000-7f9204021000 rw-p 00000000 00:00 0 
7f9204021000-7f9208000000 ---p 00000000 00:00 0 
7f9208059000-7f9208060000 r--p 00000000 fe:00 13375866                   /usr/lib/jvm/java-8-openjdk/jre/lib/amd64/libnio.so
7f9208060000-7f9208068000 r-xp 00007000 fe:00 13375866                   /usr/lib/jvm/java-8-openjdk/jre/lib/amd64/libnio.so
7f9208068000-7f920806b000 r--p 0000f000 fe:00 13375866                   /usr/lib/jvm/java-8-openjdk/jre/lib/amd64/libnio.so
7f920806b000-7f920806c000 ---p 00012000 fe:00 13375866                   /usr/lib/jvm/java-8-openjdk/jre/lib/amd64/libnio.so
7f920806c000-7f920806d000 r--p 00012000 fe:00 13375866                   /usr/lib/jvm/java-8-openjdk/jre/lib/amd64/libnio.so
7f920806d000-7f920806e000 rw-p 00013000 fe:00 13375866                   /usr/lib/jvm/java-8-openjdk/jre/lib/amd64/libnio.so
7f920806e000-7f920806f000 ---p 00000000 00:00 0 
7f920806f000-7f920816f000 rw-p 00000000 00:00 0 
7f920816f000-7f9208172000 ---p 00000000 00:00 0 
7f9208172000-7f920c000000 rw-p 00000000 00:00 0 
7f920c000000-7f920c021000 rw-p 00000000 00:00 0 
7f920c021000-7f9210000000 ---p 00000000 00:00 0 
7f9210000000-7f9210021000 rw-p 00000000 00:00 0 
7f9210021000-7f9214000000 ---p 00000000 00:00 0 
7f9214000000-7f9214021000 rw-p 00000000 00:00 0 
7f9214021000-7f9218000000 ---p 00000000 00:00 0 
7f9218000000-7f9218021000 rw-p 00000000 00:00 0 
7f9218021000-7f921c000000 ---p 00000000 00:00 0 
7f921c000000-7f921c021000 rw-p 00000000 00:00 0 
7f921c021000-7f9220000000 ---p 00000000 00:00 0 
7f9220000000-7f9220021000 rw-p 00000000 00:00 0 
7f9220021000-7f9224000000 ---p 00000000 00:00 0 
7f9224000000-7f9224021000 rw-p 00000000 00:00 0 
7f9224021000-7f9228000000 ---p 00000000 00:00 0 
7f922800c000-7f922800d000 ---p 00000000 00:00 0 
7f922800d000-7f9228010000 ---p 00000000 00:00 0 
7f9228010000-7f922810d000 rw-p 00000000 00:00 0 
7f922810d000-7f922810e000 ---p 00000000 00:00 0 
7f922810e000-7f9228111000 ---p 00000000 00:00 0 
7f9228111000-7f922820e000 rw-p 00000000 00:00 0 
7f922820e000-7f922820f000 ---p 00000000 00:00 0 
7f922820f000-7f9228212000 ---p 00000000 00:00 0 
7f9228212000-7f922830f000 rw-p 00000000 00:00 0 
7f922830f000-7f9228310000 ---p 00000000 00:00 0 
7f9228310000-7f9228313000 ---p 00000000 00:00 0 
7f9228313000-7f9228410000 rw-p 00000000 00:00 0 
7f9228410000-7f9228413000 ---p 00000000 00:00 0 
7f9228413000-7f9228511000 rw-p 00000000 00:00 0 
7f9228511000-7f92287f8000 r--p 00000000 fe:00 12469736                   /usr/lib/locale/locale-archive
7f92287f8000-7f92287fb000 ---p 00000000 00:00 0 
7f92287fb000-7f92288f9000 rw-p 00000000 00:00 0 
7f92288f9000-7f92288fc000 ---p 00000000 00:00 0 
7f92288fc000-7f92289fa000 rw-p 00000000 00:00 0 
7f92289fa000-7f92289fb000 ---p 00000000 00:00 0 
7f92289fb000-7f9229000000 rw-p 00000000 00:00 0 
7f9229000000-7f9229710000 rwxp 00000000 00:00 0 
7f9229710000-7f9238000000 ---p 00000000 00:00 0 
7f9238000000-7f9238bad000 rw-p 00000000 00:00 0 
7f9238bad000-7f923c000000 ---p 00000000 00:00 0 
7f923c00a000-7f923c00f000 r--p 00000000 fe:00 13375865                   /usr/lib/jvm/java-8-openjdk/jre/lib/amd64/libnet.so
7f923c00f000-7f923c01e000 r-xp 00005000 fe:00 13375865                   /usr/lib/jvm/java-8-openjdk/jre/lib/amd64/libnet.so
7f923c01e000-7f923c022000 r--p 00014000 fe:00 13375865                   /usr/lib/jvm/java-8-openjdk/jre/lib/amd64/libnet.so
7f923c022000-7f923c023000 r--p 00017000 fe:00 13375865                   /usr/lib/jvm/java-8-openjdk/jre/lib/amd64/libnet.so
7f923c023000-7f923c024000 rw-p 00018000 fe:00 13375865                   /usr/lib/jvm/java-8-openjdk/jre/lib/amd64/libnet.so
7f923c024000-7f923c028000 r--p 00000000 fe:00 13375863                   /usr/lib/jvm/java-8-openjdk/jre/lib/amd64/libmanagement.so
7f923c028000-7f923c02b000 r-xp 00004000 fe:00 13375863                   /usr/lib/jvm/java-8-openjdk/jre/lib/amd64/libmanagement.so
7f923c02b000-7f923c02d000 r--p 00007000 fe:00 13375863                   /usr/lib/jvm/java-8-openjdk/jre/lib/amd64/libmanagement.so
7f923c02d000-7f923c02e000 r--p 00008000 fe:00 13375863                   /usr/lib/jvm/java-8-openjdk/jre/lib/amd64/libmanagement.so
7f923c02e000-7f923c02f000 rw-p 00009000 fe:00 13375863                   /usr/lib/jvm/java-8-openjdk/jre/lib/amd64/libmanagement.so
7f923c02f000-7f923d693000 rw-p 00000000 00:00 0 
7f923d693000-7f923d862000 r--s 03c3d000 fe:00 13375839                   /usr/lib/jvm/java-8-openjdk/jre/lib/rt.jar
7f923d862000-7f923e533000 rw-p 00000000 00:00 0 
7f923e533000-7f923e534000 ---p 00000000 00:00 0 
7f923e534000-7f923e634000 rw-p 00000000 00:00 0 
7f923e634000-7f923e635000 ---p 00000000 00:00 0 
7f923e635000-7f923e735000 rw-p 00000000 00:00 0 
7f923e735000-7f923e736000 ---p 00000000 00:00 0 
7f923e736000-7f923e836000 rw-p 00000000 00:00 0 
7f923e836000-7f923e837000 ---p 00000000 00:00 0 
7f923e837000-7f923e937000 rw-p 00000000 00:00 0 
7f923e937000-7f923e938000 ---p 00000000 00:00 0 
7f923e938000-7f923ea38000 rw-p 00000000 00:00 0 
7f923ea38000-7f923ea39000 ---p 00000000 00:00 0 
7f923ea39000-7f923eb39000 rw-p 00000000 00:00 0 
7f923eb39000-7f923eb3a000 ---p 00000000 00:00 0 
7f923eb3a000-7f923ec3a000 rw-p 00000000 00:00 0 
7f923ec3a000-7f923ec3b000 ---p 00000000 00:00 0 
7f923ec3b000-7f923ed59000 rw-p 00000000 00:00 0 
7f923ed59000-7f923efcc000 ---p 00000000 00:00 0 
7f923efcc000-7f923efea000 rw-p 00000000 00:00 0 
7f923efea000-7f923f25c000 ---p 00000000 00:00 0 
7f923f25c000-7f923f2a0000 rw-p 00000000 00:00 0 
7f923f2a0000-7f923f3a5000 ---p 00000000 00:00 0 
7f923f3a5000-7f923f3c3000 rw-p 00000000 00:00 0 
7f923f3c3000-7f923f766000 ---p 00000000 00:00 0 
7f923f766000-7f923f769000 r--p 00000000 fe:00 13375874                   /usr/lib/jvm/java-8-openjdk/jre/lib/amd64/libzip.so
7f923f769000-7f923f76d000 r-xp 00003000 fe:00 13375874                   /usr/lib/jvm/java-8-openjdk/jre/lib/amd64/libzip.so
7f923f76d000-7f923f76f000 r--p 00007000 fe:00 13375874                   /usr/lib/jvm/java-8-openjdk/jre/lib/amd64/libzip.so
7f923f76f000-7f923f770000 r--p 00008000 fe:00 13375874                   /usr/lib/jvm/java-8-openjdk/jre/lib/amd64/libzip.so
7f923f770000-7f923f771000 rw-p 00009000 fe:00 13375874                   /usr/lib/jvm/java-8-openjdk/jre/lib/amd64/libzip.so
7f923f771000-7f923f77e000 r--p 00000000 fe:00 13375853                   /usr/lib/jvm/java-8-openjdk/jre/lib/amd64/libjava.so
7f923f77e000-7f923f794000 r-xp 0000d000 fe:00 13375853                   /usr/lib/jvm/java-8-openjdk/jre/lib/amd64/libjava.so
7f923f794000-7f923f79b000 r--p 00023000 fe:00 13375853                   /usr/lib/jvm/java-8-openjdk/jre/lib/amd64/libjava.so
7f923f79b000-7f923f79c000 r--p 00029000 fe:00 13375853                   /usr/lib/jvm/java-8-openjdk/jre/lib/amd64/libjava.so
7f923f79c000-7f923f79d000 rw-p 0002a000 fe:00 13375853                   /usr/lib/jvm/java-8-openjdk/jre/lib/amd64/libjava.so
7f923f79d000-7f923f79e000 rw-p 00000000 00:00 0 
7f923f79e000-7f923f7a1000 r--p 00000000 fe:00 12469723                   /usr/lib/librt-2.30.so
7f923f7a1000-7f923f7a5000 r-xp 00003000 fe:00 12469723                   /usr/lib/librt-2.30.so
7f923f7a5000-7f923f7a7000 r--p 00007000 fe:00 12469723                   /usr/lib/librt-2.30.so
7f923f7a7000-7f923f7a8000 r--p 00008000 fe:00 12469723                   /usr/lib/librt-2.30.so
7f923f7a8000-7f923f7a9000 rw-p 00009000 fe:00 12469723                   /usr/lib/librt-2.30.so
7f923f7a9000-7f923f7aa000 ---p 00000000 00:00 0 
7f923f7aa000-7f923f7ad000 ---p 00000000 00:00 0 
7f923f7ad000-7f923f8aa000 rw-p 00000000 00:00 0 
7f923f8aa000-7f923f8b9000 r--p 00000000 fe:00 12460585                   /usr/lib/libm-2.30.so
7f923f8b9000-7f923f955000 r-xp 0000f000 fe:00 12460585                   /usr/lib/libm-2.30.so
7f923f955000-7f923f9ee000 r--p 000ab000 fe:00 12460585                   /usr/lib/libm-2.30.so
7f923f9ee000-7f923f9ef000 r--p 00143000 fe:00 12460585                   /usr/lib/libm-2.30.so
7f923f9ef000-7f923f9f0000 rw-p 00144000 fe:00 12460585                   /usr/lib/libm-2.30.so
7f923f9f0000-7f923fbe1000 r--p 00000000 fe:00 13375877                   /usr/lib/jvm/java-8-openjdk/jre/lib/amd64/server/libjvm.so
7f923fbe1000-7f9240429000 r-xp 001f1000 fe:00 13375877                   /usr/lib/jvm/java-8-openjdk/jre/lib/amd64/server/libjvm.so
7f9240429000-7f92405cb000 r--p 00a39000 fe:00 13375877                   /usr/lib/jvm/java-8-openjdk/jre/lib/amd64/server/libjvm.so
7f92405cb000-7f9240660000 r--p 00bda000 fe:00 13375877                   /usr/lib/jvm/java-8-openjdk/jre/lib/amd64/server/libjvm.so
7f9240660000-7f9240688000 rw-p 00c6f000 fe:00 13375877                   /usr/lib/jvm/java-8-openjdk/jre/lib/amd64/server/libjvm.so
7f9240688000-7f92406ba000 rw-p 00000000 00:00 0 
7f92406ba000-7f92406c1000 r--p 00000000 fe:00 12460614                   /usr/lib/libpthread-2.30.so
7f92406c1000-7f92406d1000 r-xp 00007000 fe:00 12460614                   /usr/lib/libpthread-2.30.so
7f92406d1000-7f92406d6000 r--p 00017000 fe:00 12460614                   /usr/lib/libpthread-2.30.so
7f92406d6000-7f92406d7000 r--p 0001b000 fe:00 12460614                   /usr/lib/libpthread-2.30.so
7f92406d7000-7f92406d8000 rw-p 0001c000 fe:00 12460614                   /usr/lib/libpthread-2.30.so
7f92406d8000-7f92406dc000 rw-p 00000000 00:00 0 
7f92406dc000-7f92406dd000 r--p 00000000 fe:00 12460579                   /usr/lib/libdl-2.30.so
7f92406dd000-7f92406de000 r-xp 00001000 fe:00 12460579                   /usr/lib/libdl-2.30.so
7f92406de000-7f92406df000 r--p 00002000 fe:00 12460579                   /usr/lib/libdl-2.30.so
7f92406df000-7f92406e0000 r--p 00002000 fe:00 12460579                   /usr/lib/libdl-2.30.so
7f92406e0000-7f92406e1000 rw-p 00003000 fe:00 12460579                   /usr/lib/libdl-2.30.so
7f92406e1000-7f92406f7000 r-xp 00000000 fe:00 12458046                   /usr/lib/libz.so.1.2.11
7f92406f7000-7f92408f6000 ---p 00016000 fe:00 12458046                   /usr/lib/libz.so.1.2.11
7f92408f6000-7f92408f7000 r--p 00015000 fe:00 12458046                   /usr/lib/libz.so.1.2.11
7f92408f7000-7f92408f8000 rw-p 00016000 fe:00 12458046                   /usr/lib/libz.so.1.2.11
7f92408f8000-7f924091d000 r--p 00000000 fe:00 12460570                   /usr/lib/libc-2.30.so
7f924091d000-7f9240a6a000 r-xp 00025000 fe:00 12460570                   /usr/lib/libc-2.30.so
7f9240a6a000-7f9240ab4000 r--p 00172000 fe:00 12460570                   /usr/lib/libc-2.30.so
7f9240ab4000-7f9240ab5000 ---p 001bc000 fe:00 12460570                   /usr/lib/libc-2.30.so
7f9240ab5000-7f9240ab8000 r--p 001bc000 fe:00 12460570                   /usr/lib/libc-2.30.so
7f9240ab8000-7f9240abb000 rw-p 001bf000 fe:00 12460570                   /usr/lib/libc-2.30.so
7f9240abb000-7f9240abf000 rw-p 00000000 00:00 0 
7f9240ac7000-7f9240acf000 rw-s 00000000 00:2e 43                         /tmp/hsperfdata_markg/13818
7f9240acf000-7f9240ad2000 r--p 00000000 fe:00 12460607                   /usr/lib/libnss_files-2.30.so
7f9240ad2000-7f9240ad9000 r-xp 00003000 fe:00 12460607                   /usr/lib/libnss_files-2.30.so
7f9240ad9000-7f9240adb000 r--p 0000a000 fe:00 12460607                   /usr/lib/libnss_files-2.30.so
7f9240adb000-7f9240adc000 r--p 0000b000 fe:00 12460607                   /usr/lib/libnss_files-2.30.so
7f9240adc000-7f9240add000 rw-p 0000c000 fe:00 12460607                   /usr/lib/libnss_files-2.30.so
7f9240add000-7f9240ae4000 rw-p 00000000 00:00 0 
7f9240ae4000-7f9240ae9000 r--p 00000000 fe:00 13375873                   /usr/lib/jvm/java-8-openjdk/jre/lib/amd64/libverify.so
7f9240ae9000-7f9240af0000 r-xp 00005000 fe:00 13375873                   /usr/lib/jvm/java-8-openjdk/jre/lib/amd64/libverify.so
7f9240af0000-7f9240af2000 r--p 0000c000 fe:00 13375873                   /usr/lib/jvm/java-8-openjdk/jre/lib/amd64/libverify.so
7f9240af2000-7f9240af4000 r--p 0000d000 fe:00 13375873                   /usr/lib/jvm/java-8-openjdk/jre/lib/amd64/libverify.so
7f9240af4000-7f9240af5000 rw-p 0000f000 fe:00 13375873                   /usr/lib/jvm/java-8-openjdk/jre/lib/amd64/libverify.so
7f9240af5000-7f9240af8000 r--p 00000000 fe:00 13375875                   /usr/lib/jvm/java-8-openjdk/jre/lib/amd64/jli/libjli.so
7f9240af8000-7f9240b01000 r-xp 00003000 fe:00 13375875                   /usr/lib/jvm/java-8-openjdk/jre/lib/amd64/jli/libjli.so
7f9240b01000-7f9240b04000 r--p 0000c000 fe:00 13375875                   /usr/lib/jvm/java-8-openjdk/jre/lib/amd64/jli/libjli.so
7f9240b04000-7f9240b05000 r--p 0000e000 fe:00 13375875                   /usr/lib/jvm/java-8-openjdk/jre/lib/amd64/jli/libjli.so
7f9240b05000-7f9240b06000 rw-p 0000f000 fe:00 13375875                   /usr/lib/jvm/java-8-openjdk/jre/lib/amd64/jli/libjli.so
7f9240b06000-7f9240b08000 rw-p 00000000 00:00 0 
7f9240b08000-7f9240b0a000 r--p 00000000 fe:00 12460559                   /usr/lib/ld-2.30.so
7f9240b0a000-7f9240b29000 r-xp 00002000 fe:00 12460559                   /usr/lib/ld-2.30.so
7f9240b29000-7f9240b31000 r--p 00021000 fe:00 12460559                   /usr/lib/ld-2.30.so
7f9240b31000-7f9240b32000 r--p 00000000 00:00 0 
7f9240b32000-7f9240b33000 r--p 00029000 fe:00 12460559                   /usr/lib/ld-2.30.so
7f9240b33000-7f9240b34000 rw-p 0002a000 fe:00 12460559                   /usr/lib/ld-2.30.so
7f9240b34000-7f9240b35000 rw-p 00000000 00:00 0 
7ffd706a4000-7ffd706c6000 rw-p 00000000 00:00 0                          [stack]
7ffd706dc000-7ffd706df000 r--p 00000000 00:00 0                          [vvar]
7ffd706df000-7ffd706e0000 r-xp 00000000 00:00 0                          [vdso]

VM Arguments:
java_command: target/DropWizardExample-1.0-SNAPSHOT.jar server
java_class_path (initial): target/DropWizardExample-1.0-SNAPSHOT.jar
Launcher Type: SUN_STANDARD

Environment Variables:
JAVA_HOME=/usr/lib/jvm/jdk-jetbrains
PATH=/home/markg/anaconda3/bin:/home/markg/anaconda3/condabin:/home/markg/.local/bin:/usr/local/bin:/usr/local/sbin:/usr/bin:/usr/lib/jvm/default/bin:/usr/bin/site_perl:/usr/bin/vendor_perl:/usr/bin/core_perl:/var/lib/snapd/snap/bin
USERNAME=markg
SHELL=/bin/bash
DISPLAY=:1

Signal Handlers:
SIGSEGV: [libjvm.so+0xa09100], sa_mask[0]=11111111011111111101111111111110, sa_flags=SA_RESTART|SA_SIGINFO
SIGBUS: [libjvm.so+0xa09100], sa_mask[0]=11111111011111111101111111111110, sa_flags=SA_RESTART|SA_SIGINFO
SIGFPE: [libjvm.so+0x86be80], sa_mask[0]=11111111011111111101111111111110, sa_flags=SA_RESTART|SA_SIGINFO
SIGPIPE: [libjvm.so+0x86be80], sa_mask[0]=11111111011111111101111111111110, sa_flags=SA_RESTART|SA_SIGINFO
SIGXFSZ: [libjvm.so+0x86be80], sa_mask[0]=11111111011111111101111111111110, sa_flags=SA_RESTART|SA_SIGINFO
SIGILL: [libjvm.so+0x86be80], sa_mask[0]=11111111011111111101111111111110, sa_flags=SA_RESTART|SA_SIGINFO
SIGUSR1: SIG_DFL, sa_mask[0]=00000000000000000000000000000000, sa_flags=none
SIGUSR2: [libjvm.so+0x86bd40], sa_mask[0]=00100000000000000000000000000000, sa_flags=SA_RESTART|SA_SIGINFO
SIGHUP: [libjvm.so+0x86c120], sa_mask[0]=11111111011111111101111111111110, sa_flags=SA_RESTART|SA_SIGINFO
SIGINT: [libjvm.so+0x86c120], sa_mask[0]=11111111011111111101111111111110, sa_flags=SA_RESTART|SA_SIGINFO
SIGTERM: [libjvm.so+0x86c120], sa_mask[0]=11111111011111111101111111111110, sa_flags=SA_RESTART|SA_SIGINFO
SIGQUIT: [libjvm.so+0x86c120], sa_mask[0]=11111111011111111101111111111110, sa_flags=SA_RESTART|SA_SIGINFO


---------------  S Y S T E M  ---------------

OS:DISTRIB_ID=ManjaroLinux
DISTRIB_RELEASE=18.1.1
DISTRIB_CODENAME=Juhraya
DISTRIB_DESCRIPTION="Manjaro Linux"

uname:Linux 5.2.21-1-MANJARO #1 SMP PREEMPT Sat Oct 12 11:09:56 UTC 2019 x86_64
libc:glibc 2.30 NPTL 2.30 
rlimit: STACK 8192k, CORE infinity, NPROC 31420, NOFILE 1048576, AS infinity
load average:1.30 1.39 1.29

/proc/meminfo:
MemTotal:        8064344 kB
MemFree:          856256 kB
MemAvailable:    3102280 kB
Buffers:          288064 kB
Cached:          2510852 kB
SwapCached:            0 kB
Active:          5256516 kB
Inactive:        1232296 kB
Active(anon):    3905108 kB
Inactive(anon):   201896 kB
Active(file):    1351408 kB
Inactive(file):  1030400 kB
Unevictable:      269144 kB
Mlocked:              64 kB
SwapTotal:             0 kB
SwapFree:              0 kB
Dirty:             26212 kB
Writeback:             0 kB
AnonPages:       3959044 kB
Mapped:           687224 kB
Shmem:            495416 kB
KReclaimable:     172064 kB
Slab:             270560 kB
SReclaimable:     172064 kB
SUnreclaim:        98496 kB
KernelStack:       17440 kB
PageTables:        32956 kB
NFS_Unstable:          0 kB
Bounce:                0 kB
WritebackTmp:          0 kB
CommitLimit:     4032172 kB
Committed_AS:    9996612 kB
VmallocTotal:   34359738367 kB
VmallocUsed:           0 kB
VmallocChunk:          0 kB
Percpu:             4800 kB
HardwareCorrupted:     0 kB
AnonHugePages:         0 kB
ShmemHugePages:        0 kB
ShmemPmdMapped:        0 kB
HugePages_Total:       0
HugePages_Free:        0
HugePages_Rsvd:        0
HugePages_Surp:        0
Hugepagesize:       2048 kB
Hugetlb:               0 kB
DirectMap4k:      289716 kB
DirectMap2M:     6948864 kB
DirectMap1G:     2097152 kB

container (cgroup) information:
container_type: cgroupv1
cpu_cpuset_cpus: 0-7
cpu_memory_nodes: 0
active_processor_count: 8
cpu_quota: -1
cpu_period: 100000
cpu_shares: -1
memory_limit_in_bytes: -1
memory_and_swap_limit_in_bytes: -1
memory_soft_limit_in_bytes: -1
memory_usage_in_bytes: 6400528384
memory_max_usage_in_bytes: 7246917632


CPU:total 8 (initial active 8) (4 cores per cpu, 2 threads per core) family 6 model 142 stepping 10, cmov, cx8, fxsr, mmx, sse, sse2, sse3, ssse3, sse4.1, sse4.2, popcnt, avx, avx2, aes, clmul, erms, 3dnowpref, lzcnt, ht, tsc, tscinvbit, bmi1, bmi2, adx

/proc/cpuinfo:
processor	: 0
vendor_id	: GenuineIntel
cpu family	: 6
model		: 142
model name	: Intel(R) Core(TM) i7-8550U CPU @ 1.80GHz
stepping	: 10
microcode	: 0xb4
cpu MHz		: 800.050
cache size	: 8192 KB
physical id	: 0
siblings	: 8
core id		: 0
cpu cores	: 4
apicid		: 0
initial apicid	: 0
fpu		: yes
fpu_exception	: yes
cpuid level	: 22
wp		: yes
flags		: fpu vme de pse tsc msr pae mce cx8 apic sep mtrr pge mca cmov pat pse36 clflush dts acpi mmx fxsr sse sse2 ss ht tm pbe syscall nx pdpe1gb rdtscp lm constant_tsc art arch_perfmon pebs bts rep_good nopl xtopology nonstop_tsc cpuid aperfmperf tsc_known_freq pni pclmulqdq dtes64 monitor ds_cpl vmx est tm2 ssse3 sdbg fma cx16 xtpr pdcm pcid sse4_1 sse4_2 x2apic movbe popcnt tsc_deadline_timer aes xsave avx f16c rdrand lahf_lm abm 3dnowprefetch cpuid_fault epb invpcid_single pti ssbd ibrs ibpb stibp tpr_shadow vnmi flexpriority ept vpid ept_ad fsgsbase tsc_adjust bmi1 avx2 smep bmi2 erms invpcid mpx rdseed adx smap clflushopt intel_pt xsaveopt xsavec xgetbv1 xsaves dtherm ida arat pln pts hwp hwp_notify hwp_act_window hwp_epp md_clear flush_l1d
bugs		: cpu_meltdown spectre_v1 spectre_v2 spec_store_bypass l1tf mds swapgs
bogomips	: 3985.00
clflush size	: 64
cache_alignment	: 64
address sizes	: 39 bits physical, 48 bits virtual
power management:

processor	: 1
vendor_id	: GenuineIntel
cpu family	: 6
model		: 142
model name	: Intel(R) Core(TM) i7-8550U CPU @ 1.80GHz
stepping	: 10
microcode	: 0xb4
cpu MHz		: 800.414
cache size	: 8192 KB
physical id	: 0
siblings	: 8
core id		: 1
cpu cores	: 4
apicid		: 2
initial apicid	: 2
fpu		: yes
fpu_exception	: yes
cpuid level	: 22
wp		: yes
flags		: fpu vme de pse tsc msr pae mce cx8 apic sep mtrr pge mca cmov pat pse36 clflush dts acpi mmx fxsr sse sse2 ss ht tm pbe syscall nx pdpe1gb rdtscp lm constant_tsc art arch_perfmon pebs bts rep_good nopl xtopology nonstop_tsc cpuid aperfmperf tsc_known_freq pni pclmulqdq dtes64 monitor ds_cpl vmx est tm2 ssse3 sdbg fma cx16 xtpr pdcm pcid sse4_1 sse4_2 x2apic movbe popcnt tsc_deadline_timer aes xsave avx f16c rdrand lahf_lm abm 3dnowprefetch cpuid_fault epb invpcid_single pti ssbd ibrs ibpb stibp tpr_shadow vnmi flexpriority ept vpid ept_ad fsgsbase tsc_adjust bmi1 avx2 smep bmi2 erms invpcid mpx rdseed adx smap clflushopt intel_pt xsaveopt xsavec xgetbv1 xsaves dtherm ida arat pln pts hwp hwp_notify hwp_act_window hwp_epp md_clear flush_l1d
bugs		: cpu_meltdown spectre_v1 spectre_v2 spec_store_bypass l1tf mds swapgs
bogomips	: 3985.00
clflush size	: 64
cache_alignment	: 64
address sizes	: 39 bits physical, 48 bits virtual
power management:

processor	: 2
vendor_id	: GenuineIntel
cpu family	: 6
model		: 142
model name	: Intel(R) Core(TM) i7-8550U CPU @ 1.80GHz
stepping	: 10
microcode	: 0xb4
cpu MHz		: 800.219
cache size	: 8192 KB
physical id	: 0
siblings	: 8
core id		: 2
cpu cores	: 4
apicid		: 4
initial apicid	: 4
fpu		: yes
fpu_exception	: yes
cpuid level	: 22
wp		: yes
flags		: fpu vme de pse tsc msr pae mce cx8 apic sep mtrr pge mca cmov pat pse36 clflush dts acpi mmx fxsr sse sse2 ss ht tm pbe syscall nx pdpe1gb rdtscp lm constant_tsc art arch_perfmon pebs bts rep_good nopl xtopology nonstop_tsc cpuid aperfmperf tsc_known_freq pni pclmulqdq dtes64 monitor ds_cpl vmx est tm2 ssse3 sdbg fma cx16 xtpr pdcm pcid sse4_1 sse4_2 x2apic movbe popcnt tsc_deadline_timer aes xsave avx f16c rdrand lahf_lm abm 3dnowprefetch cpuid_fault epb invpcid_single pti ssbd ibrs ibpb stibp tpr_shadow vnmi flexpriority ept vpid ept_ad fsgsbase tsc_adjust bmi1 avx2 smep bmi2 erms invpcid mpx rdseed adx smap clflushopt intel_pt xsaveopt xsavec xgetbv1 xsaves dtherm ida arat pln pts hwp hwp_notify hwp_act_window hwp_epp md_clear flush_l1d
bugs		: cpu_meltdown spectre_v1 spectre_v2 spec_store_bypass l1tf mds swapgs
bogomips	: 3985.00
clflush size	: 64
cache_alignment	: 64
address sizes	: 39 bits physical, 48 bits virtual
power management:

processor	: 3
vendor_id	: GenuineIntel
cpu family	: 6
model		: 142
model name	: Intel(R) Core(TM) i7-8550U CPU @ 1.80GHz
stepping	: 10
microcode	: 0xb4
cpu MHz		: 781.518
cache size	: 8192 KB
physical id	: 0
siblings	: 8
core id		: 3
cpu cores	: 4
apicid		: 6
initial apicid	: 6
fpu		: yes
fpu_exception	: yes
cpuid level	: 22
wp		: yes
flags		: fpu vme de pse tsc msr pae mce cx8 apic sep mtrr pge mca cmov pat pse36 clflush dts acpi mmx fxsr sse sse2 ss ht tm pbe syscall nx pdpe1gb rdtscp lm constant_tsc art arch_perfmon pebs bts rep_good nopl xtopology nonstop_tsc cpuid aperfmperf tsc_known_freq pni pclmulqdq dtes64 monitor ds_cpl vmx est tm2 ssse3 sdbg fma cx16 xtpr pdcm pcid sse4_1 sse4_2 x2apic movbe popcnt tsc_deadline_timer aes xsave avx f16c rdrand lahf_lm abm 3dnowprefetch cpuid_fault epb invpcid_single pti ssbd ibrs ibpb stibp tpr_shadow vnmi flexpriority ept vpid ept_ad fsgsbase tsc_adjust bmi1 avx2 smep bmi2 erms invpcid mpx rdseed adx smap clflushopt intel_pt xsaveopt xsavec xgetbv1 xsaves dtherm ida arat pln pts hwp hwp_notify hwp_act_window hwp_epp md_clear flush_l1d
bugs		: cpu_meltdown spectre_v1 spectre_v2 spec_store_bypass l1tf mds swapgs
bogomips	: 3985.00
clflush size	: 64
cache_alignment	: 64
address sizes	: 39 bits physical, 48 bits virtual
power management:

processor	: 4
vendor_id	: GenuineIntel
cpu family	: 6
model		: 142
model name	: Intel(R) Core(TM) i7-8550U CPU @ 1.80GHz
stepping	: 10
microcode	: 0xb4
cpu MHz		: 785.808
cache size	: 8192 KB
physical id	: 0
siblings	: 8
core id		: 0
cpu cores	: 4
apicid		: 1
initial apicid	: 1
fpu		: yes
fpu_exception	: yes
cpuid level	: 22
wp		: yes
flags		: fpu vme de pse tsc msr pae mce cx8 apic sep mtrr pge mca cmov pat pse36 clflush dts acpi mmx fxsr sse sse2 ss ht tm pbe syscall nx pdpe1gb rdtscp lm constant_tsc art arch_perfmon pebs bts rep_good nopl xtopology nonstop_tsc cpuid aperfmperf tsc_known_freq pni pclmulqdq dtes64 monitor ds_cpl vmx est tm2 ssse3 sdbg fma cx16 xtpr pdcm pcid sse4_1 sse4_2 x2apic movbe popcnt tsc_deadline_timer aes xsave avx f16c rdrand lahf_lm abm 3dnowprefetch cpuid_fault epb invpcid_single pti ssbd ibrs ibpb stibp tpr_shadow vnmi flexpriority ept vpid ept_ad fsgsbase tsc_adjust bmi1 avx2 smep bmi2 erms invpcid mpx rdseed adx smap clflushopt intel_pt xsaveopt xsavec xgetbv1 xsaves dtherm ida arat pln pts hwp hwp_notify hwp_act_window hwp_epp md_clear flush_l1d
bugs		: cpu_meltdown spectre_v1 spectre_v2 spec_store_bypass l1tf mds swapgs
bogomips	: 3985.00
clflush size	: 64
cache_alignment	: 64
address sizes	: 39 bits physical, 48 bits virtual
power management:

processor	: 5
vendor_id	: GenuineIntel
cpu family	: 6
model		: 142
model name	: Intel(R) Core(TM) i7-8550U CPU @ 1.80GHz
stepping	: 10
microcode	: 0xb4
cpu MHz		: 799.569
cache size	: 8192 KB
physical id	: 0
siblings	: 8
core id		: 1
cpu cores	: 4
apicid		: 3
initial apicid	: 3
fpu		: yes
fpu_exception	: yes
cpuid level	: 22
wp		: yes
flags		: fpu vme de pse tsc msr pae mce cx8 apic sep mtrr pge mca cmov pat pse36 clflush dts acpi mmx fxsr sse sse2 ss ht tm pbe syscall nx pdpe1gb rdtscp lm constant_tsc art arch_perfmon pebs bts rep_good nopl xtopology nonstop_tsc cpuid aperfmperf tsc_known_freq pni pclmulqdq dtes64 monitor ds_cpl vmx est tm2 ssse3 sdbg fma cx16 xtpr pdcm pcid sse4_1 sse4_2 x2apic movbe popcnt tsc_deadline_timer aes xsave avx f16c rdrand lahf_lm abm 3dnowprefetch cpuid_fault epb invpcid_single pti ssbd ibrs ibpb stibp tpr_shadow vnmi flexpriority ept vpid ept_ad fsgsbase tsc_adjust bmi1 avx2 smep bmi2 erms invpcid mpx rdseed adx smap clflushopt intel_pt xsaveopt xsavec xgetbv1 xsaves dtherm ida arat pln pts hwp hwp_notify hwp_act_window hwp_epp md_clear flush_l1d
bugs		: cpu_meltdown spectre_v1 spectre_v2 spec_store_bypass l1tf mds swapgs
bogomips	: 3985.00
clflush size	: 64
cache_alignment	: 64
address sizes	: 39 bits physical, 48 bits virtual
power management:

processor	: 6
vendor_id	: GenuineIntel
cpu family	: 6
model		: 142
model name	: Intel(R) Core(TM) i7-8550U CPU @ 1.80GHz
stepping	: 10
microcode	: 0xb4
cpu MHz		: 800.166
cache size	: 8192 KB
physical id	: 0
siblings	: 8
core id		: 2
cpu cores	: 4
apicid		: 5
initial apicid	: 5
fpu		: yes
fpu_exception	: yes
cpuid level	: 22
wp		: yes
flags		: fpu vme de pse tsc msr pae mce cx8 apic sep mtrr pge mca cmov pat pse36 clflush dts acpi mmx fxsr sse sse2 ss ht tm pbe syscall nx pdpe1gb rdtscp lm constant_tsc art arch_perfmon pebs bts rep_good nopl xtopology nonstop_tsc cpuid aperfmperf tsc_known_freq pni pclmulqdq dtes64 monitor ds_cpl vmx est tm2 ssse3 sdbg fma cx16 xtpr pdcm pcid sse4_1 sse4_2 x2apic movbe popcnt tsc_deadline_timer aes xsave avx f16c rdrand lahf_lm abm 3dnowprefetch cpuid_fault epb invpcid_single pti ssbd ibrs ibpb stibp tpr_shadow vnmi flexpriority ept vpid ept_ad fsgsbase tsc_adjust bmi1 avx2 smep bmi2 erms invpcid mpx rdseed adx smap clflushopt intel_pt xsaveopt xsavec xgetbv1 xsaves dtherm ida arat pln pts hwp hwp_notify hwp_act_window hwp_epp md_clear flush_l1d
bugs		: cpu_meltdown spectre_v1 spectre_v2 spec_store_bypass l1tf mds swapgs
bogomips	: 3985.00
clflush size	: 64
cache_alignment	: 64
address sizes	: 39 bits physical, 48 bits virtual
power management:

processor	: 7
vendor_id	: GenuineIntel
cpu family	: 6
model		: 142
model name	: Intel(R) Core(TM) i7-8550U CPU @ 1.80GHz
stepping	: 10
microcode	: 0xb4
cpu MHz		: 797.858
cache size	: 8192 KB
physical id	: 0
siblings	: 8
core id		: 3
cpu cores	: 4
apicid		: 7
initial apicid	: 7
fpu		: yes
fpu_exception	: yes
cpuid level	: 22
wp		: yes
flags		: fpu vme de pse tsc msr pae mce cx8 apic sep mtrr pge mca cmov pat pse36 clflush dts acpi mmx fxsr sse sse2 ss ht tm pbe syscall nx pdpe1gb rdtscp lm constant_tsc art arch_perfmon pebs bts rep_good nopl xtopology nonstop_tsc cpuid aperfmperf tsc_known_freq pni pclmulqdq dtes64 monitor ds_cpl vmx est tm2 ssse3 sdbg fma cx16 xtpr pdcm pcid sse4_1 sse4_2 x2apic movbe popcnt tsc_deadline_timer aes xsave avx f16c rdrand lahf_lm abm 3dnowprefetch cpuid_fault epb invpcid_single pti ssbd ibrs ibpb stibp tpr_shadow vnmi flexpriority ept vpid ept_ad fsgsbase tsc_adjust bmi1 avx2 smep bmi2 erms invpcid mpx rdseed adx smap clflushopt intel_pt xsaveopt xsavec xgetbv1 xsaves dtherm ida arat pln pts hwp hwp_notify hwp_act_window hwp_epp md_clear flush_l1d
bugs		: cpu_meltdown spectre_v1 spectre_v2 spec_store_bypass l1tf mds swapgs
bogomips	: 3985.00
clflush size	: 64
cache_alignment	: 64
address sizes	: 39 bits physical, 48 bits virtual
power management:



Memory: 4k page, physical 8064344k(856256k free), swap 0k(0k free)

vm_info: OpenJDK 64-Bit Server VM (25.222-b05) for linux-amd64 JRE (1.8.0_222-b05), built on Jun 18 2019 08:19:03 by "builduser" with gcc 8.3.0

time: Thu Nov 28 21:33:50 2019
timezone: GMT
elapsed time: 180 seconds (0d 0h 3m 0s)

