#
# A fatal error has been detected by the Java Runtime Environment:
#
#  SIGBUS (0x7) at pc=0x00007f7b1439f671, pid=13653, tid=0x00007f7ae2fef700
#
# JRE version: OpenJDK Runtime Environment (8.0_222-b05) (build 1.8.0_222-b05)
# Java VM: OpenJDK 64-Bit Server VM (25.222-b05 mixed mode linux-amd64 compressed oops)
# Problematic frame:
# C  [libzip.so+0x5671]
#
# Core dump written. Default location: /home/markg/Documents/Fourth year/Distributed Systems/subPart2/core or core.13653
#
# If you would like to submit a bug report, please visit:
#   http://bugreport.java.com/bugreport/crash.jsp
# The crash happened outside the Java Virtual Machine in native code.
# See problematic frame for where to report the bug.
#

---------------  T H R E A D  ---------------

Current thread (0x00007f7a5c015000):  JavaThread "Thread-11" [_thread_in_native, id=13812, stack(0x00007f7ae2eef000,0x00007f7ae2ff0000)]

siginfo: si_signo: 7 (SIGBUS), si_code: 2 (BUS_ADRERR), si_addr: 0x00007f7af0ba18f7

Registers:
RAX=0x00007f7a380026d0, RBX=0x00007f7b10263570, RCX=0x0000000000000070, RDX=0x00007f7a38000020
RSP=0x00007f7ae2fec680, RBP=0x00007f7ae2fec6f0, RSI=0x00007f7a380008d0, RDI=0x00007f7a380026c0
R8 =0x00007f7a380026d0, R9 =0x00007f7a38002780, R10=0x0000000000000000, R11=0x00007f7a38000080
R12=0x000000000009c8d9, R13=0x000000009ac6435b, R14=0x00007f7af0ba18d9, R15=0x00007f7a380026d0
RIP=0x00007f7b1439f671, EFLAGS=0x0000000000010202, CSGSFS=0x002b000000000033, ERR=0x0000000000000004
  TRAPNO=0x000000000000000e

Top of Stack: (sp=0x00007f7ae2fec680)
0x00007f7ae2fec680:   0000000000000000 0000000000000000
0x00007f7ae2fec690:   00000000e2c5fc98 00000000f04aff80
0x00007f7ae2fec6a0:   00000000f04b1898 00000000e2d52458
0x00007f7ae2fec6b0:   00000000e2d52438 00007f7b14e58512
0x00007f7ae2fec6c0:   000000000000002b 00007f7b10245b90
0x00007f7ae2fec6d0:   000000000000002b 000000009ac6435b
0x00007f7ae2fec6e0:   00007f7a240011f0 00007f7b10263570
0x00007f7ae2fec6f0:   00007f7ae2fec740 00007f7b143a033e
0x00007f7ae2fec700:   0000002b01810990 00007f7ae2fec760
0x00007f7ae2fec710:   00000000f34e0158 000000000000002b
0x00007f7ae2fec720:   00007f7a5c0151e0 00007f7ae2fec760
0x00007f7ae2fec730:   00007f7b10263570 00007f7ae2fecbb8
0x00007f7ae2fec740:   00007f7ae2fecba0 00007f7b1439e2d7
0x00007f7ae2fec750:   0000000000000000 0000000100000000
0x00007f7ae2fec760:   696c63652f67726f 7474656a2f657370
0x00007f7ae2fec770:   462f6c6974752f79 6c61436572757475
0x00007f7ae2fec780:   6c632e6b6361626c 0000000000737361
0x00007f7ae2fec790:   00000000f34e2600 00000000e2d52478
0x00007f7ae2fec7a0:   00000000e81ab8e8 0000000000000000
0x00007f7ae2fec7b0:   0000000000000000 0000000000000000
0x00007f7ae2fec7c0:   0000000000000000 0000000000000000
0x00007f7ae2fec7d0:   0000000000000000 0000000000000000
0x00007f7ae2fec7e0:   0000000000000000 00000000f350aef0
0x00007f7ae2fec7f0:   00000000e2d523d8 00000000f34e25e0
0x00007f7ae2fec800:   00000000f01aa2d0 0000000000000000
0x00007f7ae2fec810:   0000000000000000 0000000000000000
0x00007f7ae2fec820:   00000000e8288388 0000000000000000
0x00007f7ae2fec830:   0000000000000000 0000000000000000
0x00007f7ae2fec840:   0000000000000000 00000000e2d523b8
0x00007f7ae2fec850:   00000000e2d52398 0000000000000000
0x00007f7ae2fec860:   00000000f01aa250 0000000000000000
0x00007f7ae2fec870:   0000000000000000 0000000000000000 

Instructions: (pc=0x00007f7b1439f671)
0x00007f7b1439f651:   00 00 00 4d 8b 24 24 48 c7 40 28 00 00 00 00 0f
0x00007f7b1439f661:   84 3a 01 00 00 4c 8b 73 18 4c 2b 63 28 4d 01 e6
0x00007f7b1439f671:   41 0f b7 46 1e 45 0f b7 6e 1c 48 c7 45 c8 00 00
0x00007f7b1439f681:   00 00 66 89 45 c2 41 0f b7 46 20 4d 89 ec 66 89 

Register to memory mapping:

RAX=0x00007f7a380026d0 is an unknown value
RBX=0x00007f7b10263570 is an unknown value
RCX=0x0000000000000070 is an unknown value
RDX=0x00007f7a38000020 is an unknown value
RSP=0x00007f7ae2fec680 is pointing into the stack for thread: 0x00007f7a5c015000
RBP=0x00007f7ae2fec6f0 is pointing into the stack for thread: 0x00007f7a5c015000
RSI=0x00007f7a380008d0 is an unknown value
RDI=0x00007f7a380026c0 is an unknown value
R8 =0x00007f7a380026d0 is an unknown value
R9 =0x00007f7a38002780 is an unknown value
R10=0x0000000000000000 is an unknown value
R11=0x00007f7a38000080 is an unknown value
R12=0x000000000009c8d9 is an unknown value
R13=0x000000009ac6435b is an unallocated location in the heap
R14=0x00007f7af0ba18d9 is an unknown value
R15=0x00007f7a380026d0 is an unknown value


Stack: [0x00007f7ae2eef000,0x00007f7ae2ff0000],  sp=0x00007f7ae2fec680,  free space=1013k
Native frames: (J=compiled Java code, j=interpreted, Vv=VM code, C=native code)
C  [libzip.so+0x5671]
C  [libzip.so+0x633e]
C  [libzip.so+0x42d7]  Java_java_util_zip_ZipFile_getEntry+0x87
J 201  java.util.zip.ZipFile.getEntry(J[BZ)J (0 bytes) @ 0x00007f7b0117580e [0x00007f7b01175740+0xce]
J 270 C1 java.util.zip.ZipFile.getEntry(Ljava/lang/String;)Ljava/util/zip/ZipEntry; (101 bytes) @ 0x00007f7b011a1d8c [0x00007f7b011a1b20+0x26c]
J 388 C1 java.util.jar.JarFile.getEntry(Ljava/lang/String;)Ljava/util/zip/ZipEntry; (22 bytes) @ 0x00007f7b011f7d24 [0x00007f7b011f7ca0+0x84]
J 351 C2 sun.misc.URLClassPath$JarLoader.getResource(Ljava/lang/String;Z)Lsun/misc/Resource; (85 bytes) @ 0x00007f7b011eca70 [0x00007f7b011ec7e0+0x290]
J 1229 C2 sun.misc.URLClassPath.getResource(Ljava/lang/String;Z)Lsun/misc/Resource; (83 bytes) @ 0x00007f7b013d9a2c [0x00007f7b013d98e0+0x14c]
J 1921 C2 java.net.URLClassLoader$1.run()Ljava/lang/Object; (5 bytes) @ 0x00007f7b016db1fc [0x00007f7b016dad40+0x4bc]
v  ~StubRoutines::call_stub
V  [libjvm.so+0x6364ae]
V  [libjvm.so+0x683f11]  JVM_DoPrivileged+0x2d1
J 162  java.security.AccessController.doPrivileged(Ljava/security/PrivilegedExceptionAction;Ljava/security/AccessControlContext;)Ljava/lang/Object; (0 bytes) @ 0x00007f7b011669d5 [0x00007f7b01166900+0xd5]
J 1907 C2 java.net.URLClassLoader.findClass(Ljava/lang/String;)Ljava/lang/Class; (47 bytes) @ 0x00007f7b015d65b0 [0x00007f7b015d6520+0x90]
J 1772 C2 java.lang.ClassLoader.loadClass(Ljava/lang/String;Z)Ljava/lang/Class; (122 bytes) @ 0x00007f7b01595a78 [0x00007f7b01594fe0+0xa98]
J 192 C1 sun.misc.Launcher$AppClassLoader.loadClass(Ljava/lang/String;Z)Ljava/lang/Class; (85 bytes) @ 0x00007f7b01173e4c [0x00007f7b011734c0+0x98c]
J 190 C1 java.lang.ClassLoader.loadClass(Ljava/lang/String;)Ljava/lang/Class; (7 bytes) @ 0x00007f7b01172d44 [0x00007f7b01172c40+0x104]
v  ~StubRoutines::call_stub
V  [libjvm.so+0x6364ae]
V  [libjvm.so+0x633c48]
V  [libjvm.so+0x6342c5]
V  [libjvm.so+0x983228]
V  [libjvm.so+0x983b63]
V  [libjvm.so+0x985ab2]
V  [libjvm.so+0x4a1529]
V  [libjvm.so+0x6278c0]
j  org.eclipse.jetty.server.AbstractConnector.shutdown()Ljava/util/concurrent/Future;+0
j  org.eclipse.jetty.server.AbstractNetworkConnector.shutdown()Ljava/util/concurrent/Future;+5
j  org.eclipse.jetty.server.ServerConnector.shutdown()Ljava/util/concurrent/Future;+1
j  org.eclipse.jetty.server.Server.doStop()V+89
j  org.eclipse.jetty.util.component.AbstractLifeCycle.stop()V+30
j  org.eclipse.jetty.util.thread.ShutdownThread.run()V+41
v  ~StubRoutines::call_stub
V  [libjvm.so+0x6364ae]
V  [libjvm.so+0x633c48]
V  [libjvm.so+0x634213]
V  [libjvm.so+0x67413e]
V  [libjvm.so+0x9b5c1f]
V  [libjvm.so+0x9b5f45]
V  [libjvm.so+0x86dd54]
C  [libpthread.so.0+0x94cf]  start_thread+0xdf

Java frames: (J=compiled Java code, j=interpreted, Vv=VM code)
J 201  java.util.zip.ZipFile.getEntry(J[BZ)J (0 bytes) @ 0x00007f7b01175798 [0x00007f7b01175740+0x58]
J 270 C1 java.util.zip.ZipFile.getEntry(Ljava/lang/String;)Ljava/util/zip/ZipEntry; (101 bytes) @ 0x00007f7b011a1d8c [0x00007f7b011a1b20+0x26c]
J 388 C1 java.util.jar.JarFile.getEntry(Ljava/lang/String;)Ljava/util/zip/ZipEntry; (22 bytes) @ 0x00007f7b011f7d24 [0x00007f7b011f7ca0+0x84]
J 351 C2 sun.misc.URLClassPath$JarLoader.getResource(Ljava/lang/String;Z)Lsun/misc/Resource; (85 bytes) @ 0x00007f7b011eca70 [0x00007f7b011ec7e0+0x290]
J 1229 C2 sun.misc.URLClassPath.getResource(Ljava/lang/String;Z)Lsun/misc/Resource; (83 bytes) @ 0x00007f7b013d9a2c [0x00007f7b013d98e0+0x14c]
J 1921 C2 java.net.URLClassLoader$1.run()Ljava/lang/Object; (5 bytes) @ 0x00007f7b016db1fc [0x00007f7b016dad40+0x4bc]
v  ~StubRoutines::call_stub
J 162  java.security.AccessController.doPrivileged(Ljava/security/PrivilegedExceptionAction;Ljava/security/AccessControlContext;)Ljava/lang/Object; (0 bytes) @ 0x00007f7b01166963 [0x00007f7b01166900+0x63]
J 1907 C2 java.net.URLClassLoader.findClass(Ljava/lang/String;)Ljava/lang/Class; (47 bytes) @ 0x00007f7b015d65b0 [0x00007f7b015d6520+0x90]
J 1772 C2 java.lang.ClassLoader.loadClass(Ljava/lang/String;Z)Ljava/lang/Class; (122 bytes) @ 0x00007f7b01595a78 [0x00007f7b01594fe0+0xa98]
J 192 C1 sun.misc.Launcher$AppClassLoader.loadClass(Ljava/lang/String;Z)Ljava/lang/Class; (85 bytes) @ 0x00007f7b01173e4c [0x00007f7b011734c0+0x98c]
J 190 C1 java.lang.ClassLoader.loadClass(Ljava/lang/String;)Ljava/lang/Class; (7 bytes) @ 0x00007f7b01172d44 [0x00007f7b01172c40+0x104]
v  ~StubRoutines::call_stub
j  org.eclipse.jetty.server.AbstractConnector.shutdown()Ljava/util/concurrent/Future;+0
j  org.eclipse.jetty.server.AbstractNetworkConnector.shutdown()Ljava/util/concurrent/Future;+5
j  org.eclipse.jetty.server.ServerConnector.shutdown()Ljava/util/concurrent/Future;+1
j  org.eclipse.jetty.server.Server.doStop()V+89
j  org.eclipse.jetty.util.component.AbstractLifeCycle.stop()V+30
j  org.eclipse.jetty.util.thread.ShutdownThread.run()V+41
v  ~StubRoutines::call_stub

---------------  P R O C E S S  ---------------

Java Threads: ( => current thread )
=>0x00007f7a5c015000 JavaThread "Thread-11" [_thread_in_native, id=13812, stack(0x00007f7ae2eef000,0x00007f7ae2ff0000)]
  0x00007f7ac0001000 JavaThread "SIGINT handler" daemon [_thread_blocked, id=13811, stack(0x00007f7ae3afb000,0x00007f7ae3bfc000)]
  0x00007f7a5c078800 JavaThread "dw-admin-49" [_thread_blocked, id=13777, stack(0x00007f7ae2dee000,0x00007f7ae2eef000)]
  0x00007f7a30008000 JavaThread "dw-48" [_thread_blocked, id=13763, stack(0x00007f7ae29ec000,0x00007f7ae2aed000)]
  0x00007f7a94006000 JavaThread "Scheduler-1325866488" [_thread_blocked, id=13717, stack(0x00007f7ae2aed000,0x00007f7ae2bee000)]
  0x00007f7a5c001000 JavaThread "dw-43" [_thread_in_native, id=13715, stack(0x00007f7ae2ff0000,0x00007f7ae30f1000)]
  0x00007f7a40001000 JavaThread "dw-admin-40-acceptor-3@6d8723d-admin@3fc9dfc5{HTTP/1.1,[http/1.1]}{0.0.0.0:8081}" [_thread_blocked, id=13700, stack(0x00007f7ae30f1000,0x00007f7ae31f2000)]
  0x00007f7a3c001000 JavaThread "dw-admin-39-acceptor-2@2d6ab518-admin@3fc9dfc5{HTTP/1.1,[http/1.1]}{0.0.0.0:8081}" [_thread_blocked, id=13699, stack(0x00007f7ae31f2000,0x00007f7ae32f3000)]
  0x00007f7a48001000 JavaThread "dw-admin-38-acceptor-1@58be758e-admin@3fc9dfc5{HTTP/1.1,[http/1.1]}{0.0.0.0:8081}" [_thread_blocked, id=13698, stack(0x00007f7ae32f3000,0x00007f7ae33f4000)]
  0x00007f7a44001000 JavaThread "dw-admin-37-acceptor-0@79b1a430-admin@3fc9dfc5{HTTP/1.1,[http/1.1]}{0.0.0.0:8081}" [_thread_in_native, id=13697, stack(0x00007f7ae33f4000,0x00007f7ae34f5000)]
  0x00007f7a50001000 JavaThread "dw-admin-36" [_thread_in_native, id=13696, stack(0x00007f7ae34f5000,0x00007f7ae35f6000)]
  0x00007f7a4c001000 JavaThread "dw-admin-35" [_thread_in_native, id=13695, stack(0x00007f7ae35f6000,0x00007f7ae36f7000)]
  0x00007f7a58001000 JavaThread "dw-admin-34" [_thread_in_native, id=13694, stack(0x00007f7ae36f7000,0x00007f7ae37f8000)]
  0x00007f7a54001000 JavaThread "dw-admin-33" [_thread_in_native, id=13693, stack(0x00007f7ae37f8000,0x00007f7ae38f9000)]
  0x00007f7b1000a800 JavaThread "DestroyJavaVM" [_thread_blocked, id=13654, stack(0x00007f7b143de000,0x00007f7b144de000)]
  0x00007f7a60001000 JavaThread "dw-admin-31" [_thread_in_native, id=13692, stack(0x00007f7ae38f9000,0x00007f7ae39fa000)]
  0x00007f7a68001000 JavaThread "dw-admin-30" [_thread_in_native, id=13691, stack(0x00007f7ae39fa000,0x00007f7ae3afb000)]
  0x00007f7a74001000 JavaThread "dw-admin-28" [_thread_in_native, id=13689, stack(0x00007f7ae3bfc000,0x00007f7ae3cfd000)]
  0x00007f7a70001000 JavaThread "dw-27-acceptor-3@7a2f8d6f-application@7c56e013{HTTP/1.1,[http/1.1]}{0.0.0.0:8080}" [_thread_blocked, id=13688, stack(0x00007f7ae3cfd000,0x00007f7ae3dfe000)]
  0x00007f7a78003000 JavaThread "dw-26-acceptor-2@3fe1dca-application@7c56e013{HTTP/1.1,[http/1.1]}{0.0.0.0:8080}" [_thread_blocked, id=13687, stack(0x00007f7ae3dfe000,0x00007f7ae3eff000)]
  0x00007f7a6c001000 JavaThread "dw-25-acceptor-1@6a06af98-application@7c56e013{HTTP/1.1,[http/1.1]}{0.0.0.0:8080}" [_thread_blocked, id=13686, stack(0x00007f7ae8efe000,0x00007f7ae8fff000)]
  0x00007f7a78001000 JavaThread "dw-24-acceptor-0@212dfb83-application@7c56e013{HTTP/1.1,[http/1.1]}{0.0.0.0:8080}" [_thread_blocked, id=13685, stack(0x00007f7ae3eff000,0x00007f7ae4000000)]
  0x00007f7b10859000 JavaThread "dw-admin-22" [_thread_in_native, id=13683, stack(0x00007f7ae82c5000,0x00007f7ae83c6000)]
  0x00007f7b1084d800 JavaThread "dw-20" [_thread_in_native, id=13682, stack(0x00007f7ae85c6000,0x00007f7ae86c7000)]
  0x00007f7b1084b800 JavaThread "dw-19" [_thread_in_native, id=13681, stack(0x00007f7ae86c7000,0x00007f7ae87c8000)]
  0x00007f7b1084a000 JavaThread "dw-18" [_thread_in_native, id=13680, stack(0x00007f7ae87c8000,0x00007f7ae88c9000)]
  0x00007f7b10848000 JavaThread "dw-17" [_thread_in_native, id=13679, stack(0x00007f7ae88c9000,0x00007f7ae89ca000)]
  0x00007f7b10846800 JavaThread "dw-16" [_thread_blocked, id=13678, stack(0x00007f7ae89ca000,0x00007f7ae8acb000)]
  0x00007f7b10845000 JavaThread "dw-15" [_thread_in_native, id=13677, stack(0x00007f7ae8acb000,0x00007f7ae8bcc000)]
  0x00007f7b10843800 JavaThread "dw-14" [_thread_in_native, id=13676, stack(0x00007f7ae8bcc000,0x00007f7ae8ccd000)]
  0x00007f7b1083e000 JavaThread "dw-13" [_thread_in_native, id=13675, stack(0x00007f7ae8ccd000,0x00007f7ae8dce000)]
  0x00007f7b1083b800 JavaThread "AsyncAppender-Worker-async-console-appender" daemon [_thread_blocked, id=13674, stack(0x00007f7ae8dce000,0x00007f7ae8ecf000)]
  0x00007f7b10759000 JavaThread "AsyncAppender-Worker-async-console-appender" daemon [_thread_blocked, id=13673, stack(0x00007f7af0204000,0x00007f7af0305000)]
  0x00007f7b10219800 JavaThread "Service Thread" daemon [_thread_blocked, id=13671, stack(0x00007f7af0d1c000,0x00007f7af0e1d000)]
  0x00007f7b1020e800 JavaThread "C1 CompilerThread3" daemon [_thread_blocked, id=13670, stack(0x00007f7af0e1e000,0x00007f7af0f1e000)]
  0x00007f7b1020c000 JavaThread "C2 CompilerThread2" daemon [_thread_blocked, id=13669, stack(0x00007f7af0f1f000,0x00007f7af101f000)]
  0x00007f7b1020a800 JavaThread "C2 CompilerThread1" daemon [_thread_blocked, id=13668, stack(0x00007f7af1020000,0x00007f7af1120000)]
  0x00007f7b10207800 JavaThread "C2 CompilerThread0" daemon [_thread_blocked, id=13667, stack(0x00007f7af1121000,0x00007f7af1221000)]
  0x00007f7b10206000 JavaThread "Signal Dispatcher" daemon [_thread_blocked, id=13666, stack(0x00007f7af1221000,0x00007f7af1322000)]
  0x00007f7b101d3000 JavaThread "Finalizer" daemon [_thread_blocked, id=13665, stack(0x00007f7af1609000,0x00007f7af170a000)]
  0x00007f7b101d0800 JavaThread "Reference Handler" daemon [_thread_blocked, id=13664, stack(0x00007f7af170a000,0x00007f7af180b000)]

Other Threads:
  0x00007f7b101c7000 VMThread [stack: 0x00007f7af180c000,0x00007f7af190c000] [id=13663]
  0x00007f7b1021c000 WatcherThread [stack: 0x00007f7af0c1c000,0x00007f7af0d1c000] [id=13672]

VM state:not at safepoint (normal execution)

VM Mutex/Monitor currently owned by a thread: None

heap address: 0x0000000084e00000, size: 1970 MB, Compressed Oops mode: 32-bit
Narrow klass base: 0x0000000000000000, Narrow klass shift: 3
Compressed class space size: 1073741824 Address: 0x0000000100000000

Heap:
 PSYoungGen      total 68608K, used 60276K [0x00000000d6f80000, 0x00000000df580000, 0x0000000100000000)
  eden space 63488K, 94% used [0x00000000d6f80000,0x00000000daa5d1c0,0x00000000dad80000)
  from space 5120K, 0% used [0x00000000dad80000,0x00000000dad80000,0x00000000db280000)
  to   space 5120K, 0% used [0x00000000df080000,0x00000000df080000,0x00000000df580000)
 ParOldGen       total 61440K, used 8199K [0x0000000084e00000, 0x0000000088a00000, 0x00000000d6f80000)
  object space 61440K, 13% used [0x0000000084e00000,0x0000000085601c48,0x0000000088a00000)
 Metaspace       used 27091K, capacity 27412K, committed 27648K, reserved 1073152K
  class space    used 3451K, capacity 3554K, committed 3584K, reserved 1048576K

Card table byte_map: [0x00007f7b00866000,0x00007f7b00c40000] byte_map_base: 0x00007f7b0043f000

Marking Bits: (ParMarkBitMap*) 0x00007f7b152cfc40
 Begin Bits: [0x00007f7af8270000, 0x00007f7afa138000)
 End Bits:   [0x00007f7afa138000, 0x00007f7afc000000)

Polling page: 0x00007f7b15765000

CodeCache: size=245760Kb used=7250Kb max_used=7250Kb free=238509Kb
 bounds [0x00007f7b01000000, 0x00007f7b01720000, 0x00007f7b10000000]
 total_blobs=2811 nmethods=2355 adapters=369
 compilation: enabled

Compilation events (10 events):
Event: 130.098 Thread 0x00007f7b1020e800 2375       3       com.codahale.metrics.EWMA::tick (57 bytes)
Event: 130.099 Thread 0x00007f7b1020e800 nmethod 2375 0x00007f7b01121d90 code [0x00007f7b01121f00, 0x00007f7b01122168]
Event: 130.099 Thread 0x00007f7b1020e800 2376       3       com.codahale.metrics.LongAdder::sumThenReset (66 bytes)
Event: 130.099 Thread 0x00007f7b1020e800 nmethod 2376 0x00007f7b01122f10 code [0x00007f7b01123080, 0x00007f7b01123370]
Event: 130.099 Thread 0x00007f7b1020e800 2373       3       com.codahale.metrics.LongAdder::add (108 bytes)
Event: 130.100 Thread 0x00007f7b1020e800 nmethod 2373 0x00007f7b017198d0 code [0x00007f7b01719a80, 0x00007f7b0171a268]
Event: 130.100 Thread 0x00007f7b1020e800 2374       3       com.codahale.metrics.Striped64::casBase (13 bytes)
Event: 130.100 Thread 0x00007f7b1020e800 nmethod 2374 0x00007f7b01122bd0 code [0x00007f7b01122d20, 0x00007f7b01122e90]
Event: 130.100 Thread 0x00007f7b1020e800 2377       1       org.eclipse.jetty.http.MetaData::getFields (5 bytes)
Event: 130.100 Thread 0x00007f7b1020e800 nmethod 2377 0x00007f7b01122910 code [0x00007f7b01122a60, 0x00007f7b01122b70]

GC Heap History (8 events):
Event: 0.754 GC heap before
{Heap before GC invocations=1 (full 0):
 PSYoungGen      total 36864K, used 31744K [0x00000000d6f80000, 0x00000000d9880000, 0x0000000100000000)
  eden space 31744K, 100% used [0x00000000d6f80000,0x00000000d8e80000,0x00000000d8e80000)
  from space 5120K, 0% used [0x00000000d9380000,0x00000000d9380000,0x00000000d9880000)
  to   space 5120K, 0% used [0x00000000d8e80000,0x00000000d8e80000,0x00000000d9380000)
 ParOldGen       total 84992K, used 0K [0x0000000084e00000, 0x000000008a100000, 0x00000000d6f80000)
  object space 84992K, 0% used [0x0000000084e00000,0x0000000084e00000,0x000000008a100000)
 Metaspace       used 14167K, capacity 14368K, committed 14592K, reserved 1062912K
  class space    used 1714K, capacity 1792K, committed 1792K, reserved 1048576K
Event: 0.763 GC heap after
Heap after GC invocations=1 (full 0):
 PSYoungGen      total 36864K, used 5113K [0x00000000d6f80000, 0x00000000db780000, 0x0000000100000000)
  eden space 31744K, 0% used [0x00000000d6f80000,0x00000000d6f80000,0x00000000d8e80000)
  from space 5120K, 99% used [0x00000000d8e80000,0x00000000d937e638,0x00000000d9380000)
  to   space 5120K, 0% used [0x00000000db280000,0x00000000db280000,0x00000000db780000)
 ParOldGen       total 84992K, used 3446K [0x0000000084e00000, 0x000000008a100000, 0x00000000d6f80000)
  object space 84992K, 4% used [0x0000000084e00000,0x000000008515d9f0,0x000000008a100000)
 Metaspace       used 14167K, capacity 14368K, committed 14592K, reserved 1062912K
  class space    used 1714K, capacity 1792K, committed 1792K, reserved 1048576K
}
Event: 1.357 GC heap before
{Heap before GC invocations=2 (full 0):
 PSYoungGen      total 36864K, used 36857K [0x00000000d6f80000, 0x00000000db780000, 0x0000000100000000)
  eden space 31744K, 100% used [0x00000000d6f80000,0x00000000d8e80000,0x00000000d8e80000)
  from space 5120K, 99% used [0x00000000d8e80000,0x00000000d937e638,0x00000000d9380000)
  to   space 5120K, 0% used [0x00000000db280000,0x00000000db280000,0x00000000db780000)
 ParOldGen       total 84992K, used 3446K [0x0000000084e00000, 0x000000008a100000, 0x00000000d6f80000)
  object space 84992K, 4% used [0x0000000084e00000,0x000000008515d9f0,0x000000008a100000)
 Metaspace       used 18662K, capacity 18874K, committed 19072K, reserved 1067008K
  class space    used 2273K, capacity 2357K, committed 2432K, reserved 1048576K
Event: 1.370 GC heap after
Heap after GC invocations=2 (full 0):
 PSYoungGen      total 68608K, used 5088K [0x00000000d6f80000, 0x00000000db780000, 0x0000000100000000)
  eden space 63488K, 0% used [0x00000000d6f80000,0x00000000d6f80000,0x00000000dad80000)
  from space 5120K, 99% used [0x00000000db280000,0x00000000db778020,0x00000000db780000)
  to   space 5120K, 0% used [0x00000000dad80000,0x00000000dad80000,0x00000000db280000)
 ParOldGen       total 84992K, used 6820K [0x0000000084e00000, 0x000000008a100000, 0x00000000d6f80000)
  object space 84992K, 8% used [0x0000000084e00000,0x00000000854a9318,0x000000008a100000)
 Metaspace       used 18662K, capacity 18874K, committed 19072K, reserved 1067008K
  class space    used 2273K, capacity 2357K, committed 2432K, reserved 1048576K
}
Event: 1.559 GC heap before
{Heap before GC invocations=3 (full 0):
 PSYoungGen      total 68608K, used 16459K [0x00000000d6f80000, 0x00000000db780000, 0x0000000100000000)
  eden space 63488K, 17% used [0x00000000d6f80000,0x00000000d7a9afc0,0x00000000dad80000)
  from space 5120K, 99% used [0x00000000db280000,0x00000000db778020,0x00000000db780000)
  to   space 5120K, 0% used [0x00000000dad80000,0x00000000dad80000,0x00000000db280000)
 ParOldGen       total 84992K, used 6820K [0x0000000084e00000, 0x000000008a100000, 0x00000000d6f80000)
  object space 84992K, 8% used [0x0000000084e00000,0x00000000854a9318,0x000000008a100000)
 Metaspace       used 20933K, capacity 21184K, committed 21296K, reserved 1069056K
  class space    used 2591K, capacity 2680K, committed 2688K, reserved 1048576K
Event: 1.568 GC heap after
Heap after GC invocations=3 (full 0):
 PSYoungGen      total 68608K, used 5104K [0x00000000d6f80000, 0x00000000df580000, 0x0000000100000000)
  eden space 63488K, 0% used [0x00000000d6f80000,0x00000000d6f80000,0x00000000dad80000)
  from space 5120K, 99% used [0x00000000dad80000,0x00000000db27c010,0x00000000db280000)
  to   space 5120K, 0% used [0x00000000df080000,0x00000000df080000,0x00000000df580000)
 ParOldGen       total 84992K, used 9743K [0x0000000084e00000, 0x000000008a100000, 0x00000000d6f80000)
  object space 84992K, 11% used [0x0000000084e00000,0x0000000085783e50,0x000000008a100000)
 Metaspace       used 20933K, capacity 21184K, committed 21296K, reserved 1069056K
  class space    used 2591K, capacity 2680K, committed 2688K, reserved 1048576K
}
Event: 1.568 GC heap before
{Heap before GC invocations=4 (full 1):
 PSYoungGen      total 68608K, used 5104K [0x00000000d6f80000, 0x00000000df580000, 0x0000000100000000)
  eden space 63488K, 0% used [0x00000000d6f80000,0x00000000d6f80000,0x00000000dad80000)
  from space 5120K, 99% used [0x00000000dad80000,0x00000000db27c010,0x00000000db280000)
  to   space 5120K, 0% used [0x00000000df080000,0x00000000df080000,0x00000000df580000)
 ParOldGen       total 84992K, used 9743K [0x0000000084e00000, 0x000000008a100000, 0x00000000d6f80000)
  object space 84992K, 11% used [0x0000000084e00000,0x0000000085783e50,0x000000008a100000)
 Metaspace       used 20933K, capacity 21184K, committed 21296K, reserved 1069056K
  class space    used 2591K, capacity 2680K, committed 2688K, reserved 1048576K
Event: 1.618 GC heap after
Heap after GC invocations=4 (full 1):
 PSYoungGen      total 68608K, used 0K [0x00000000d6f80000, 0x00000000df580000, 0x0000000100000000)
  eden space 63488K, 0% used [0x00000000d6f80000,0x00000000d6f80000,0x00000000dad80000)
  from space 5120K, 0% used [0x00000000dad80000,0x00000000dad80000,0x00000000db280000)
  to   space 5120K, 0% used [0x00000000df080000,0x00000000df080000,0x00000000df580000)
 ParOldGen       total 61440K, used 8199K [0x0000000084e00000, 0x0000000088a00000, 0x00000000d6f80000)
  object space 61440K, 13% used [0x0000000084e00000,0x0000000085601c48,0x0000000088a00000)
 Metaspace       used 20933K, capacity 21184K, committed 21296K, reserved 1069056K
  class space    used 2591K, capacity 2680K, committed 2688K, reserved 1048576K
}

Deoptimization events (10 events):
Event: 2.030 Thread 0x00007f7b1000a800 Uncommon trap: reason=class_check action=maybe_recompile pc=0x00007f7b0162afe4 method=java.lang.reflect.Executable.getAnnotation(Ljava/lang/Class;)Ljava/lang/annotation/Annotation; @ 19
Event: 2.031 Thread 0x00007f7b1000a800 Uncommon trap: reason=class_check action=maybe_recompile pc=0x00007f7b0162afe4 method=java.lang.reflect.Executable.getAnnotation(Ljava/lang/Class;)Ljava/lang/annotation/Annotation; @ 19
Event: 2.031 Thread 0x00007f7b1000a800 Uncommon trap: reason=class_check action=maybe_recompile pc=0x00007f7b0162afe4 method=java.lang.reflect.Executable.getAnnotation(Ljava/lang/Class;)Ljava/lang/annotation/Annotation; @ 19
Event: 9.556 Thread 0x00007f7a64001000 Uncommon trap: reason=unstable_if action=reinterpret pc=0x00007f7b012d3420 method=java.lang.CharacterDataLatin1.isWhitespace(I)Z @ 14
Event: 9.558 Thread 0x00007f7a2c001000 Uncommon trap: reason=unstable_if action=reinterpret pc=0x00007f7b015af3ac method=java.util.HashMap$HashIterator.<init>(Ljava/util/HashMap;)V @ 45
Event: 9.558 Thread 0x00007f7b10843800 Uncommon trap: reason=unstable_if action=reinterpret pc=0x00007f7b0148b99c method=java.util.HashMap$HashIterator.<init>(Ljava/util/HashMap;)V @ 45
Event: 9.733 Thread 0x00007f7a64001000 Uncommon trap: reason=unstable_if action=reinterpret pc=0x00007f7b016d220c method=java.util.concurrent.ConcurrentHashMap.get(Ljava/lang/Object;)Ljava/lang/Object; @ 99
Event: 9.751 Thread 0x00007f7b1083e000 Uncommon trap: reason=unstable_if action=reinterpret pc=0x00007f7b01440274 method=java.util.HashMap$HashIterator.<init>(Ljava/util/HashMap;)V @ 45
Event: 26.528 Thread 0x00007f7a5c001000 Uncommon trap: reason=unstable_if action=reinterpret pc=0x00007f7b014486a8 method=java.util.LinkedHashMap.get(Ljava/lang/Object;)Ljava/lang/Object; @ 20
Event: 26.530 Thread 0x00007f7a5c001000 Uncommon trap: reason=predicate action=maybe_recompile pc=0x00007f7b01712600 method=java.util.regex.Pattern$Slice.match(Ljava/util/regex/Matcher;ILjava/lang/CharSequence;)Z @ 21

Classes redefined (0 events):
No events

Internal exceptions (10 events):
Event: 0.879 Thread 0x00007f7b1000a800 Exception <a 'java/lang/ArrayIndexOutOfBoundsException': 105> (0x00000000d75946f8) thrown at [/build/java8-openjdk/src/jdk8u-jdk8u222-b05/hotspot/src/share/vm/interpreter/interpreterRuntime.cpp, line 368]
Event: 0.879 Thread 0x00007f7b1000a800 Exception <a 'java/lang/ArrayIndexOutOfBoundsException': 78> (0x00000000d7599b58) thrown at [/build/java8-openjdk/src/jdk8u-jdk8u222-b05/hotspot/src/share/vm/interpreter/interpreterRuntime.cpp, line 368]
Event: 0.879 Thread 0x00007f7b1000a800 Exception <a 'java/lang/ArrayIndexOutOfBoundsException': 65> (0x00000000d759abc0) thrown at [/build/java8-openjdk/src/jdk8u-jdk8u222-b05/hotspot/src/share/vm/interpreter/interpreterRuntime.cpp, line 368]
Event: 0.879 Thread 0x00007f7b1000a800 Exception <a 'java/lang/ArrayIndexOutOfBoundsException': 40> (0x00000000d759b828) thrown at [/build/java8-openjdk/src/jdk8u-jdk8u222-b05/hotspot/src/share/vm/interpreter/interpreterRuntime.cpp, line 368]
Event: 0.880 Thread 0x00007f7b1000a800 Exception <a 'java/lang/ArrayIndexOutOfBoundsException': 139> (0x00000000d759d358) thrown at [/build/java8-openjdk/src/jdk8u-jdk8u222-b05/hotspot/src/share/vm/interpreter/interpreterRuntime.cpp, line 368]
Event: 0.880 Thread 0x00007f7b1000a800 Exception <a 'java/lang/ArrayIndexOutOfBoundsException': 139> (0x00000000d759f088) thrown at [/build/java8-openjdk/src/jdk8u-jdk8u222-b05/hotspot/src/share/vm/interpreter/interpreterRuntime.cpp, line 368]
Event: 0.880 Thread 0x00007f7b1000a800 Exception <a 'java/lang/ArrayIndexOutOfBoundsException': 92> (0x00000000d75a0780) thrown at [/build/java8-openjdk/src/jdk8u-jdk8u222-b05/hotspot/src/share/vm/interpreter/interpreterRuntime.cpp, line 368]
Event: 1.093 Thread 0x00007f7b1000a800 Implicit null exception at 0x00007f7b01289bf5 to 0x00007f7b01289fa5
Event: 1.093 Thread 0x00007f7b1000a800 Implicit null exception at 0x00007f7b011e3cf6 to 0x00007f7b011e40a9
Event: 1.336 Thread 0x00007f7b1000a800 Exception <a 'java/lang/NoSuchMethodError': org.slf4j.impl.StaticMDCBinder.getSingleton()Lorg/slf4j/impl/StaticMDCBinder;> (0x00000000d8d946e0) thrown at [/build/java8-openjdk/src/jdk8u-jdk8u222-b05/hotspot/src/share/vm/interpreter/linkResolver.cpp, line 

Events (10 events):
Event: 182.138 Thread 0x00007f7a5c078800 Thread added: 0x00007f7a5c078800
Event: 182.138 Thread 0x00007f7a28001000 Thread exited: 0x00007f7a28001000
Event: 200.029 loading class sun/misc/Signal$1
Event: 200.029 loading class sun/misc/Signal$1 done
Event: 200.029 Thread 0x00007f7ac0001000 Thread added: 0x00007f7ac0001000
Event: 200.030 Thread 0x00007f7a5c015000 Thread added: 0x00007f7a5c015000
Event: 200.031 Thread 0x00007f7a5c016000 Thread added: 0x00007f7a5c016000
Event: 200.031 loading class org/eclipse/jetty/util/FutureCallback
Event: 200.031 loading class org/eclipse/jetty/util/FutureCallback done
Event: 200.031 loading class java/nio/channels/AsynchronousCloseException


Dynamic libraries:
84e00000-88a00000 rw-p 00000000 00:00 0 
88a00000-d6f80000 ---p 00000000 00:00 0 
d6f80000-df580000 rw-p 00000000 00:00 0 
df580000-100000000 ---p 00000000 00:00 0 
100000000-100380000 rw-p 00000000 00:00 0 
100380000-140000000 ---p 00000000 00:00 0 
55e9b7685000-55e9b7686000 r--p 00000000 fe:00 13375817                   /usr/lib/jvm/java-8-openjdk/jre/bin/java
55e9b7686000-55e9b7687000 r-xp 00001000 fe:00 13375817                   /usr/lib/jvm/java-8-openjdk/jre/bin/java
55e9b7687000-55e9b7688000 r--p 00002000 fe:00 13375817                   /usr/lib/jvm/java-8-openjdk/jre/bin/java
55e9b7688000-55e9b7689000 r--p 00002000 fe:00 13375817                   /usr/lib/jvm/java-8-openjdk/jre/bin/java
55e9b7689000-55e9b768a000 rw-p 00003000 fe:00 13375817                   /usr/lib/jvm/java-8-openjdk/jre/bin/java
55e9b91f8000-55e9b9219000 rw-p 00000000 00:00 0                          [heap]
7f7a1c000000-7f7a1c021000 rw-p 00000000 00:00 0 
7f7a1c021000-7f7a20000000 ---p 00000000 00:00 0 
7f7a24000000-7f7a24021000 rw-p 00000000 00:00 0 
7f7a24021000-7f7a28000000 ---p 00000000 00:00 0 
7f7a28000000-7f7a28021000 rw-p 00000000 00:00 0 
7f7a28021000-7f7a2c000000 ---p 00000000 00:00 0 
7f7a2c000000-7f7a2c021000 rw-p 00000000 00:00 0 
7f7a2c021000-7f7a30000000 ---p 00000000 00:00 0 
7f7a30000000-7f7a30021000 rw-p 00000000 00:00 0 
7f7a30021000-7f7a34000000 ---p 00000000 00:00 0 
7f7a34000000-7f7a34021000 rw-p 00000000 00:00 0 
7f7a34021000-7f7a38000000 ---p 00000000 00:00 0 
7f7a38000000-7f7a38021000 rw-p 00000000 00:00 0 
7f7a38021000-7f7a3c000000 ---p 00000000 00:00 0 
7f7a3c000000-7f7a3c021000 rw-p 00000000 00:00 0 
7f7a3c021000-7f7a40000000 ---p 00000000 00:00 0 
7f7a40000000-7f7a40021000 rw-p 00000000 00:00 0 
7f7a40021000-7f7a44000000 ---p 00000000 00:00 0 
7f7a44000000-7f7a44021000 rw-p 00000000 00:00 0 
7f7a44021000-7f7a48000000 ---p 00000000 00:00 0 
7f7a48000000-7f7a48021000 rw-p 00000000 00:00 0 
7f7a48021000-7f7a4c000000 ---p 00000000 00:00 0 
7f7a4c000000-7f7a4c021000 rw-p 00000000 00:00 0 
7f7a4c021000-7f7a50000000 ---p 00000000 00:00 0 
7f7a50000000-7f7a50021000 rw-p 00000000 00:00 0 
7f7a50021000-7f7a54000000 ---p 00000000 00:00 0 
7f7a54000000-7f7a54021000 rw-p 00000000 00:00 0 
7f7a54021000-7f7a58000000 ---p 00000000 00:00 0 
7f7a58000000-7f7a58021000 rw-p 00000000 00:00 0 
7f7a58021000-7f7a5c000000 ---p 00000000 00:00 0 
7f7a5c000000-7f7a5c081000 rw-p 00000000 00:00 0 
7f7a5c081000-7f7a60000000 ---p 00000000 00:00 0 
7f7a60000000-7f7a60021000 rw-p 00000000 00:00 0 
7f7a60021000-7f7a64000000 ---p 00000000 00:00 0 
7f7a64000000-7f7a64021000 rw-p 00000000 00:00 0 
7f7a64021000-7f7a68000000 ---p 00000000 00:00 0 
7f7a68000000-7f7a68021000 rw-p 00000000 00:00 0 
7f7a68021000-7f7a6c000000 ---p 00000000 00:00 0 
7f7a6c000000-7f7a6c021000 rw-p 00000000 00:00 0 
7f7a6c021000-7f7a70000000 ---p 00000000 00:00 0 
7f7a70000000-7f7a70021000 rw-p 00000000 00:00 0 
7f7a70021000-7f7a74000000 ---p 00000000 00:00 0 
7f7a74000000-7f7a74021000 rw-p 00000000 00:00 0 
7f7a74021000-7f7a78000000 ---p 00000000 00:00 0 
7f7a78000000-7f7a78021000 rw-p 00000000 00:00 0 
7f7a78021000-7f7a7c000000 ---p 00000000 00:00 0 
7f7a7c000000-7f7a7c021000 rw-p 00000000 00:00 0 
7f7a7c021000-7f7a80000000 ---p 00000000 00:00 0 
7f7a80000000-7f7a80021000 rw-p 00000000 00:00 0 
7f7a80021000-7f7a84000000 ---p 00000000 00:00 0 
7f7a84000000-7f7a84021000 rw-p 00000000 00:00 0 
7f7a84021000-7f7a88000000 ---p 00000000 00:00 0 
7f7a88000000-7f7a88021000 rw-p 00000000 00:00 0 
7f7a88021000-7f7a8c000000 ---p 00000000 00:00 0 
7f7a8c000000-7f7a8c021000 rw-p 00000000 00:00 0 
7f7a8c021000-7f7a90000000 ---p 00000000 00:00 0 
7f7a90000000-7f7a90045000 rw-p 00000000 00:00 0 
7f7a90045000-7f7a94000000 ---p 00000000 00:00 0 
7f7a94000000-7f7a94083000 rw-p 00000000 00:00 0 
7f7a94083000-7f7a98000000 ---p 00000000 00:00 0 
7f7a98000000-7f7a98021000 rw-p 00000000 00:00 0 
7f7a98021000-7f7a9c000000 ---p 00000000 00:00 0 
7f7a9c000000-7f7a9c021000 rw-p 00000000 00:00 0 
7f7a9c021000-7f7aa0000000 ---p 00000000 00:00 0 
7f7aa0000000-7f7aa0021000 rw-p 00000000 00:00 0 
7f7aa0021000-7f7aa4000000 ---p 00000000 00:00 0 
7f7aa4000000-7f7aa4021000 rw-p 00000000 00:00 0 
7f7aa4021000-7f7aa8000000 ---p 00000000 00:00 0 
7f7aa8000000-7f7aa8021000 rw-p 00000000 00:00 0 
7f7aa8021000-7f7aac000000 ---p 00000000 00:00 0 
7f7aac000000-7f7aad9a3000 rw-p 00000000 00:00 0 
7f7aad9a3000-7f7ab0000000 ---p 00000000 00:00 0 
7f7ab0000000-7f7ab0707000 rw-p 00000000 00:00 0 
7f7ab0707000-7f7ab4000000 ---p 00000000 00:00 0 
7f7ab4000000-7f7ab448f000 rw-p 00000000 00:00 0 
7f7ab448f000-7f7ab8000000 ---p 00000000 00:00 0 
7f7ab8000000-7f7ab87cc000 rw-p 00000000 00:00 0 
7f7ab87cc000-7f7abc000000 ---p 00000000 00:00 0 
7f7abc000000-7f7abc021000 rw-p 00000000 00:00 0 
7f7abc021000-7f7ac0000000 ---p 00000000 00:00 0 
7f7ac0000000-7f7ac0021000 rw-p 00000000 00:00 0 
7f7ac0021000-7f7ac4000000 ---p 00000000 00:00 0 
7f7ac4000000-7f7ac407a000 rw-p 00000000 00:00 0 
7f7ac407a000-7f7ac8000000 ---p 00000000 00:00 0 
7f7ac8000000-7f7ac8021000 rw-p 00000000 00:00 0 
7f7ac8021000-7f7acc000000 ---p 00000000 00:00 0 
7f7acc000000-7f7acc021000 rw-p 00000000 00:00 0 
7f7acc021000-7f7ad0000000 ---p 00000000 00:00 0 
7f7ad0000000-7f7ad0021000 rw-p 00000000 00:00 0 
7f7ad0021000-7f7ad4000000 ---p 00000000 00:00 0 
7f7ad4000000-7f7ad4021000 rw-p 00000000 00:00 0 
7f7ad4021000-7f7ad8000000 ---p 00000000 00:00 0 
7f7adc000000-7f7adc021000 rw-p 00000000 00:00 0 
7f7adc021000-7f7ae0000000 ---p 00000000 00:00 0 
7f7ae28eb000-7f7ae28ee000 ---p 00000000 00:00 0 
7f7ae28ee000-7f7ae29ec000 rw-p 00000000 00:00 0 
7f7ae29ec000-7f7ae29ef000 ---p 00000000 00:00 0 
7f7ae29ef000-7f7ae2aed000 rw-p 00000000 00:00 0 
7f7ae2aed000-7f7ae2af0000 ---p 00000000 00:00 0 
7f7ae2af0000-7f7ae2d6e000 rw-p 00000000 00:00 0 
7f7ae2d6e000-7f7ae2dee000 ---p 00000000 00:00 0 
7f7ae2dee000-7f7ae2df1000 ---p 00000000 00:00 0 
7f7ae2df1000-7f7ae2eef000 rw-p 00000000 00:00 0 
7f7ae2eef000-7f7ae2ef2000 ---p 00000000 00:00 0 
7f7ae2ef2000-7f7ae2ff0000 rw-p 00000000 00:00 0 
7f7ae2ff0000-7f7ae2ff3000 ---p 00000000 00:00 0 
7f7ae2ff3000-7f7ae30f1000 rw-p 00000000 00:00 0 
7f7ae30f1000-7f7ae30f4000 ---p 00000000 00:00 0 
7f7ae30f4000-7f7ae31f2000 rw-p 00000000 00:00 0 
7f7ae31f2000-7f7ae31f5000 ---p 00000000 00:00 0 
7f7ae31f5000-7f7ae32f3000 rw-p 00000000 00:00 0 
7f7ae32f3000-7f7ae32f6000 ---p 00000000 00:00 0 
7f7ae32f6000-7f7ae33f4000 rw-p 00000000 00:00 0 
7f7ae33f4000-7f7ae33f7000 ---p 00000000 00:00 0 
7f7ae33f7000-7f7ae34f5000 rw-p 00000000 00:00 0 
7f7ae34f5000-7f7ae34f8000 ---p 00000000 00:00 0 
7f7ae34f8000-7f7ae35f6000 rw-p 00000000 00:00 0 
7f7ae35f6000-7f7ae35f9000 ---p 00000000 00:00 0 
7f7ae35f9000-7f7ae36f7000 rw-p 00000000 00:00 0 
7f7ae36f7000-7f7ae36fa000 ---p 00000000 00:00 0 
7f7ae36fa000-7f7ae37f8000 rw-p 00000000 00:00 0 
7f7ae37f8000-7f7ae37fb000 ---p 00000000 00:00 0 
7f7ae37fb000-7f7ae38f9000 rw-p 00000000 00:00 0 
7f7ae38f9000-7f7ae38fc000 ---p 00000000 00:00 0 
7f7ae38fc000-7f7ae39fa000 rw-p 00000000 00:00 0 
7f7ae39fa000-7f7ae39fd000 ---p 00000000 00:00 0 
7f7ae39fd000-7f7ae3afb000 rw-p 00000000 00:00 0 
7f7ae3afb000-7f7ae3afe000 ---p 00000000 00:00 0 
7f7ae3afe000-7f7ae3bfc000 rw-p 00000000 00:00 0 
7f7ae3bfc000-7f7ae3bff000 ---p 00000000 00:00 0 
7f7ae3bff000-7f7ae3cfd000 rw-p 00000000 00:00 0 
7f7ae3cfd000-7f7ae3d00000 ---p 00000000 00:00 0 
7f7ae3d00000-7f7ae3dfe000 rw-p 00000000 00:00 0 
7f7ae3dfe000-7f7ae3e01000 ---p 00000000 00:00 0 
7f7ae3e01000-7f7ae3eff000 rw-p 00000000 00:00 0 
7f7ae3eff000-7f7ae3f02000 ---p 00000000 00:00 0 
7f7ae3f02000-7f7ae4000000 rw-p 00000000 00:00 0 
7f7ae4000000-7f7ae4021000 rw-p 00000000 00:00 0 
7f7ae4021000-7f7ae8000000 ---p 00000000 00:00 0 
7f7ae80c5000-7f7ae82c5000 rw-p 00000000 00:00 0 
7f7ae82c5000-7f7ae82c8000 ---p 00000000 00:00 0 
7f7ae82c8000-7f7ae85c6000 rw-p 00000000 00:00 0 
7f7ae85c6000-7f7ae85c9000 ---p 00000000 00:00 0 
7f7ae85c9000-7f7ae86c7000 rw-p 00000000 00:00 0 
7f7ae86c7000-7f7ae86ca000 ---p 00000000 00:00 0 
7f7ae86ca000-7f7ae87c8000 rw-p 00000000 00:00 0 
7f7ae87c8000-7f7ae87cb000 ---p 00000000 00:00 0 
7f7ae87cb000-7f7ae88c9000 rw-p 00000000 00:00 0 
7f7ae88c9000-7f7ae88cc000 ---p 00000000 00:00 0 
7f7ae88cc000-7f7ae89ca000 rw-p 00000000 00:00 0 
7f7ae89ca000-7f7ae89cd000 ---p 00000000 00:00 0 
7f7ae89cd000-7f7ae8acb000 rw-p 00000000 00:00 0 
7f7ae8acb000-7f7ae8ace000 ---p 00000000 00:00 0 
7f7ae8ace000-7f7ae8bcc000 rw-p 00000000 00:00 0 
7f7ae8bcc000-7f7ae8bcf000 ---p 00000000 00:00 0 
7f7ae8bcf000-7f7ae8ccd000 rw-p 00000000 00:00 0 
7f7ae8ccd000-7f7ae8cd0000 ---p 00000000 00:00 0 
7f7ae8cd0000-7f7ae8dce000 rw-p 00000000 00:00 0 
7f7ae8dce000-7f7ae8dd1000 ---p 00000000 00:00 0 
7f7ae8dd1000-7f7ae8ecf000 rw-p 00000000 00:00 0 
7f7ae8efe000-7f7ae8f01000 ---p 00000000 00:00 0 
7f7ae8f01000-7f7aec000000 rw-p 00000000 00:00 0 
7f7aec000000-7f7aec021000 rw-p 00000000 00:00 0 
7f7aec021000-7f7af0000000 ---p 00000000 00:00 0 
7f7af0004000-7f7af0204000 rw-p 00000000 00:00 0 
7f7af0204000-7f7af0207000 ---p 00000000 00:00 0 
7f7af0207000-7f7af0505000 rw-p 00000000 00:00 0 
7f7af0505000-7f7af0705000 rw-p 00000000 00:00 0 
7f7af0705000-7f7af0905000 rw-p 00000000 00:00 0 
7f7af0905000-7f7af0b05000 rw-p 00000000 00:00 0 
7f7af0b05000-7f7af0c1b000 r--s 00d01000 fe:00 2621736                    /home/markg/Documents/Fourth year/Distributed Systems/subPart2/target/original-DropWizardExample-1.0-SNAPSHOT.jar
7f7af0c1b000-7f7af0c1c000 ---p 00000000 00:00 0 
7f7af0c1c000-7f7af0d1c000 rw-p 00000000 00:00 0 
7f7af0d1c000-7f7af0d1f000 ---p 00000000 00:00 0 
7f7af0d1f000-7f7af0e1d000 rw-p 00000000 00:00 0 
7f7af0e1d000-7f7af0e1e000 ---p 00000000 00:00 0 
7f7af0e1e000-7f7af0e21000 ---p 00000000 00:00 0 
7f7af0e21000-7f7af0f1e000 rw-p 00000000 00:00 0 
7f7af0f1e000-7f7af0f1f000 ---p 00000000 00:00 0 
7f7af0f1f000-7f7af0f22000 ---p 00000000 00:00 0 
7f7af0f22000-7f7af101f000 rw-p 00000000 00:00 0 
7f7af101f000-7f7af1020000 ---p 00000000 00:00 0 
7f7af1020000-7f7af1023000 ---p 00000000 00:00 0 
7f7af1023000-7f7af1120000 rw-p 00000000 00:00 0 
7f7af1120000-7f7af1121000 ---p 00000000 00:00 0 
7f7af1121000-7f7af1124000 ---p 00000000 00:00 0 
7f7af1124000-7f7af1221000 rw-p 00000000 00:00 0 
7f7af1221000-7f7af1224000 ---p 00000000 00:00 0 
7f7af1224000-7f7af1322000 rw-p 00000000 00:00 0 
7f7af1322000-7f7af1609000 r--p 00000000 fe:00 12469736                   /usr/lib/locale/locale-archive
7f7af1609000-7f7af160c000 ---p 00000000 00:00 0 
7f7af160c000-7f7af170a000 rw-p 00000000 00:00 0 
7f7af170a000-7f7af170d000 ---p 00000000 00:00 0 
7f7af170d000-7f7af180b000 rw-p 00000000 00:00 0 
7f7af180b000-7f7af180c000 ---p 00000000 00:00 0 
7f7af180c000-7f7af4000000 rw-p 00000000 00:00 0 
7f7af4000000-7f7af4021000 rw-p 00000000 00:00 0 
7f7af4021000-7f7af8000000 ---p 00000000 00:00 0 
7f7af8072000-7f7af8079000 r--p 00000000 fe:00 13375866                   /usr/lib/jvm/java-8-openjdk/jre/lib/amd64/libnio.so
7f7af8079000-7f7af8081000 r-xp 00007000 fe:00 13375866                   /usr/lib/jvm/java-8-openjdk/jre/lib/amd64/libnio.so
7f7af8081000-7f7af8084000 r--p 0000f000 fe:00 13375866                   /usr/lib/jvm/java-8-openjdk/jre/lib/amd64/libnio.so
7f7af8084000-7f7af8085000 ---p 00012000 fe:00 13375866                   /usr/lib/jvm/java-8-openjdk/jre/lib/amd64/libnio.so
7f7af8085000-7f7af8086000 r--p 00012000 fe:00 13375866                   /usr/lib/jvm/java-8-openjdk/jre/lib/amd64/libnio.so
7f7af8086000-7f7af8087000 rw-p 00013000 fe:00 13375866                   /usr/lib/jvm/java-8-openjdk/jre/lib/amd64/libnio.so
7f7af8087000-7f7af808c000 r--p 00000000 fe:00 13375865                   /usr/lib/jvm/java-8-openjdk/jre/lib/amd64/libnet.so
7f7af808c000-7f7af809b000 r-xp 00005000 fe:00 13375865                   /usr/lib/jvm/java-8-openjdk/jre/lib/amd64/libnet.so
7f7af809b000-7f7af809f000 r--p 00014000 fe:00 13375865                   /usr/lib/jvm/java-8-openjdk/jre/lib/amd64/libnet.so
7f7af809f000-7f7af80a0000 r--p 00017000 fe:00 13375865                   /usr/lib/jvm/java-8-openjdk/jre/lib/amd64/libnet.so
7f7af80a0000-7f7af80a1000 rw-p 00018000 fe:00 13375865                   /usr/lib/jvm/java-8-openjdk/jre/lib/amd64/libnet.so
7f7af80a1000-7f7af8270000 r--s 03c3d000 fe:00 13375839                   /usr/lib/jvm/java-8-openjdk/jre/lib/rt.jar
7f7af8270000-7f7afc000000 rw-p 00000000 00:00 0 
7f7afc000000-7f7afc021000 rw-p 00000000 00:00 0 
7f7afc021000-7f7b00000000 ---p 00000000 00:00 0 
7f7b0000e000-7f7b00012000 r--p 00000000 fe:00 13375863                   /usr/lib/jvm/java-8-openjdk/jre/lib/amd64/libmanagement.so
7f7b00012000-7f7b00015000 r-xp 00004000 fe:00 13375863                   /usr/lib/jvm/java-8-openjdk/jre/lib/amd64/libmanagement.so
7f7b00015000-7f7b00017000 r--p 00007000 fe:00 13375863                   /usr/lib/jvm/java-8-openjdk/jre/lib/amd64/libmanagement.so
7f7b00017000-7f7b00018000 r--p 00008000 fe:00 13375863                   /usr/lib/jvm/java-8-openjdk/jre/lib/amd64/libmanagement.so
7f7b00018000-7f7b00019000 rw-p 00009000 fe:00 13375863                   /usr/lib/jvm/java-8-openjdk/jre/lib/amd64/libmanagement.so
7f7b00019000-7f7b0015f000 rw-p 00000000 00:00 0 
7f7b0015f000-7f7b00160000 ---p 00000000 00:00 0 
7f7b00160000-7f7b00260000 rw-p 00000000 00:00 0 
7f7b00260000-7f7b00261000 ---p 00000000 00:00 0 
7f7b00261000-7f7b00361000 rw-p 00000000 00:00 0 
7f7b00361000-7f7b00362000 ---p 00000000 00:00 0 
7f7b00362000-7f7b00462000 rw-p 00000000 00:00 0 
7f7b00462000-7f7b00463000 ---p 00000000 00:00 0 
7f7b00463000-7f7b00563000 rw-p 00000000 00:00 0 
7f7b00563000-7f7b00564000 ---p 00000000 00:00 0 
7f7b00564000-7f7b00664000 rw-p 00000000 00:00 0 
7f7b00664000-7f7b00665000 ---p 00000000 00:00 0 
7f7b00665000-7f7b00765000 rw-p 00000000 00:00 0 
7f7b00765000-7f7b00766000 ---p 00000000 00:00 0 
7f7b00766000-7f7b00884000 rw-p 00000000 00:00 0 
7f7b00884000-7f7b00af6000 ---p 00000000 00:00 0 
7f7b00af6000-7f7b00b3a000 rw-p 00000000 00:00 0 
7f7b00b3a000-7f7b00c3f000 ---p 00000000 00:00 0 
7f7b00c3f000-7f7b00c5d000 rw-p 00000000 00:00 0 
7f7b00c5d000-7f7b01000000 ---p 00000000 00:00 0 
7f7b01000000-7f7b01720000 rwxp 00000000 00:00 0 
7f7b01720000-7f7b10000000 ---p 00000000 00:00 0 
7f7b10000000-7f7b10b68000 rw-p 00000000 00:00 0 
7f7b10b68000-7f7b14000000 ---p 00000000 00:00 0 
7f7b14008000-7f7b14009000 ---p 00000000 00:00 0 
7f7b14009000-7f7b14127000 rw-p 00000000 00:00 0 
7f7b14127000-7f7b1439a000 ---p 00000000 00:00 0 
7f7b1439a000-7f7b1439d000 r--p 00000000 fe:00 13375874                   /usr/lib/jvm/java-8-openjdk/jre/lib/amd64/libzip.so
7f7b1439d000-7f7b143a1000 r-xp 00003000 fe:00 13375874                   /usr/lib/jvm/java-8-openjdk/jre/lib/amd64/libzip.so
7f7b143a1000-7f7b143a3000 r--p 00007000 fe:00 13375874                   /usr/lib/jvm/java-8-openjdk/jre/lib/amd64/libzip.so
7f7b143a3000-7f7b143a4000 r--p 00008000 fe:00 13375874                   /usr/lib/jvm/java-8-openjdk/jre/lib/amd64/libzip.so
7f7b143a4000-7f7b143a5000 rw-p 00009000 fe:00 13375874                   /usr/lib/jvm/java-8-openjdk/jre/lib/amd64/libzip.so
7f7b143a5000-7f7b143b2000 r--p 00000000 fe:00 13375853                   /usr/lib/jvm/java-8-openjdk/jre/lib/amd64/libjava.so
7f7b143b2000-7f7b143c8000 r-xp 0000d000 fe:00 13375853                   /usr/lib/jvm/java-8-openjdk/jre/lib/amd64/libjava.so
7f7b143c8000-7f7b143cf000 r--p 00023000 fe:00 13375853                   /usr/lib/jvm/java-8-openjdk/jre/lib/amd64/libjava.so
7f7b143cf000-7f7b143d0000 r--p 00029000 fe:00 13375853                   /usr/lib/jvm/java-8-openjdk/jre/lib/amd64/libjava.so
7f7b143d0000-7f7b143d1000 rw-p 0002a000 fe:00 13375853                   /usr/lib/jvm/java-8-openjdk/jre/lib/amd64/libjava.so
7f7b143d1000-7f7b143d2000 rw-p 00000000 00:00 0 
7f7b143d2000-7f7b143d5000 r--p 00000000 fe:00 12469723                   /usr/lib/librt-2.30.so
7f7b143d5000-7f7b143d9000 r-xp 00003000 fe:00 12469723                   /usr/lib/librt-2.30.so
7f7b143d9000-7f7b143db000 r--p 00007000 fe:00 12469723                   /usr/lib/librt-2.30.so
7f7b143db000-7f7b143dc000 r--p 00008000 fe:00 12469723                   /usr/lib/librt-2.30.so
7f7b143dc000-7f7b143dd000 rw-p 00009000 fe:00 12469723                   /usr/lib/librt-2.30.so
7f7b143dd000-7f7b143de000 ---p 00000000 00:00 0 
7f7b143de000-7f7b143e1000 ---p 00000000 00:00 0 
7f7b143e1000-7f7b144de000 rw-p 00000000 00:00 0 
7f7b144de000-7f7b144ed000 r--p 00000000 fe:00 12460585                   /usr/lib/libm-2.30.so
7f7b144ed000-7f7b14589000 r-xp 0000f000 fe:00 12460585                   /usr/lib/libm-2.30.so
7f7b14589000-7f7b14622000 r--p 000ab000 fe:00 12460585                   /usr/lib/libm-2.30.so
7f7b14622000-7f7b14623000 r--p 00143000 fe:00 12460585                   /usr/lib/libm-2.30.so
7f7b14623000-7f7b14624000 rw-p 00144000 fe:00 12460585                   /usr/lib/libm-2.30.so
7f7b14624000-7f7b14815000 r--p 00000000 fe:00 13375877                   /usr/lib/jvm/java-8-openjdk/jre/lib/amd64/server/libjvm.so
7f7b14815000-7f7b1505d000 r-xp 001f1000 fe:00 13375877                   /usr/lib/jvm/java-8-openjdk/jre/lib/amd64/server/libjvm.so
7f7b1505d000-7f7b151ff000 r--p 00a39000 fe:00 13375877                   /usr/lib/jvm/java-8-openjdk/jre/lib/amd64/server/libjvm.so
7f7b151ff000-7f7b15294000 r--p 00bda000 fe:00 13375877                   /usr/lib/jvm/java-8-openjdk/jre/lib/amd64/server/libjvm.so
7f7b15294000-7f7b152bc000 rw-p 00c6f000 fe:00 13375877                   /usr/lib/jvm/java-8-openjdk/jre/lib/amd64/server/libjvm.so
7f7b152bc000-7f7b152ee000 rw-p 00000000 00:00 0 
7f7b152ee000-7f7b152f5000 r--p 00000000 fe:00 12460614                   /usr/lib/libpthread-2.30.so
7f7b152f5000-7f7b15305000 r-xp 00007000 fe:00 12460614                   /usr/lib/libpthread-2.30.so
7f7b15305000-7f7b1530a000 r--p 00017000 fe:00 12460614                   /usr/lib/libpthread-2.30.so
7f7b1530a000-7f7b1530b000 r--p 0001b000 fe:00 12460614                   /usr/lib/libpthread-2.30.so
7f7b1530b000-7f7b1530c000 rw-p 0001c000 fe:00 12460614                   /usr/lib/libpthread-2.30.so
7f7b1530c000-7f7b15310000 rw-p 00000000 00:00 0 
7f7b15310000-7f7b15311000 r--p 00000000 fe:00 12460579                   /usr/lib/libdl-2.30.so
7f7b15311000-7f7b15312000 r-xp 00001000 fe:00 12460579                   /usr/lib/libdl-2.30.so
7f7b15312000-7f7b15313000 r--p 00002000 fe:00 12460579                   /usr/lib/libdl-2.30.so
7f7b15313000-7f7b15314000 r--p 00002000 fe:00 12460579                   /usr/lib/libdl-2.30.so
7f7b15314000-7f7b15315000 rw-p 00003000 fe:00 12460579                   /usr/lib/libdl-2.30.so
7f7b15315000-7f7b1532b000 r-xp 00000000 fe:00 12458046                   /usr/lib/libz.so.1.2.11
7f7b1532b000-7f7b1552a000 ---p 00016000 fe:00 12458046                   /usr/lib/libz.so.1.2.11
7f7b1552a000-7f7b1552b000 r--p 00015000 fe:00 12458046                   /usr/lib/libz.so.1.2.11
7f7b1552b000-7f7b1552c000 rw-p 00016000 fe:00 12458046                   /usr/lib/libz.so.1.2.11
7f7b1552c000-7f7b15551000 r--p 00000000 fe:00 12460570                   /usr/lib/libc-2.30.so
7f7b15551000-7f7b1569e000 r-xp 00025000 fe:00 12460570                   /usr/lib/libc-2.30.so
7f7b1569e000-7f7b156e8000 r--p 00172000 fe:00 12460570                   /usr/lib/libc-2.30.so
7f7b156e8000-7f7b156e9000 ---p 001bc000 fe:00 12460570                   /usr/lib/libc-2.30.so
7f7b156e9000-7f7b156ec000 r--p 001bc000 fe:00 12460570                   /usr/lib/libc-2.30.so
7f7b156ec000-7f7b156ef000 rw-p 001bf000 fe:00 12460570                   /usr/lib/libc-2.30.so
7f7b156ef000-7f7b156f3000 rw-p 00000000 00:00 0 
7f7b156fb000-7f7b15703000 rw-s 00000000 00:2e 43                         /tmp/hsperfdata_markg/13653
7f7b15703000-7f7b15706000 r--p 00000000 fe:00 12460607                   /usr/lib/libnss_files-2.30.so
7f7b15706000-7f7b1570d000 r-xp 00003000 fe:00 12460607                   /usr/lib/libnss_files-2.30.so
7f7b1570d000-7f7b1570f000 r--p 0000a000 fe:00 12460607                   /usr/lib/libnss_files-2.30.so
7f7b1570f000-7f7b15710000 r--p 0000b000 fe:00 12460607                   /usr/lib/libnss_files-2.30.so
7f7b15710000-7f7b15711000 rw-p 0000c000 fe:00 12460607                   /usr/lib/libnss_files-2.30.so
7f7b15711000-7f7b15718000 rw-p 00000000 00:00 0 
7f7b15718000-7f7b1571d000 r--p 00000000 fe:00 13375873                   /usr/lib/jvm/java-8-openjdk/jre/lib/amd64/libverify.so
7f7b1571d000-7f7b15724000 r-xp 00005000 fe:00 13375873                   /usr/lib/jvm/java-8-openjdk/jre/lib/amd64/libverify.so
7f7b15724000-7f7b15726000 r--p 0000c000 fe:00 13375873                   /usr/lib/jvm/java-8-openjdk/jre/lib/amd64/libverify.so
7f7b15726000-7f7b15728000 r--p 0000d000 fe:00 13375873                   /usr/lib/jvm/java-8-openjdk/jre/lib/amd64/libverify.so
7f7b15728000-7f7b15729000 rw-p 0000f000 fe:00 13375873                   /usr/lib/jvm/java-8-openjdk/jre/lib/amd64/libverify.so
7f7b15729000-7f7b1572c000 r--p 00000000 fe:00 13375875                   /usr/lib/jvm/java-8-openjdk/jre/lib/amd64/jli/libjli.so
7f7b1572c000-7f7b15735000 r-xp 00003000 fe:00 13375875                   /usr/lib/jvm/java-8-openjdk/jre/lib/amd64/jli/libjli.so
7f7b15735000-7f7b15738000 r--p 0000c000 fe:00 13375875                   /usr/lib/jvm/java-8-openjdk/jre/lib/amd64/jli/libjli.so
7f7b15738000-7f7b15739000 r--p 0000e000 fe:00 13375875                   /usr/lib/jvm/java-8-openjdk/jre/lib/amd64/jli/libjli.so
7f7b15739000-7f7b1573a000 rw-p 0000f000 fe:00 13375875                   /usr/lib/jvm/java-8-openjdk/jre/lib/amd64/jli/libjli.so
7f7b1573a000-7f7b1573c000 rw-p 00000000 00:00 0 
7f7b1573c000-7f7b1573e000 r--p 00000000 fe:00 12460559                   /usr/lib/ld-2.30.so
7f7b1573e000-7f7b1575d000 r-xp 00002000 fe:00 12460559                   /usr/lib/ld-2.30.so
7f7b1575d000-7f7b15765000 r--p 00021000 fe:00 12460559                   /usr/lib/ld-2.30.so
7f7b15765000-7f7b15766000 r--p 00000000 00:00 0 
7f7b15766000-7f7b15767000 r--p 00029000 fe:00 12460559                   /usr/lib/ld-2.30.so
7f7b15767000-7f7b15768000 rw-p 0002a000 fe:00 12460559                   /usr/lib/ld-2.30.so
7f7b15768000-7f7b15769000 rw-p 00000000 00:00 0 
7ffe4c73d000-7ffe4c75f000 rw-p 00000000 00:00 0                          [stack]
7ffe4c76d000-7ffe4c770000 r--p 00000000 00:00 0                          [vvar]
7ffe4c770000-7ffe4c771000 r-xp 00000000 00:00 0                          [vdso]

VM Arguments:
java_command: target/DropWizardExample-1.0-SNAPSHOT.jar server
java_class_path (initial): target/DropWizardExample-1.0-SNAPSHOT.jar
Launcher Type: SUN_STANDARD

Environment Variables:
JAVA_HOME=/usr/lib/jvm/jdk-jetbrains
PATH=/home/markg/anaconda3/bin:/home/markg/anaconda3/condabin:/home/markg/.local/bin:/usr/local/bin:/usr/local/sbin:/usr/bin:/usr/lib/jvm/default/bin:/usr/bin/site_perl:/usr/bin/vendor_perl:/usr/bin/core_perl:/var/lib/snapd/snap/bin
USERNAME=markg
SHELL=/bin/bash
DISPLAY=:1

Signal Handlers:
SIGSEGV: [libjvm.so+0xa09100], sa_mask[0]=11111111011111111101111111111110, sa_flags=SA_RESTART|SA_SIGINFO
SIGBUS: [libjvm.so+0xa09100], sa_mask[0]=11111111011111111101111111111110, sa_flags=SA_RESTART|SA_SIGINFO
SIGFPE: [libjvm.so+0x86be80], sa_mask[0]=11111111011111111101111111111110, sa_flags=SA_RESTART|SA_SIGINFO
SIGPIPE: [libjvm.so+0x86be80], sa_mask[0]=11111111011111111101111111111110, sa_flags=SA_RESTART|SA_SIGINFO
SIGXFSZ: [libjvm.so+0x86be80], sa_mask[0]=11111111011111111101111111111110, sa_flags=SA_RESTART|SA_SIGINFO
SIGILL: [libjvm.so+0x86be80], sa_mask[0]=11111111011111111101111111111110, sa_flags=SA_RESTART|SA_SIGINFO
SIGUSR1: SIG_DFL, sa_mask[0]=00000000000000000000000000000000, sa_flags=none
SIGUSR2: [libjvm.so+0x86bd40], sa_mask[0]=00100000000000000000000000000000, sa_flags=SA_RESTART|SA_SIGINFO
SIGHUP: [libjvm.so+0x86c120], sa_mask[0]=11111111011111111101111111111110, sa_flags=SA_RESTART|SA_SIGINFO
SIGINT: [libjvm.so+0x86c120], sa_mask[0]=11111111011111111101111111111110, sa_flags=SA_RESTART|SA_SIGINFO
SIGTERM: [libjvm.so+0x86c120], sa_mask[0]=11111111011111111101111111111110, sa_flags=SA_RESTART|SA_SIGINFO
SIGQUIT: [libjvm.so+0x86c120], sa_mask[0]=11111111011111111101111111111110, sa_flags=SA_RESTART|SA_SIGINFO


---------------  S Y S T E M  ---------------

OS:DISTRIB_ID=ManjaroLinux
DISTRIB_RELEASE=18.1.1
DISTRIB_CODENAME=Juhraya
DISTRIB_DESCRIPTION="Manjaro Linux"

uname:Linux 5.2.21-1-MANJARO #1 SMP PREEMPT Sat Oct 12 11:09:56 UTC 2019 x86_64
libc:glibc 2.30 NPTL 2.30 
rlimit: STACK 8192k, CORE infinity, NPROC 31420, NOFILE 1048576, AS infinity
load average:1.34 1.60 1.33

/proc/meminfo:
MemTotal:        8064344 kB
MemFree:          623280 kB
MemAvailable:    3146388 kB
Buffers:          302608 kB
Cached:          2759928 kB
SwapCached:            0 kB
Active:          5271832 kB
Inactive:        1447876 kB
Active(anon):    3869816 kB
Inactive(anon):   203124 kB
Active(file):    1402016 kB
Inactive(file):  1244752 kB
Unevictable:      259104 kB
Mlocked:              64 kB
SwapTotal:             0 kB
SwapFree:              0 kB
Dirty:             23656 kB
Writeback:             0 kB
AnonPages:       3916424 kB
Mapped:           702476 kB
Shmem:            486668 kB
KReclaimable:     184188 kB
Slab:             282692 kB
SReclaimable:     184188 kB
SUnreclaim:        98504 kB
KernelStack:       17392 kB
PageTables:        32900 kB
NFS_Unstable:          0 kB
Bounce:                0 kB
WritebackTmp:          0 kB
CommitLimit:     4032172 kB
Committed_AS:    9982984 kB
VmallocTotal:   34359738367 kB
VmallocUsed:           0 kB
VmallocChunk:          0 kB
Percpu:             4800 kB
HardwareCorrupted:     0 kB
AnonHugePages:         0 kB
ShmemHugePages:        0 kB
ShmemPmdMapped:        0 kB
HugePages_Total:       0
HugePages_Free:        0
HugePages_Rsvd:        0
HugePages_Surp:        0
Hugepagesize:       2048 kB
Hugetlb:               0 kB
DirectMap4k:      287668 kB
DirectMap2M:     6950912 kB
DirectMap1G:     2097152 kB

container (cgroup) information:
container_type: cgroupv1
cpu_cpuset_cpus: 0-7
cpu_memory_nodes: 0
active_processor_count: 8
cpu_quota: -1
cpu_period: 100000
cpu_shares: -1
memory_limit_in_bytes: -1
memory_and_swap_limit_in_bytes: -1
memory_soft_limit_in_bytes: -1
memory_usage_in_bytes: 6614757376
memory_max_usage_in_bytes: 7246917632


CPU:total 8 (initial active 8) (4 cores per cpu, 2 threads per core) family 6 model 142 stepping 10, cmov, cx8, fxsr, mmx, sse, sse2, sse3, ssse3, sse4.1, sse4.2, popcnt, avx, avx2, aes, clmul, erms, 3dnowpref, lzcnt, ht, tsc, tscinvbit, bmi1, bmi2, adx

/proc/cpuinfo:
processor	: 0
vendor_id	: GenuineIntel
cpu family	: 6
model		: 142
model name	: Intel(R) Core(TM) i7-8550U CPU @ 1.80GHz
stepping	: 10
microcode	: 0xb4
cpu MHz		: 765.556
cache size	: 8192 KB
physical id	: 0
siblings	: 8
core id		: 0
cpu cores	: 4
apicid		: 0
initial apicid	: 0
fpu		: yes
fpu_exception	: yes
cpuid level	: 22
wp		: yes
flags		: fpu vme de pse tsc msr pae mce cx8 apic sep mtrr pge mca cmov pat pse36 clflush dts acpi mmx fxsr sse sse2 ss ht tm pbe syscall nx pdpe1gb rdtscp lm constant_tsc art arch_perfmon pebs bts rep_good nopl xtopology nonstop_tsc cpuid aperfmperf tsc_known_freq pni pclmulqdq dtes64 monitor ds_cpl vmx est tm2 ssse3 sdbg fma cx16 xtpr pdcm pcid sse4_1 sse4_2 x2apic movbe popcnt tsc_deadline_timer aes xsave avx f16c rdrand lahf_lm abm 3dnowprefetch cpuid_fault epb invpcid_single pti ssbd ibrs ibpb stibp tpr_shadow vnmi flexpriority ept vpid ept_ad fsgsbase tsc_adjust bmi1 avx2 smep bmi2 erms invpcid mpx rdseed adx smap clflushopt intel_pt xsaveopt xsavec xgetbv1 xsaves dtherm ida arat pln pts hwp hwp_notify hwp_act_window hwp_epp md_clear flush_l1d
bugs		: cpu_meltdown spectre_v1 spectre_v2 spec_store_bypass l1tf mds swapgs
bogomips	: 3985.00
clflush size	: 64
cache_alignment	: 64
address sizes	: 39 bits physical, 48 bits virtual
power management:

processor	: 1
vendor_id	: GenuineIntel
cpu family	: 6
model		: 142
model name	: Intel(R) Core(TM) i7-8550U CPU @ 1.80GHz
stepping	: 10
microcode	: 0xb4
cpu MHz		: 800.054
cache size	: 8192 KB
physical id	: 0
siblings	: 8
core id		: 1
cpu cores	: 4
apicid		: 2
initial apicid	: 2
fpu		: yes
fpu_exception	: yes
cpuid level	: 22
wp		: yes
flags		: fpu vme de pse tsc msr pae mce cx8 apic sep mtrr pge mca cmov pat pse36 clflush dts acpi mmx fxsr sse sse2 ss ht tm pbe syscall nx pdpe1gb rdtscp lm constant_tsc art arch_perfmon pebs bts rep_good nopl xtopology nonstop_tsc cpuid aperfmperf tsc_known_freq pni pclmulqdq dtes64 monitor ds_cpl vmx est tm2 ssse3 sdbg fma cx16 xtpr pdcm pcid sse4_1 sse4_2 x2apic movbe popcnt tsc_deadline_timer aes xsave avx f16c rdrand lahf_lm abm 3dnowprefetch cpuid_fault epb invpcid_single pti ssbd ibrs ibpb stibp tpr_shadow vnmi flexpriority ept vpid ept_ad fsgsbase tsc_adjust bmi1 avx2 smep bmi2 erms invpcid mpx rdseed adx smap clflushopt intel_pt xsaveopt xsavec xgetbv1 xsaves dtherm ida arat pln pts hwp hwp_notify hwp_act_window hwp_epp md_clear flush_l1d
bugs		: cpu_meltdown spectre_v1 spectre_v2 spec_store_bypass l1tf mds swapgs
bogomips	: 3985.00
clflush size	: 64
cache_alignment	: 64
address sizes	: 39 bits physical, 48 bits virtual
power management:

processor	: 2
vendor_id	: GenuineIntel
cpu family	: 6
model		: 142
model name	: Intel(R) Core(TM) i7-8550U CPU @ 1.80GHz
stepping	: 10
microcode	: 0xb4
cpu MHz		: 800.016
cache size	: 8192 KB
physical id	: 0
siblings	: 8
core id		: 2
cpu cores	: 4
apicid		: 4
initial apicid	: 4
fpu		: yes
fpu_exception	: yes
cpuid level	: 22
wp		: yes
flags		: fpu vme de pse tsc msr pae mce cx8 apic sep mtrr pge mca cmov pat pse36 clflush dts acpi mmx fxsr sse sse2 ss ht tm pbe syscall nx pdpe1gb rdtscp lm constant_tsc art arch_perfmon pebs bts rep_good nopl xtopology nonstop_tsc cpuid aperfmperf tsc_known_freq pni pclmulqdq dtes64 monitor ds_cpl vmx est tm2 ssse3 sdbg fma cx16 xtpr pdcm pcid sse4_1 sse4_2 x2apic movbe popcnt tsc_deadline_timer aes xsave avx f16c rdrand lahf_lm abm 3dnowprefetch cpuid_fault epb invpcid_single pti ssbd ibrs ibpb stibp tpr_shadow vnmi flexpriority ept vpid ept_ad fsgsbase tsc_adjust bmi1 avx2 smep bmi2 erms invpcid mpx rdseed adx smap clflushopt intel_pt xsaveopt xsavec xgetbv1 xsaves dtherm ida arat pln pts hwp hwp_notify hwp_act_window hwp_epp md_clear flush_l1d
bugs		: cpu_meltdown spectre_v1 spectre_v2 spec_store_bypass l1tf mds swapgs
bogomips	: 3985.00
clflush size	: 64
cache_alignment	: 64
address sizes	: 39 bits physical, 48 bits virtual
power management:

processor	: 3
vendor_id	: GenuineIntel
cpu family	: 6
model		: 142
model name	: Intel(R) Core(TM) i7-8550U CPU @ 1.80GHz
stepping	: 10
microcode	: 0xb4
cpu MHz		: 800.085
cache size	: 8192 KB
physical id	: 0
siblings	: 8
core id		: 3
cpu cores	: 4
apicid		: 6
initial apicid	: 6
fpu		: yes
fpu_exception	: yes
cpuid level	: 22
wp		: yes
flags		: fpu vme de pse tsc msr pae mce cx8 apic sep mtrr pge mca cmov pat pse36 clflush dts acpi mmx fxsr sse sse2 ss ht tm pbe syscall nx pdpe1gb rdtscp lm constant_tsc art arch_perfmon pebs bts rep_good nopl xtopology nonstop_tsc cpuid aperfmperf tsc_known_freq pni pclmulqdq dtes64 monitor ds_cpl vmx est tm2 ssse3 sdbg fma cx16 xtpr pdcm pcid sse4_1 sse4_2 x2apic movbe popcnt tsc_deadline_timer aes xsave avx f16c rdrand lahf_lm abm 3dnowprefetch cpuid_fault epb invpcid_single pti ssbd ibrs ibpb stibp tpr_shadow vnmi flexpriority ept vpid ept_ad fsgsbase tsc_adjust bmi1 avx2 smep bmi2 erms invpcid mpx rdseed adx smap clflushopt intel_pt xsaveopt xsavec xgetbv1 xsaves dtherm ida arat pln pts hwp hwp_notify hwp_act_window hwp_epp md_clear flush_l1d
bugs		: cpu_meltdown spectre_v1 spectre_v2 spec_store_bypass l1tf mds swapgs
bogomips	: 3985.00
clflush size	: 64
cache_alignment	: 64
address sizes	: 39 bits physical, 48 bits virtual
power management:

processor	: 4
vendor_id	: GenuineIntel
cpu family	: 6
model		: 142
model name	: Intel(R) Core(TM) i7-8550U CPU @ 1.80GHz
stepping	: 10
microcode	: 0xb4
cpu MHz		: 750.742
cache size	: 8192 KB
physical id	: 0
siblings	: 8
core id		: 0
cpu cores	: 4
apicid		: 1
initial apicid	: 1
fpu		: yes
fpu_exception	: yes
cpuid level	: 22
wp		: yes
flags		: fpu vme de pse tsc msr pae mce cx8 apic sep mtrr pge mca cmov pat pse36 clflush dts acpi mmx fxsr sse sse2 ss ht tm pbe syscall nx pdpe1gb rdtscp lm constant_tsc art arch_perfmon pebs bts rep_good nopl xtopology nonstop_tsc cpuid aperfmperf tsc_known_freq pni pclmulqdq dtes64 monitor ds_cpl vmx est tm2 ssse3 sdbg fma cx16 xtpr pdcm pcid sse4_1 sse4_2 x2apic movbe popcnt tsc_deadline_timer aes xsave avx f16c rdrand lahf_lm abm 3dnowprefetch cpuid_fault epb invpcid_single pti ssbd ibrs ibpb stibp tpr_shadow vnmi flexpriority ept vpid ept_ad fsgsbase tsc_adjust bmi1 avx2 smep bmi2 erms invpcid mpx rdseed adx smap clflushopt intel_pt xsaveopt xsavec xgetbv1 xsaves dtherm ida arat pln pts hwp hwp_notify hwp_act_window hwp_epp md_clear flush_l1d
bugs		: cpu_meltdown spectre_v1 spectre_v2 spec_store_bypass l1tf mds swapgs
bogomips	: 3985.00
clflush size	: 64
cache_alignment	: 64
address sizes	: 39 bits physical, 48 bits virtual
power management:

processor	: 5
vendor_id	: GenuineIntel
cpu family	: 6
model		: 142
model name	: Intel(R) Core(TM) i7-8550U CPU @ 1.80GHz
stepping	: 10
microcode	: 0xb4
cpu MHz		: 768.228
cache size	: 8192 KB
physical id	: 0
siblings	: 8
core id		: 1
cpu cores	: 4
apicid		: 3
initial apicid	: 3
fpu		: yes
fpu_exception	: yes
cpuid level	: 22
wp		: yes
flags		: fpu vme de pse tsc msr pae mce cx8 apic sep mtrr pge mca cmov pat pse36 clflush dts acpi mmx fxsr sse sse2 ss ht tm pbe syscall nx pdpe1gb rdtscp lm constant_tsc art arch_perfmon pebs bts rep_good nopl xtopology nonstop_tsc cpuid aperfmperf tsc_known_freq pni pclmulqdq dtes64 monitor ds_cpl vmx est tm2 ssse3 sdbg fma cx16 xtpr pdcm pcid sse4_1 sse4_2 x2apic movbe popcnt tsc_deadline_timer aes xsave avx f16c rdrand lahf_lm abm 3dnowprefetch cpuid_fault epb invpcid_single pti ssbd ibrs ibpb stibp tpr_shadow vnmi flexpriority ept vpid ept_ad fsgsbase tsc_adjust bmi1 avx2 smep bmi2 erms invpcid mpx rdseed adx smap clflushopt intel_pt xsaveopt xsavec xgetbv1 xsaves dtherm ida arat pln pts hwp hwp_notify hwp_act_window hwp_epp md_clear flush_l1d
bugs		: cpu_meltdown spectre_v1 spectre_v2 spec_store_bypass l1tf mds swapgs
bogomips	: 3985.00
clflush size	: 64
cache_alignment	: 64
address sizes	: 39 bits physical, 48 bits virtual
power management:

processor	: 6
vendor_id	: GenuineIntel
cpu family	: 6
model		: 142
model name	: Intel(R) Core(TM) i7-8550U CPU @ 1.80GHz
stepping	: 10
microcode	: 0xb4
cpu MHz		: 792.931
cache size	: 8192 KB
physical id	: 0
siblings	: 8
core id		: 2
cpu cores	: 4
apicid		: 5
initial apicid	: 5
fpu		: yes
fpu_exception	: yes
cpuid level	: 22
wp		: yes
flags		: fpu vme de pse tsc msr pae mce cx8 apic sep mtrr pge mca cmov pat pse36 clflush dts acpi mmx fxsr sse sse2 ss ht tm pbe syscall nx pdpe1gb rdtscp lm constant_tsc art arch_perfmon pebs bts rep_good nopl xtopology nonstop_tsc cpuid aperfmperf tsc_known_freq pni pclmulqdq dtes64 monitor ds_cpl vmx est tm2 ssse3 sdbg fma cx16 xtpr pdcm pcid sse4_1 sse4_2 x2apic movbe popcnt tsc_deadline_timer aes xsave avx f16c rdrand lahf_lm abm 3dnowprefetch cpuid_fault epb invpcid_single pti ssbd ibrs ibpb stibp tpr_shadow vnmi flexpriority ept vpid ept_ad fsgsbase tsc_adjust bmi1 avx2 smep bmi2 erms invpcid mpx rdseed adx smap clflushopt intel_pt xsaveopt xsavec xgetbv1 xsaves dtherm ida arat pln pts hwp hwp_notify hwp_act_window hwp_epp md_clear flush_l1d
bugs		: cpu_meltdown spectre_v1 spectre_v2 spec_store_bypass l1tf mds swapgs
bogomips	: 3985.00
clflush size	: 64
cache_alignment	: 64
address sizes	: 39 bits physical, 48 bits virtual
power management:

processor	: 7
vendor_id	: GenuineIntel
cpu family	: 6
model		: 142
model name	: Intel(R) Core(TM) i7-8550U CPU @ 1.80GHz
stepping	: 10
microcode	: 0xb4
cpu MHz		: 800.073
cache size	: 8192 KB
physical id	: 0
siblings	: 8
core id		: 3
cpu cores	: 4
apicid		: 7
initial apicid	: 7
fpu		: yes
fpu_exception	: yes
cpuid level	: 22
wp		: yes
flags		: fpu vme de pse tsc msr pae mce cx8 apic sep mtrr pge mca cmov pat pse36 clflush dts acpi mmx fxsr sse sse2 ss ht tm pbe syscall nx pdpe1gb rdtscp lm constant_tsc art arch_perfmon pebs bts rep_good nopl xtopology nonstop_tsc cpuid aperfmperf tsc_known_freq pni pclmulqdq dtes64 monitor ds_cpl vmx est tm2 ssse3 sdbg fma cx16 xtpr pdcm pcid sse4_1 sse4_2 x2apic movbe popcnt tsc_deadline_timer aes xsave avx f16c rdrand lahf_lm abm 3dnowprefetch cpuid_fault epb invpcid_single pti ssbd ibrs ibpb stibp tpr_shadow vnmi flexpriority ept vpid ept_ad fsgsbase tsc_adjust bmi1 avx2 smep bmi2 erms invpcid mpx rdseed adx smap clflushopt intel_pt xsaveopt xsavec xgetbv1 xsaves dtherm ida arat pln pts hwp hwp_notify hwp_act_window hwp_epp md_clear flush_l1d
bugs		: cpu_meltdown spectre_v1 spectre_v2 spec_store_bypass l1tf mds swapgs
bogomips	: 3985.00
clflush size	: 64
cache_alignment	: 64
address sizes	: 39 bits physical, 48 bits virtual
power management:



Memory: 4k page, physical 8064344k(623280k free), swap 0k(0k free)

vm_info: OpenJDK 64-Bit Server VM (25.222-b05) for linux-amd64 JRE (1.8.0_222-b05), built on Jun 18 2019 08:19:03 by "builduser" with gcc 8.3.0

time: Thu Nov 28 21:30:46 2019
timezone: GMT
elapsed time: 200 seconds (0d 0h 3m 20s)

