#
# A fatal error has been detected by the Java Runtime Environment:
#
#  SIGBUS (0x7) at pc=0x00007f83ae0ba671, pid=13223, tid=0x00007f83805f6700
#
# JRE version: OpenJDK Runtime Environment (8.0_222-b05) (build 1.8.0_222-b05)
# Java VM: OpenJDK 64-Bit Server VM (25.222-b05 mixed mode linux-amd64 compressed oops)
# Problematic frame:
# C  [libzip.so+0x5671]
#
# Core dump written. Default location: /home/markg/Documents/Fourth year/Distributed Systems/subPart2/core or core.13223
#
# If you would like to submit a bug report, please visit:
#   http://bugreport.java.com/bugreport/crash.jsp
# The crash happened outside the Java Virtual Machine in native code.
# See problematic frame for where to report the bug.
#

---------------  T H R E A D  ---------------

Current thread (0x00007f82c0003000):  JavaThread "Thread-11" [_thread_in_native, id=13374, stack(0x00007f83804f6000,0x00007f83805f7000)]

siginfo: si_signo: 7 (SIGBUS), si_code: 2 (BUS_ADRERR), si_addr: 0x00007f838a88b909

Registers:
RAX=0x00007f82b8001180, RBX=0x00007f83a825b5a0, RCX=0x00007f82b80011c0, RDX=0x00007f82b8000020
RSP=0x00007f83805f3690, RBP=0x00007f83805f3700, RSI=0x0000000000000000, RDI=0x0000000000000004
R8 =0x00007f82b8001180, R9 =0x00007f83aefbe960, R10=0x0000000000000050, R11=0x00007f82b8000080
R12=0x000000000009c8eb, R13=0x000000009ac6435b, R14=0x00007f838a88b8eb, R15=0x00007f82b8001180
RIP=0x00007f83ae0ba671, EFLAGS=0x0000000000010206, CSGSFS=0x002b000000000033, ERR=0x0000000000000004
  TRAPNO=0x000000000000000e

Top of Stack: (sp=0x00007f83805f3690)
0x00007f83805f3690:   000000008096bf98 0000000000000000
0x00007f83805f36a0:   0000000000000000 0000000080a5ceb8
0x00007f83805f36b0:   0000000080a5ce98 0000000000000000
0x00007f83805f36c0:   0000000000000000 00007f83aeb73512
0x00007f83805f36d0:   000000000000002b 00007f83a823db90
0x00007f83805f36e0:   000000000000002b 000000009ac6435b
0x00007f83805f36f0:   00007f82bc0011f0 00007f83a825b5a0
0x00007f83805f3700:   00007f83805f3750 00007f83ae0bb33e
0x00007f83805f3710:   0000002b01000000 00007f83805f3770
0x00007f83805f3720:   000000008096bf78 000000000000002b
0x00007f83805f3730:   00007f82c00031e0 00007f83805f3770
0x00007f83805f3740:   00007f83a825b5a0 00007f83805f3bc8
0x00007f83805f3750:   00007f83805f3bb0 00007f83ae0b92d7
0x00007f83805f3760:   0000000000000000 0000000100000000
0x00007f83805f3770:   696c63652f67726f 7474656a2f657370
0x00007f83805f3780:   462f6c6974752f79 6c61436572757475
0x00007f83805f3790:   6c632e6b6361626c 0000000000737361
0x00007f83805f37a0:   0000000000000000 0000000000000000
0x00007f83805f37b0:   0000000000000000 0000000000000000
0x00007f83805f37c0:   0000000000000000 0000000000000000
0x00007f83805f37d0:   0000000000000000 0000000000000000
0x00007f83805f37e0:   0000000000000000 0000000089149fe8
0x00007f83805f37f0:   0000000080a5ce38 0000000000000000
0x00007f83805f3800:   0000000000000000 0000000000000000
0x00007f83805f3810:   0000000000000000 0000000000000000
0x00007f83805f3820:   0000000000000000 0000000000000000
0x00007f83805f3830:   0000000000000000 0000000000000000
0x00007f83805f3840:   0000000000000000 0000000080a5ce18
0x00007f83805f3850:   0000000080a5cdf8 0000000000000000
0x00007f83805f3860:   0000000000000000 0000000000000000
0x00007f83805f3870:   0000000000000000 0000000000000000
0x00007f83805f3880:   0000000000000000 0000000080a5cdb8 

Instructions: (pc=0x00007f83ae0ba671)
0x00007f83ae0ba651:   00 00 00 4d 8b 24 24 48 c7 40 28 00 00 00 00 0f
0x00007f83ae0ba661:   84 3a 01 00 00 4c 8b 73 18 4c 2b 63 28 4d 01 e6
0x00007f83ae0ba671:   41 0f b7 46 1e 45 0f b7 6e 1c 48 c7 45 c8 00 00
0x00007f83ae0ba681:   00 00 66 89 45 c2 41 0f b7 46 20 4d 89 ec 66 89 

Register to memory mapping:

RAX=0x00007f82b8001180 is an unknown value
RBX=0x00007f83a825b5a0 is an unknown value
RCX=0x00007f82b80011c0 is an unknown value
RDX=0x00007f82b8000020 is an unknown value
RSP=0x00007f83805f3690 is pointing into the stack for thread: 0x00007f82c0003000
RBP=0x00007f83805f3700 is pointing into the stack for thread: 0x00007f82c0003000
RSI=0x0000000000000000 is an unknown value
RDI=0x0000000000000004 is an unknown value
R8 =0x00007f82b8001180 is an unknown value
R9 =0x00007f83aefbe960: <offset 0xc7f960> in /usr/lib/jvm/java-8-openjdk/jre/lib/amd64/server/libjvm.so at 0x00007f83ae33f000
R10=0x0000000000000050 is an unknown value
R11=0x00007f82b8000080 is an unknown value
R12=0x000000000009c8eb is an unknown value
R13=0x000000009ac6435b is an unallocated location in the heap
R14=0x00007f838a88b8eb is an unknown value
R15=0x00007f82b8001180 is an unknown value


Stack: [0x00007f83804f6000,0x00007f83805f7000],  sp=0x00007f83805f3690,  free space=1013k
Native frames: (J=compiled Java code, j=interpreted, Vv=VM code, C=native code)
C  [libzip.so+0x5671]
C  [libzip.so+0x633e]
C  [libzip.so+0x42d7]  Java_java_util_zip_ZipFile_getEntry+0x87
J 203  java.util.zip.ZipFile.getEntry(J[BZ)J (0 bytes) @ 0x00007f839917690e [0x00007f8399176840+0xce]
J 274 C1 java.util.zip.ZipFile.getEntry(Ljava/lang/String;)Ljava/util/zip/ZipEntry; (101 bytes) @ 0x00007f83991a40cc [0x00007f83991a3e60+0x26c]
J 389 C1 java.util.jar.JarFile.getEntry(Ljava/lang/String;)Ljava/util/zip/ZipEntry; (22 bytes) @ 0x00007f83991f6de4 [0x00007f83991f6d60+0x84]
J 362 C2 sun.misc.URLClassPath$JarLoader.getResource(Ljava/lang/String;Z)Lsun/misc/Resource; (85 bytes) @ 0x00007f83991e3df0 [0x00007f83991e3b60+0x290]
J 1242 C2 sun.misc.URLClassPath.getResource(Ljava/lang/String;Z)Lsun/misc/Resource; (83 bytes) @ 0x00007f83993e63ac [0x00007f83993e6260+0x14c]
J 2264 C2 java.net.URLClassLoader$1.run()Ljava/lang/Object; (5 bytes) @ 0x00007f83997221f8 [0x00007f8399721d40+0x4b8]
v  ~StubRoutines::call_stub
V  [libjvm.so+0x6364ae]
V  [libjvm.so+0x683f11]  JVM_DoPrivileged+0x2d1
J 162  java.security.AccessController.doPrivileged(Ljava/security/PrivilegedExceptionAction;Ljava/security/AccessControlContext;)Ljava/lang/Object; (0 bytes) @ 0x00007f8399166315 [0x00007f8399166240+0xd5]
J 1910 C2 java.net.URLClassLoader.findClass(Ljava/lang/String;)Ljava/lang/Class; (47 bytes) @ 0x00007f83995dc3f0 [0x00007f83995dc360+0x90]
J 1774 C2 java.lang.ClassLoader.loadClass(Ljava/lang/String;Z)Ljava/lang/Class; (122 bytes) @ 0x00007f839959e8f8 [0x00007f839959de60+0xa98]
J 192 C1 sun.misc.Launcher$AppClassLoader.loadClass(Ljava/lang/String;Z)Ljava/lang/Class; (85 bytes) @ 0x00007f8399173b8c [0x00007f8399173200+0x98c]
J 190 C1 java.lang.ClassLoader.loadClass(Ljava/lang/String;)Ljava/lang/Class; (7 bytes) @ 0x00007f8399172e44 [0x00007f8399172d40+0x104]
v  ~StubRoutines::call_stub
V  [libjvm.so+0x6364ae]
V  [libjvm.so+0x633c48]
V  [libjvm.so+0x6342c5]
V  [libjvm.so+0x983228]
V  [libjvm.so+0x983b63]
V  [libjvm.so+0x985ab2]
V  [libjvm.so+0x4a1529]
V  [libjvm.so+0x6278c0]
j  org.eclipse.jetty.server.AbstractConnector.shutdown()Ljava/util/concurrent/Future;+0
j  org.eclipse.jetty.server.AbstractNetworkConnector.shutdown()Ljava/util/concurrent/Future;+5
j  org.eclipse.jetty.server.ServerConnector.shutdown()Ljava/util/concurrent/Future;+1
j  org.eclipse.jetty.server.Server.doStop()V+89
j  org.eclipse.jetty.util.component.AbstractLifeCycle.stop()V+30
j  org.eclipse.jetty.util.thread.ShutdownThread.run()V+41
v  ~StubRoutines::call_stub
V  [libjvm.so+0x6364ae]
V  [libjvm.so+0x633c48]
V  [libjvm.so+0x634213]
V  [libjvm.so+0x67413e]
V  [libjvm.so+0x9b5c1f]
V  [libjvm.so+0x9b5f45]
V  [libjvm.so+0x86dd54]
C  [libpthread.so.0+0x94cf]  start_thread+0xdf

Java frames: (J=compiled Java code, j=interpreted, Vv=VM code)
J 203  java.util.zip.ZipFile.getEntry(J[BZ)J (0 bytes) @ 0x00007f8399176898 [0x00007f8399176840+0x58]
J 274 C1 java.util.zip.ZipFile.getEntry(Ljava/lang/String;)Ljava/util/zip/ZipEntry; (101 bytes) @ 0x00007f83991a40cc [0x00007f83991a3e60+0x26c]
J 389 C1 java.util.jar.JarFile.getEntry(Ljava/lang/String;)Ljava/util/zip/ZipEntry; (22 bytes) @ 0x00007f83991f6de4 [0x00007f83991f6d60+0x84]
J 362 C2 sun.misc.URLClassPath$JarLoader.getResource(Ljava/lang/String;Z)Lsun/misc/Resource; (85 bytes) @ 0x00007f83991e3df0 [0x00007f83991e3b60+0x290]
J 1242 C2 sun.misc.URLClassPath.getResource(Ljava/lang/String;Z)Lsun/misc/Resource; (83 bytes) @ 0x00007f83993e63ac [0x00007f83993e6260+0x14c]
J 2264 C2 java.net.URLClassLoader$1.run()Ljava/lang/Object; (5 bytes) @ 0x00007f83997221f8 [0x00007f8399721d40+0x4b8]
v  ~StubRoutines::call_stub
J 162  java.security.AccessController.doPrivileged(Ljava/security/PrivilegedExceptionAction;Ljava/security/AccessControlContext;)Ljava/lang/Object; (0 bytes) @ 0x00007f83991662a3 [0x00007f8399166240+0x63]
J 1910 C2 java.net.URLClassLoader.findClass(Ljava/lang/String;)Ljava/lang/Class; (47 bytes) @ 0x00007f83995dc3f0 [0x00007f83995dc360+0x90]
J 1774 C2 java.lang.ClassLoader.loadClass(Ljava/lang/String;Z)Ljava/lang/Class; (122 bytes) @ 0x00007f839959e8f8 [0x00007f839959de60+0xa98]
J 192 C1 sun.misc.Launcher$AppClassLoader.loadClass(Ljava/lang/String;Z)Ljava/lang/Class; (85 bytes) @ 0x00007f8399173b8c [0x00007f8399173200+0x98c]
J 190 C1 java.lang.ClassLoader.loadClass(Ljava/lang/String;)Ljava/lang/Class; (7 bytes) @ 0x00007f8399172e44 [0x00007f8399172d40+0x104]
v  ~StubRoutines::call_stub
j  org.eclipse.jetty.server.AbstractConnector.shutdown()Ljava/util/concurrent/Future;+0
j  org.eclipse.jetty.server.AbstractNetworkConnector.shutdown()Ljava/util/concurrent/Future;+5
j  org.eclipse.jetty.server.ServerConnector.shutdown()Ljava/util/concurrent/Future;+1
j  org.eclipse.jetty.server.Server.doStop()V+89
j  org.eclipse.jetty.util.component.AbstractLifeCycle.stop()V+30
j  org.eclipse.jetty.util.thread.ShutdownThread.run()V+41
v  ~StubRoutines::call_stub

---------------  P R O C E S S  ---------------

Java Threads: ( => current thread )
=>0x00007f82c0003000 JavaThread "Thread-11" [_thread_in_native, id=13374, stack(0x00007f83804f6000,0x00007f83805f7000)]
  0x00007f8358001000 JavaThread "SIGINT handler" daemon [_thread_blocked, id=13373, stack(0x00007f83806f8000,0x00007f83807f9000)]
  0x00007f82c0001000 JavaThread "dw-admin-49" [_thread_blocked, id=13331, stack(0x00007f83805f7000,0x00007f83806f8000)]
  0x00007f8324001800 JavaThread "dw-48" [_thread_blocked, id=13317, stack(0x00007f8380bfb000,0x00007f8380cfc000)]
  0x00007f8330001800 JavaThread "dw-47" [_thread_in_native, id=13316, stack(0x00007f8388885000,0x00007f8388986000)]
  0x00007f832c002800 JavaThread "Scheduler-951988316" [_thread_blocked, id=13281, stack(0x00007f83807f9000,0x00007f83808fa000)]
  0x00007f82d0003000 JavaThread "dw-44" [_thread_in_native, id=13280, stack(0x00007f8380afa000,0x00007f8380bfb000)]
  0x00007f82f4001000 JavaThread "dw-43" [_thread_blocked, id=13279, stack(0x00007f8380cfc000,0x00007f8380dfd000)]
  0x00007f82d8001000 JavaThread "dw-admin-40-acceptor-3@544e4cd5-admin@4ba534b0{HTTP/1.1,[http/1.1]}{0.0.0.0:8081}" [_thread_blocked, id=13270, stack(0x00007f8380dfd000,0x00007f8380efe000)]
  0x00007f82d4001000 JavaThread "dw-admin-39-acceptor-2@7d8ad497-admin@4ba534b0{HTTP/1.1,[http/1.1]}{0.0.0.0:8081}" [_thread_blocked, id=13269, stack(0x00007f8380efe000,0x00007f8380fff000)]
  0x00007f82e0001000 JavaThread "dw-admin-38-acceptor-1@821fe17-admin@4ba534b0{HTTP/1.1,[http/1.1]}{0.0.0.0:8081}" [_thread_blocked, id=13268, stack(0x00007f838807d000,0x00007f838817e000)]
  0x00007f82dc001000 JavaThread "dw-admin-37-acceptor-0@c231078-admin@4ba534b0{HTTP/1.1,[http/1.1]}{0.0.0.0:8081}" [_thread_in_native, id=13267, stack(0x00007f838817e000,0x00007f838827f000)]
  0x00007f82e8001000 JavaThread "dw-admin-36" [_thread_in_native, id=13266, stack(0x00007f838827f000,0x00007f8388380000)]
  0x00007f82e4001000 JavaThread "dw-admin-35" [_thread_in_native, id=13265, stack(0x00007f8388380000,0x00007f8388481000)]
  0x00007f82f0001000 JavaThread "dw-admin-34" [_thread_in_native, id=13264, stack(0x00007f8388481000,0x00007f8388582000)]
  0x00007f82ec001000 JavaThread "dw-admin-33" [_thread_in_native, id=13263, stack(0x00007f8388582000,0x00007f8388683000)]
  0x00007f82f8001000 JavaThread "dw-admin-32" [_thread_in_native, id=13262, stack(0x00007f8388683000,0x00007f8388784000)]
  0x00007f8300001000 JavaThread "dw-admin-30" [_thread_in_native, id=13261, stack(0x00007f8388784000,0x00007f8388885000)]
  0x00007f83a800a800 JavaThread "DestroyJavaVM" [_thread_blocked, id=13224, stack(0x00007f83ae0f9000,0x00007f83ae1f9000)]
  0x00007f830c001000 JavaThread "dw-admin-28" [_thread_in_native, id=13259, stack(0x00007f8388986000,0x00007f8388a87000)]
  0x00007f8308001000 JavaThread "dw-27-acceptor-3@388e0a5b-application@71ae31b0{HTTP/1.1,[http/1.1]}{0.0.0.0:8080}" [_thread_blocked, id=13258, stack(0x00007f8388a87000,0x00007f8388b88000)]
  0x00007f8310003000 JavaThread "dw-26-acceptor-2@2a3c3fe0-application@71ae31b0{HTTP/1.1,[http/1.1]}{0.0.0.0:8080}" [_thread_blocked, id=13257, stack(0x00007f8388b88000,0x00007f8388c89000)]
  0x00007f8304001000 JavaThread "dw-25-acceptor-1@140051a3-application@71ae31b0{HTTP/1.1,[http/1.1]}{0.0.0.0:8080}" [_thread_blocked, id=13256, stack(0x00007f83891b9000,0x00007f83892ba000)]
  0x00007f8310001000 JavaThread "dw-24-acceptor-0@138068d5-application@71ae31b0{HTTP/1.1,[http/1.1]}{0.0.0.0:8080}" [_thread_blocked, id=13255, stack(0x00007f8388c89000,0x00007f8388d8a000)]
  0x00007f83a88bb000 JavaThread "dw-admin-22" [_thread_in_native, id=13253, stack(0x00007f8389bed000,0x00007f8389cee000)]
  0x00007f83a88a6800 JavaThread "dw-20" [_thread_in_native, id=13252, stack(0x00007f83892ba000,0x00007f83893bb000)]
  0x00007f83a88a5000 JavaThread "dw-19" [_thread_in_native, id=13251, stack(0x00007f83893bb000,0x00007f83894bc000)]
  0x00007f83a88a3000 JavaThread "dw-18" [_thread_in_native, id=13250, stack(0x00007f83894bc000,0x00007f83895bd000)]
  0x00007f83a88a1800 JavaThread "dw-17" [_thread_in_native, id=13249, stack(0x00007f83895bd000,0x00007f83896be000)]
  0x00007f83a88a0000 JavaThread "dw-16" [_thread_in_native, id=13248, stack(0x00007f83896be000,0x00007f83897bf000)]
  0x00007f83a889e000 JavaThread "dw-15" [_thread_in_native, id=13247, stack(0x00007f83897bf000,0x00007f83898c0000)]
  0x00007f83a889c800 JavaThread "dw-14" [_thread_blocked, id=13246, stack(0x00007f83898c0000,0x00007f83899c1000)]
  0x00007f83a8837800 JavaThread "dw-13" [_thread_blocked, id=13245, stack(0x00007f83899c1000,0x00007f8389ac2000)]
  0x00007f83a8834800 JavaThread "AsyncAppender-Worker-async-console-appender" daemon [_thread_blocked, id=13244, stack(0x00007f8389ac2000,0x00007f8389bc3000)]
  0x00007f83a8738800 JavaThread "AsyncAppender-Worker-async-console-appender" daemon [_thread_blocked, id=13243, stack(0x00007f8389eee000,0x00007f8389fef000)]
  0x00007f83a8219800 JavaThread "Service Thread" daemon [_thread_blocked, id=13241, stack(0x00007f838aa06000,0x00007f838ab07000)]
  0x00007f83a820e800 JavaThread "C1 CompilerThread3" daemon [_thread_blocked, id=13240, stack(0x00007f838ab08000,0x00007f838ac08000)]
  0x00007f83a820c000 JavaThread "C2 CompilerThread2" daemon [_thread_blocked, id=13239, stack(0x00007f838ac09000,0x00007f838ad09000)]
  0x00007f83a820a800 JavaThread "C2 CompilerThread1" daemon [_thread_blocked, id=13238, stack(0x00007f838ad0a000,0x00007f838ae0a000)]
  0x00007f83a8207800 JavaThread "C2 CompilerThread0" daemon [_thread_blocked, id=13237, stack(0x00007f838ae0b000,0x00007f838af0b000)]
  0x00007f83a8206000 JavaThread "Signal Dispatcher" daemon [_thread_blocked, id=13236, stack(0x00007f838af0b000,0x00007f838b00c000)]
  0x00007f83a81d3000 JavaThread "Finalizer" daemon [_thread_blocked, id=13235, stack(0x00007f838b2f3000,0x00007f838b3f4000)]
  0x00007f83a81d0800 JavaThread "Reference Handler" daemon [_thread_blocked, id=13234, stack(0x00007f838b3f4000,0x00007f838b4f5000)]

Other Threads:
  0x00007f83a81c7000 VMThread [stack: 0x00007f838b4f6000,0x00007f838b5f6000] [id=13233]
  0x00007f83a821c000 WatcherThread [stack: 0x00007f838a906000,0x00007f838aa06000] [id=13242]

VM state:not at safepoint (normal execution)

VM Mutex/Monitor currently owned by a thread: None

heap address: 0x0000000084e00000, size: 1970 MB, Compressed Oops mode: 32-bit
Narrow klass base: 0x0000000000000000, Narrow klass shift: 3
Compressed class space size: 1073741824 Address: 0x0000000100000000

Heap:
 PSYoungGen      total 68608K, used 61268K [0x00000000d6f80000, 0x00000000df580000, 0x0000000100000000)
  eden space 63488K, 96% used [0x00000000d6f80000,0x00000000dab55358,0x00000000dad80000)
  from space 5120K, 0% used [0x00000000dad80000,0x00000000dad80000,0x00000000db280000)
  to   space 5120K, 0% used [0x00000000df080000,0x00000000df080000,0x00000000df580000)
 ParOldGen       total 59904K, used 8246K [0x0000000084e00000, 0x0000000088880000, 0x00000000d6f80000)
  object space 59904K, 13% used [0x0000000084e00000,0x000000008560d9d8,0x0000000088880000)
 Metaspace       used 27071K, capacity 27412K, committed 27648K, reserved 1073152K
  class space    used 3444K, capacity 3554K, committed 3584K, reserved 1048576K

Card table byte_map: [0x00007f83ad91b000,0x00007f83adcf5000] byte_map_base: 0x00007f83ad4f4000

Marking Bits: (ParMarkBitMap*) 0x00007f83aefeac40
 Begin Bits: [0x00007f8390270000, 0x00007f8392138000)
 End Bits:   [0x00007f8392138000, 0x00007f8394000000)

Polling page: 0x00007f83af480000

CodeCache: size=245760Kb used=7429Kb max_used=7429Kb free=238330Kb
 bounds [0x00007f8399000000, 0x00007f8399750000, 0x00007f83a8000000]
 total_blobs=2807 nmethods=2353 adapters=368
 compilation: enabled

Compilation events (10 events):
Event: 118.377 Thread 0x00007f83a820e800 2370       1       org.glassfish.jersey.server.model.ResourceMethod$Data::getInvocable (5 bytes)
Event: 118.377 Thread 0x00007f83a820e800 nmethod 2370 0x00007f83996f3190 code [0x00007f83996f32e0, 0x00007f83996f33f0]
Event: 118.377 Thread 0x00007f83a820e800 2371       1       org.jvnet.hk2.internal.Utilities$4::getMethodInterceptors (2 bytes)
Event: 118.377 Thread 0x00007f83a820e800 nmethod 2371 0x00007f83996f2ed0 code [0x00007f83996f3020, 0x00007f83996f3130]
Event: 118.377 Thread 0x00007f83a820e800 2372       1       org.jvnet.hk2.internal.Utilities$4::getConstructorInterceptors (2 bytes)
Event: 118.377 Thread 0x00007f83a820e800 nmethod 2372 0x00007f83996f2c10 code [0x00007f83996f2d60, 0x00007f83996f2e70]
Event: 118.378 Thread 0x00007f83a820e800 2375       3       java.util.BitSet::wordIndex (5 bytes)
Event: 118.378 Thread 0x00007f83a820e800 nmethod 2375 0x00007f83996f2910 code [0x00007f83996f2a60, 0x00007f83996f2b90]
Event: 118.378 Thread 0x00007f83a820e800 2374       3       java.util.Calendar::complete (40 bytes)
Event: 118.379 Thread 0x00007f83a820e800 nmethod 2374 0x00007f8399746710 code [0x00007f83997468a0, 0x00007f8399746c98]

GC Heap History (8 events):
Event: 0.720 GC heap before
{Heap before GC invocations=1 (full 0):
 PSYoungGen      total 36864K, used 31744K [0x00000000d6f80000, 0x00000000d9880000, 0x0000000100000000)
  eden space 31744K, 100% used [0x00000000d6f80000,0x00000000d8e80000,0x00000000d8e80000)
  from space 5120K, 0% used [0x00000000d9380000,0x00000000d9380000,0x00000000d9880000)
  to   space 5120K, 0% used [0x00000000d8e80000,0x00000000d8e80000,0x00000000d9380000)
 ParOldGen       total 84992K, used 0K [0x0000000084e00000, 0x000000008a100000, 0x00000000d6f80000)
  object space 84992K, 0% used [0x0000000084e00000,0x0000000084e00000,0x000000008a100000)
 Metaspace       used 14141K, capacity 14272K, committed 14336K, reserved 1062912K
  class space    used 1701K, capacity 1760K, committed 1792K, reserved 1048576K
Event: 0.729 GC heap after
Heap after GC invocations=1 (full 0):
 PSYoungGen      total 36864K, used 5116K [0x00000000d6f80000, 0x00000000db780000, 0x0000000100000000)
  eden space 31744K, 0% used [0x00000000d6f80000,0x00000000d6f80000,0x00000000d8e80000)
  from space 5120K, 99% used [0x00000000d8e80000,0x00000000d937f058,0x00000000d9380000)
  to   space 5120K, 0% used [0x00000000db280000,0x00000000db280000,0x00000000db780000)
 ParOldGen       total 84992K, used 3500K [0x0000000084e00000, 0x000000008a100000, 0x00000000d6f80000)
  object space 84992K, 4% used [0x0000000084e00000,0x000000008516b320,0x000000008a100000)
 Metaspace       used 14141K, capacity 14272K, committed 14336K, reserved 1062912K
  class space    used 1701K, capacity 1760K, committed 1792K, reserved 1048576K
}
Event: 1.253 GC heap before
{Heap before GC invocations=2 (full 0):
 PSYoungGen      total 36864K, used 36860K [0x00000000d6f80000, 0x00000000db780000, 0x0000000100000000)
  eden space 31744K, 100% used [0x00000000d6f80000,0x00000000d8e80000,0x00000000d8e80000)
  from space 5120K, 99% used [0x00000000d8e80000,0x00000000d937f058,0x00000000d9380000)
  to   space 5120K, 0% used [0x00000000db280000,0x00000000db280000,0x00000000db780000)
 ParOldGen       total 84992K, used 3500K [0x0000000084e00000, 0x000000008a100000, 0x00000000d6f80000)
  object space 84992K, 4% used [0x0000000084e00000,0x000000008516b320,0x000000008a100000)
 Metaspace       used 18655K, capacity 18938K, committed 19072K, reserved 1067008K
  class space    used 2265K, capacity 2357K, committed 2432K, reserved 1048576K
Event: 1.264 GC heap after
Heap after GC invocations=2 (full 0):
 PSYoungGen      total 68608K, used 5120K [0x00000000d6f80000, 0x00000000db780000, 0x0000000100000000)
  eden space 63488K, 0% used [0x00000000d6f80000,0x00000000d6f80000,0x00000000dad80000)
  from space 5120K, 100% used [0x00000000db280000,0x00000000db780000,0x00000000db780000)
  to   space 5120K, 0% used [0x00000000dad80000,0x00000000dad80000,0x00000000db280000)
 ParOldGen       total 84992K, used 6882K [0x0000000084e00000, 0x000000008a100000, 0x00000000d6f80000)
  object space 84992K, 8% used [0x0000000084e00000,0x00000000854b8b68,0x000000008a100000)
 Metaspace       used 18655K, capacity 18938K, committed 19072K, reserved 1067008K
  class space    used 2265K, capacity 2357K, committed 2432K, reserved 1048576K
}
Event: 1.421 GC heap before
{Heap before GC invocations=3 (full 0):
 PSYoungGen      total 68608K, used 16572K [0x00000000d6f80000, 0x00000000db780000, 0x0000000100000000)
  eden space 63488K, 18% used [0x00000000d6f80000,0x00000000d7aaf1c0,0x00000000dad80000)
  from space 5120K, 100% used [0x00000000db280000,0x00000000db780000,0x00000000db780000)
  to   space 5120K, 0% used [0x00000000dad80000,0x00000000dad80000,0x00000000db280000)
 ParOldGen       total 84992K, used 6882K [0x0000000084e00000, 0x000000008a100000, 0x00000000d6f80000)
  object space 84992K, 8% used [0x0000000084e00000,0x00000000854b8b68,0x000000008a100000)
 Metaspace       used 20933K, capacity 21184K, committed 21296K, reserved 1069056K
  class space    used 2586K, capacity 2680K, committed 2688K, reserved 1048576K
Event: 1.432 GC heap after
Heap after GC invocations=3 (full 0):
 PSYoungGen      total 68608K, used 5104K [0x00000000d6f80000, 0x00000000df580000, 0x0000000100000000)
  eden space 63488K, 0% used [0x00000000d6f80000,0x00000000d6f80000,0x00000000dad80000)
  from space 5120K, 99% used [0x00000000dad80000,0x00000000db27c010,0x00000000db280000)
  to   space 5120K, 0% used [0x00000000df080000,0x00000000df080000,0x00000000df580000)
 ParOldGen       total 84992K, used 9842K [0x0000000084e00000, 0x000000008a100000, 0x00000000d6f80000)
  object space 84992K, 11% used [0x0000000084e00000,0x000000008579c8e0,0x000000008a100000)
 Metaspace       used 20933K, capacity 21184K, committed 21296K, reserved 1069056K
  class space    used 2586K, capacity 2680K, committed 2688K, reserved 1048576K
}
Event: 1.432 GC heap before
{Heap before GC invocations=4 (full 1):
 PSYoungGen      total 68608K, used 5104K [0x00000000d6f80000, 0x00000000df580000, 0x0000000100000000)
  eden space 63488K, 0% used [0x00000000d6f80000,0x00000000d6f80000,0x00000000dad80000)
  from space 5120K, 99% used [0x00000000dad80000,0x00000000db27c010,0x00000000db280000)
  to   space 5120K, 0% used [0x00000000df080000,0x00000000df080000,0x00000000df580000)
 ParOldGen       total 84992K, used 9842K [0x0000000084e00000, 0x000000008a100000, 0x00000000d6f80000)
  object space 84992K, 11% used [0x0000000084e00000,0x000000008579c8e0,0x000000008a100000)
 Metaspace       used 20933K, capacity 21184K, committed 21296K, reserved 1069056K
  class space    used 2586K, capacity 2680K, committed 2688K, reserved 1048576K
Event: 1.476 GC heap after
Heap after GC invocations=4 (full 1):
 PSYoungGen      total 68608K, used 0K [0x00000000d6f80000, 0x00000000df580000, 0x0000000100000000)
  eden space 63488K, 0% used [0x00000000d6f80000,0x00000000d6f80000,0x00000000dad80000)
  from space 5120K, 0% used [0x00000000dad80000,0x00000000dad80000,0x00000000db280000)
  to   space 5120K, 0% used [0x00000000df080000,0x00000000df080000,0x00000000df580000)
 ParOldGen       total 59904K, used 8246K [0x0000000084e00000, 0x0000000088880000, 0x00000000d6f80000)
  object space 59904K, 13% used [0x0000000084e00000,0x000000008560d9d8,0x0000000088880000)
 Metaspace       used 20933K, capacity 21184K, committed 21296K, reserved 1069056K
  class space    used 2586K, capacity 2680K, committed 2688K, reserved 1048576K
}

Deoptimization events (10 events):
Event: 1.668 Thread 0x00007f83a800a800 Uncommon trap: reason=unstable_if action=reinterpret pc=0x00007f83995deee8 method=java.util.Properties.loadConvert([CII[C)Ljava/lang/String; @ 57
Event: 1.725 Thread 0x00007f83a800a800 Uncommon trap: reason=unstable_if action=reinterpret pc=0x00007f839962a648 method=java.lang.Class.searchMethods([Ljava/lang/reflect/Method;Ljava/lang/String;[Ljava/lang/Class;)Ljava/lang/reflect/Method; @ 47
Event: 1.768 Thread 0x00007f83a800a800 Uncommon trap: reason=unstable_if action=reinterpret pc=0x00007f8399394938 method=java.util.concurrent.ConcurrentHashMap.putVal(Ljava/lang/Object;Ljava/lang/Object;Z)Ljava/lang/Object; @ 331
Event: 11.269 Thread 0x00007f82d0003000 Uncommon trap: reason=unstable_if action=reinterpret pc=0x00007f83992e11e0 method=java.lang.CharacterDataLatin1.isWhitespace(I)Z @ 14
Event: 11.273 Thread 0x00007f83a8837800 Uncommon trap: reason=unstable_if action=reinterpret pc=0x00007f83995a6d78 method=java.util.HashMap$HashIterator.<init>(Ljava/util/HashMap;)V @ 45
Event: 11.273 Thread 0x00007f82fc001000 Uncommon trap: reason=unstable_if action=reinterpret pc=0x00007f83994aac1c method=java.util.HashMap$HashIterator.<init>(Ljava/util/HashMap;)V @ 45
Event: 11.570 Thread 0x00007f82d0003000 Uncommon trap: reason=unstable_if action=reinterpret pc=0x00007f83996e5dfc method=java.util.concurrent.ConcurrentHashMap.get(Ljava/lang/Object;)Ljava/lang/Object; @ 99
Event: 11.589 Thread 0x00007f82fc001000 Uncommon trap: reason=unstable_if action=reinterpret pc=0x00007f839945d6b4 method=java.util.HashMap$HashIterator.<init>(Ljava/util/HashMap;)V @ 45
Event: 90.932 Thread 0x00007f83a8837800 Uncommon trap: reason=unstable_if action=reinterpret pc=0x00007f83994daa2c method=java.util.LinkedHashMap.get(Ljava/lang/Object;)Ljava/lang/Object; @ 20
Event: 102.736 Thread 0x00007f83a889e000 Uncommon trap: reason=predicate action=maybe_recompile pc=0x00007f83996f1d00 method=java.util.regex.Pattern$Slice.match(Ljava/util/regex/Matcher;ILjava/lang/CharSequence;)Z @ 21

Classes redefined (0 events):
No events

Internal exceptions (10 events):
Event: 0.848 Thread 0x00007f83a800a800 Exception <a 'java/lang/ArrayIndexOutOfBoundsException'> (0x00000000d76a1168) thrown at [/build/java8-openjdk/src/jdk8u-jdk8u222-b05/hotspot/src/share/vm/runtime/sharedRuntime.cpp, line 605]
Event: 0.848 Thread 0x00007f83a800a800 Exception <a 'java/lang/ArrayIndexOutOfBoundsException'> (0x00000000d76a2860) thrown at [/build/java8-openjdk/src/jdk8u-jdk8u222-b05/hotspot/src/share/vm/runtime/sharedRuntime.cpp, line 605]
Event: 0.849 Thread 0x00007f83a800a800 Exception <a 'java/lang/ArrayIndexOutOfBoundsException'> (0x00000000d76a4f10) thrown at [/build/java8-openjdk/src/jdk8u-jdk8u222-b05/hotspot/src/share/vm/runtime/sharedRuntime.cpp, line 605]
Event: 0.850 Thread 0x00007f83a800a800 Exception <a 'java/lang/ArrayIndexOutOfBoundsException'> (0x00000000d76a96e8) thrown at [/build/java8-openjdk/src/jdk8u-jdk8u222-b05/hotspot/src/share/vm/runtime/sharedRuntime.cpp, line 605]
Event: 0.850 Thread 0x00007f83a800a800 Exception <a 'java/lang/ArrayIndexOutOfBoundsException'> (0x00000000d76aa9b8) thrown at [/build/java8-openjdk/src/jdk8u-jdk8u222-b05/hotspot/src/share/vm/runtime/sharedRuntime.cpp, line 605]
Event: 0.850 Thread 0x00007f83a800a800 Exception <a 'java/lang/ArrayIndexOutOfBoundsException'> (0x00000000d76af2c8) thrown at [/build/java8-openjdk/src/jdk8u-jdk8u222-b05/hotspot/src/share/vm/runtime/sharedRuntime.cpp, line 605]
Event: 0.851 Thread 0x00007f83a800a800 Exception <a 'java/lang/ArrayIndexOutOfBoundsException'> (0x00000000d76b1380) thrown at [/build/java8-openjdk/src/jdk8u-jdk8u222-b05/hotspot/src/share/vm/runtime/sharedRuntime.cpp, line 605]
Event: 1.027 Thread 0x00007f83a800a800 Implicit null exception at 0x00007f839927aff5 to 0x00007f839927b3a5
Event: 1.027 Thread 0x00007f83a800a800 Implicit null exception at 0x00007f83991eb476 to 0x00007f83991eb829
Event: 1.239 Thread 0x00007f83a800a800 Exception <a 'java/lang/NoSuchMethodError': org.slf4j.impl.StaticMDCBinder.getSingleton()Lorg/slf4j/impl/StaticMDCBinder;> (0x00000000d8dc4620) thrown at [/build/java8-openjdk/src/jdk8u-jdk8u222-b05/hotspot/src/share/vm/interpreter/linkResolver.cpp, line 

Events (10 events):
Event: 148.379 Executing VM operation: RevokeBias done
Event: 171.537 loading class sun/misc/Signal$1
Event: 171.538 loading class sun/misc/Signal$1 done
Event: 171.538 Thread 0x00007f8358001000 Thread added: 0x00007f8358001000
Event: 171.539 Thread 0x00007f82c0003000 Thread added: 0x00007f82c0003000
Event: 171.539 Thread 0x00007f82c0004800 Thread added: 0x00007f82c0004800
Event: 171.540 loading class org/eclipse/jetty/util/FutureCallback
Event: 171.540 loading class java/nio/channels/AsynchronousCloseException
Event: 171.540 loading class org/eclipse/jetty/util/FutureCallback done
Event: 171.540 loading class java/nio/channels/AsynchronousCloseException done


Dynamic libraries:
84e00000-88880000 rw-p 00000000 00:00 0 
88880000-d6f80000 ---p 00000000 00:00 0 
d6f80000-df580000 rw-p 00000000 00:00 0 
df580000-100000000 ---p 00000000 00:00 0 
100000000-100380000 rw-p 00000000 00:00 0 
100380000-140000000 ---p 00000000 00:00 0 
5640686c7000-5640686c8000 r--p 00000000 fe:00 13375817                   /usr/lib/jvm/java-8-openjdk/jre/bin/java
5640686c8000-5640686c9000 r-xp 00001000 fe:00 13375817                   /usr/lib/jvm/java-8-openjdk/jre/bin/java
5640686c9000-5640686ca000 r--p 00002000 fe:00 13375817                   /usr/lib/jvm/java-8-openjdk/jre/bin/java
5640686ca000-5640686cb000 r--p 00002000 fe:00 13375817                   /usr/lib/jvm/java-8-openjdk/jre/bin/java
5640686cb000-5640686cc000 rw-p 00003000 fe:00 13375817                   /usr/lib/jvm/java-8-openjdk/jre/bin/java
5640699e4000-564069a05000 rw-p 00000000 00:00 0                          [heap]
7f82ac000000-7f82ac021000 rw-p 00000000 00:00 0 
7f82ac021000-7f82b0000000 ---p 00000000 00:00 0 
7f82b4000000-7f82b4021000 rw-p 00000000 00:00 0 
7f82b4021000-7f82b8000000 ---p 00000000 00:00 0 
7f82b8000000-7f82b8021000 rw-p 00000000 00:00 0 
7f82b8021000-7f82bc000000 ---p 00000000 00:00 0 
7f82bc000000-7f82bc021000 rw-p 00000000 00:00 0 
7f82bc021000-7f82c0000000 ---p 00000000 00:00 0 
7f82c0000000-7f82c0021000 rw-p 00000000 00:00 0 
7f82c0021000-7f82c4000000 ---p 00000000 00:00 0 
7f82c4000000-7f82c4021000 rw-p 00000000 00:00 0 
7f82c4021000-7f82c8000000 ---p 00000000 00:00 0 
7f82c8000000-7f82c8186000 rw-p 00000000 00:00 0 
7f82c8186000-7f82cc000000 ---p 00000000 00:00 0 
7f82cc000000-7f82cc021000 rw-p 00000000 00:00 0 
7f82cc021000-7f82d0000000 ---p 00000000 00:00 0 
7f82d0000000-7f82d0021000 rw-p 00000000 00:00 0 
7f82d0021000-7f82d4000000 ---p 00000000 00:00 0 
7f82d4000000-7f82d4021000 rw-p 00000000 00:00 0 
7f82d4021000-7f82d8000000 ---p 00000000 00:00 0 
7f82d8000000-7f82d8021000 rw-p 00000000 00:00 0 
7f82d8021000-7f82dc000000 ---p 00000000 00:00 0 
7f82dc000000-7f82dc021000 rw-p 00000000 00:00 0 
7f82dc021000-7f82e0000000 ---p 00000000 00:00 0 
7f82e0000000-7f82e0021000 rw-p 00000000 00:00 0 
7f82e0021000-7f82e4000000 ---p 00000000 00:00 0 
7f82e4000000-7f82e4021000 rw-p 00000000 00:00 0 
7f82e4021000-7f82e8000000 ---p 00000000 00:00 0 
7f82e8000000-7f82e8021000 rw-p 00000000 00:00 0 
7f82e8021000-7f82ec000000 ---p 00000000 00:00 0 
7f82ec000000-7f82ec021000 rw-p 00000000 00:00 0 
7f82ec021000-7f82f0000000 ---p 00000000 00:00 0 
7f82f0000000-7f82f0021000 rw-p 00000000 00:00 0 
7f82f0021000-7f82f4000000 ---p 00000000 00:00 0 
7f82f4000000-7f82f4087000 rw-p 00000000 00:00 0 
7f82f4087000-7f82f8000000 ---p 00000000 00:00 0 
7f82f8000000-7f82f8021000 rw-p 00000000 00:00 0 
7f82f8021000-7f82fc000000 ---p 00000000 00:00 0 
7f82fc000000-7f82fc021000 rw-p 00000000 00:00 0 
7f82fc021000-7f8300000000 ---p 00000000 00:00 0 
7f8300000000-7f8300021000 rw-p 00000000 00:00 0 
7f8300021000-7f8304000000 ---p 00000000 00:00 0 
7f8304000000-7f8304021000 rw-p 00000000 00:00 0 
7f8304021000-7f8308000000 ---p 00000000 00:00 0 
7f8308000000-7f8308021000 rw-p 00000000 00:00 0 
7f8308021000-7f830c000000 ---p 00000000 00:00 0 
7f830c000000-7f830c021000 rw-p 00000000 00:00 0 
7f830c021000-7f8310000000 ---p 00000000 00:00 0 
7f8310000000-7f8310021000 rw-p 00000000 00:00 0 
7f8310021000-7f8314000000 ---p 00000000 00:00 0 
7f8314000000-7f8314021000 rw-p 00000000 00:00 0 
7f8314021000-7f8318000000 ---p 00000000 00:00 0 
7f8318000000-7f8318021000 rw-p 00000000 00:00 0 
7f8318021000-7f831c000000 ---p 00000000 00:00 0 
7f831c000000-7f831c021000 rw-p 00000000 00:00 0 
7f831c021000-7f8320000000 ---p 00000000 00:00 0 
7f8320000000-7f8320021000 rw-p 00000000 00:00 0 
7f8320021000-7f8324000000 ---p 00000000 00:00 0 
7f8324000000-7f8324021000 rw-p 00000000 00:00 0 
7f8324021000-7f8328000000 ---p 00000000 00:00 0 
7f8328000000-7f8328021000 rw-p 00000000 00:00 0 
7f8328021000-7f832c000000 ---p 00000000 00:00 0 
7f832c000000-7f832c285000 rw-p 00000000 00:00 0 
7f832c285000-7f8330000000 ---p 00000000 00:00 0 
7f8330000000-7f8330021000 rw-p 00000000 00:00 0 
7f8330021000-7f8334000000 ---p 00000000 00:00 0 
7f8334000000-7f8334021000 rw-p 00000000 00:00 0 
7f8334021000-7f8338000000 ---p 00000000 00:00 0 
7f8338000000-7f8338021000 rw-p 00000000 00:00 0 
7f8338021000-7f833c000000 ---p 00000000 00:00 0 
7f833c000000-7f833c021000 rw-p 00000000 00:00 0 
7f833c021000-7f8340000000 ---p 00000000 00:00 0 
7f8340000000-7f8340021000 rw-p 00000000 00:00 0 
7f8340021000-7f8344000000 ---p 00000000 00:00 0 
7f8344000000-7f83447b6000 rw-p 00000000 00:00 0 
7f83447b6000-7f8348000000 ---p 00000000 00:00 0 
7f8348000000-7f83484b8000 rw-p 00000000 00:00 0 
7f83484b8000-7f834c000000 ---p 00000000 00:00 0 
7f834c000000-7f834de49000 rw-p 00000000 00:00 0 
7f834de49000-7f8350000000 ---p 00000000 00:00 0 
7f8350000000-7f835244e000 rw-p 00000000 00:00 0 
7f835244e000-7f8354000000 ---p 00000000 00:00 0 
7f8354000000-7f8354021000 rw-p 00000000 00:00 0 
7f8354021000-7f8358000000 ---p 00000000 00:00 0 
7f8358000000-7f8358021000 rw-p 00000000 00:00 0 
7f8358021000-7f835c000000 ---p 00000000 00:00 0 
7f835c000000-7f835c142000 rw-p 00000000 00:00 0 
7f835c142000-7f8360000000 ---p 00000000 00:00 0 
7f8360000000-7f8360021000 rw-p 00000000 00:00 0 
7f8360021000-7f8364000000 ---p 00000000 00:00 0 
7f8364000000-7f8364021000 rw-p 00000000 00:00 0 
7f8364021000-7f8368000000 ---p 00000000 00:00 0 
7f8368000000-7f8368021000 rw-p 00000000 00:00 0 
7f8368021000-7f836c000000 ---p 00000000 00:00 0 
7f836c000000-7f836c021000 rw-p 00000000 00:00 0 
7f836c021000-7f8370000000 ---p 00000000 00:00 0 
7f8374000000-7f8374021000 rw-p 00000000 00:00 0 
7f8374021000-7f8378000000 ---p 00000000 00:00 0 
7f837c000000-7f837c021000 rw-p 00000000 00:00 0 
7f837c021000-7f8380000000 ---p 00000000 00:00 0 
7f83803f5000-7f83803f8000 ---p 00000000 00:00 0 
7f83803f8000-7f83804f6000 rw-p 00000000 00:00 0 
7f83804f6000-7f83804f9000 ---p 00000000 00:00 0 
7f83804f9000-7f83805f7000 rw-p 00000000 00:00 0 
7f83805f7000-7f83805fa000 ---p 00000000 00:00 0 
7f83805fa000-7f83806f8000 rw-p 00000000 00:00 0 
7f83806f8000-7f83806fb000 ---p 00000000 00:00 0 
7f83806fb000-7f83807f9000 rw-p 00000000 00:00 0 
7f83807f9000-7f83807fc000 ---p 00000000 00:00 0 
7f83807fc000-7f8380a7a000 rw-p 00000000 00:00 0 
7f8380a7a000-7f8380afa000 ---p 00000000 00:00 0 
7f8380afa000-7f8380afd000 ---p 00000000 00:00 0 
7f8380afd000-7f8380bfb000 rw-p 00000000 00:00 0 
7f8380bfb000-7f8380bfe000 ---p 00000000 00:00 0 
7f8380bfe000-7f8380cfc000 rw-p 00000000 00:00 0 
7f8380cfc000-7f8380cff000 ---p 00000000 00:00 0 
7f8380cff000-7f8380dfd000 rw-p 00000000 00:00 0 
7f8380dfd000-7f8380e00000 ---p 00000000 00:00 0 
7f8380e00000-7f8380efe000 rw-p 00000000 00:00 0 
7f8380efe000-7f8380f01000 ---p 00000000 00:00 0 
7f8380f01000-7f8384000000 rw-p 00000000 00:00 0 
7f8384000000-7f8384021000 rw-p 00000000 00:00 0 
7f8384021000-7f8388000000 ---p 00000000 00:00 0 
7f838807d000-7f8388080000 ---p 00000000 00:00 0 
7f8388080000-7f838817e000 rw-p 00000000 00:00 0 
7f838817e000-7f8388181000 ---p 00000000 00:00 0 
7f8388181000-7f838827f000 rw-p 00000000 00:00 0 
7f838827f000-7f8388282000 ---p 00000000 00:00 0 
7f8388282000-7f8388380000 rw-p 00000000 00:00 0 
7f8388380000-7f8388383000 ---p 00000000 00:00 0 
7f8388383000-7f8388481000 rw-p 00000000 00:00 0 
7f8388481000-7f8388484000 ---p 00000000 00:00 0 
7f8388484000-7f8388582000 rw-p 00000000 00:00 0 
7f8388582000-7f8388585000 ---p 00000000 00:00 0 
7f8388585000-7f8388683000 rw-p 00000000 00:00 0 
7f8388683000-7f8388686000 ---p 00000000 00:00 0 
7f8388686000-7f8388784000 rw-p 00000000 00:00 0 
7f8388784000-7f8388787000 ---p 00000000 00:00 0 
7f8388787000-7f8388885000 rw-p 00000000 00:00 0 
7f8388885000-7f8388888000 ---p 00000000 00:00 0 
7f8388888000-7f8388986000 rw-p 00000000 00:00 0 
7f8388986000-7f8388989000 ---p 00000000 00:00 0 
7f8388989000-7f8388a87000 rw-p 00000000 00:00 0 
7f8388a87000-7f8388a8a000 ---p 00000000 00:00 0 
7f8388a8a000-7f8388b88000 rw-p 00000000 00:00 0 
7f8388b88000-7f8388b8b000 ---p 00000000 00:00 0 
7f8388b8b000-7f8388c89000 rw-p 00000000 00:00 0 
7f8388c89000-7f8388c8c000 ---p 00000000 00:00 0 
7f8388c8c000-7f8388f8a000 rw-p 00000000 00:00 0 
7f8388f8a000-7f838918a000 rw-p 00000000 00:00 0 
7f83891b9000-7f83891bc000 ---p 00000000 00:00 0 
7f83891bc000-7f83892ba000 rw-p 00000000 00:00 0 
7f83892ba000-7f83892bd000 ---p 00000000 00:00 0 
7f83892bd000-7f83893bb000 rw-p 00000000 00:00 0 
7f83893bb000-7f83893be000 ---p 00000000 00:00 0 
7f83893be000-7f83894bc000 rw-p 00000000 00:00 0 
7f83894bc000-7f83894bf000 ---p 00000000 00:00 0 
7f83894bf000-7f83895bd000 rw-p 00000000 00:00 0 
7f83895bd000-7f83895c0000 ---p 00000000 00:00 0 
7f83895c0000-7f83896be000 rw-p 00000000 00:00 0 
7f83896be000-7f83896c1000 ---p 00000000 00:00 0 
7f83896c1000-7f83897bf000 rw-p 00000000 00:00 0 
7f83897bf000-7f83897c2000 ---p 00000000 00:00 0 
7f83897c2000-7f83898c0000 rw-p 00000000 00:00 0 
7f83898c0000-7f83898c3000 ---p 00000000 00:00 0 
7f83898c3000-7f83899c1000 rw-p 00000000 00:00 0 
7f83899c1000-7f83899c4000 ---p 00000000 00:00 0 
7f83899c4000-7f8389ac2000 rw-p 00000000 00:00 0 
7f8389ac2000-7f8389ac5000 ---p 00000000 00:00 0 
7f8389ac5000-7f8389bc3000 rw-p 00000000 00:00 0 
7f8389bed000-7f8389bf0000 ---p 00000000 00:00 0 
7f8389bf0000-7f8389eee000 rw-p 00000000 00:00 0 
7f8389eee000-7f8389ef1000 ---p 00000000 00:00 0 
7f8389ef1000-7f838a1ef000 rw-p 00000000 00:00 0 
7f838a1ef000-7f838a3ef000 rw-p 00000000 00:00 0 
7f838a3ef000-7f838a5ef000 rw-p 00000000 00:00 0 
7f838a5ef000-7f838a7ef000 rw-p 00000000 00:00 0 
7f838a7ef000-7f838a905000 r--s 00d01000 fe:00 2621730                    /home/markg/Documents/Fourth year/Distributed Systems/subPart2/target/original-DropWizardExample-1.0-SNAPSHOT.jar
7f838a905000-7f838a906000 ---p 00000000 00:00 0 
7f838a906000-7f838aa06000 rw-p 00000000 00:00 0 
7f838aa06000-7f838aa09000 ---p 00000000 00:00 0 
7f838aa09000-7f838ab07000 rw-p 00000000 00:00 0 
7f838ab07000-7f838ab08000 ---p 00000000 00:00 0 
7f838ab08000-7f838ab0b000 ---p 00000000 00:00 0 
7f838ab0b000-7f838ac08000 rw-p 00000000 00:00 0 
7f838ac08000-7f838ac09000 ---p 00000000 00:00 0 
7f838ac09000-7f838ac0c000 ---p 00000000 00:00 0 
7f838ac0c000-7f838ad09000 rw-p 00000000 00:00 0 
7f838ad09000-7f838ad0a000 ---p 00000000 00:00 0 
7f838ad0a000-7f838ad0d000 ---p 00000000 00:00 0 
7f838ad0d000-7f838ae0a000 rw-p 00000000 00:00 0 
7f838ae0a000-7f838ae0b000 ---p 00000000 00:00 0 
7f838ae0b000-7f838ae0e000 ---p 00000000 00:00 0 
7f838ae0e000-7f838af0b000 rw-p 00000000 00:00 0 
7f838af0b000-7f838af0e000 ---p 00000000 00:00 0 
7f838af0e000-7f838b00c000 rw-p 00000000 00:00 0 
7f838b00c000-7f838b2f3000 r--p 00000000 fe:00 12469736                   /usr/lib/locale/locale-archive
7f838b2f3000-7f838b2f6000 ---p 00000000 00:00 0 
7f838b2f6000-7f838b3f4000 rw-p 00000000 00:00 0 
7f838b3f4000-7f838b3f7000 ---p 00000000 00:00 0 
7f838b3f7000-7f838b4f5000 rw-p 00000000 00:00 0 
7f838b4f5000-7f838b4f6000 ---p 00000000 00:00 0 
7f838b4f6000-7f838c000000 rw-p 00000000 00:00 0 
7f838c000000-7f838c021000 rw-p 00000000 00:00 0 
7f838c021000-7f8390000000 ---p 00000000 00:00 0 
7f839006e000-7f8394000000 rw-p 00000000 00:00 0 
7f8394000000-7f8394021000 rw-p 00000000 00:00 0 
7f8394021000-7f8398000000 ---p 00000000 00:00 0 
7f8398023000-7f8398e31000 rw-p 00000000 00:00 0 
7f8398e31000-7f8399000000 r--s 03c3d000 fe:00 13375839                   /usr/lib/jvm/java-8-openjdk/jre/lib/rt.jar
7f8399000000-7f8399750000 rwxp 00000000 00:00 0 
7f8399750000-7f83a8000000 ---p 00000000 00:00 0 
7f83a8000000-7f83a8bc8000 rw-p 00000000 00:00 0 
7f83a8bc8000-7f83ac000000 ---p 00000000 00:00 0 
7f83ac028000-7f83ac02f000 r--p 00000000 fe:00 13375866                   /usr/lib/jvm/java-8-openjdk/jre/lib/amd64/libnio.so
7f83ac02f000-7f83ac037000 r-xp 00007000 fe:00 13375866                   /usr/lib/jvm/java-8-openjdk/jre/lib/amd64/libnio.so
7f83ac037000-7f83ac03a000 r--p 0000f000 fe:00 13375866                   /usr/lib/jvm/java-8-openjdk/jre/lib/amd64/libnio.so
7f83ac03a000-7f83ac03b000 ---p 00012000 fe:00 13375866                   /usr/lib/jvm/java-8-openjdk/jre/lib/amd64/libnio.so
7f83ac03b000-7f83ac03c000 r--p 00012000 fe:00 13375866                   /usr/lib/jvm/java-8-openjdk/jre/lib/amd64/libnio.so
7f83ac03c000-7f83ac03d000 rw-p 00013000 fe:00 13375866                   /usr/lib/jvm/java-8-openjdk/jre/lib/amd64/libnio.so
7f83ac03d000-7f83ac042000 r--p 00000000 fe:00 13375865                   /usr/lib/jvm/java-8-openjdk/jre/lib/amd64/libnet.so
7f83ac042000-7f83ac051000 r-xp 00005000 fe:00 13375865                   /usr/lib/jvm/java-8-openjdk/jre/lib/amd64/libnet.so
7f83ac051000-7f83ac055000 r--p 00014000 fe:00 13375865                   /usr/lib/jvm/java-8-openjdk/jre/lib/amd64/libnet.so
7f83ac055000-7f83ac056000 r--p 00017000 fe:00 13375865                   /usr/lib/jvm/java-8-openjdk/jre/lib/amd64/libnet.so
7f83ac056000-7f83ac057000 rw-p 00018000 fe:00 13375865                   /usr/lib/jvm/java-8-openjdk/jre/lib/amd64/libnet.so
7f83ac057000-7f83ac05b000 r--p 00000000 fe:00 13375863                   /usr/lib/jvm/java-8-openjdk/jre/lib/amd64/libmanagement.so
7f83ac05b000-7f83ac05e000 r-xp 00004000 fe:00 13375863                   /usr/lib/jvm/java-8-openjdk/jre/lib/amd64/libmanagement.so
7f83ac05e000-7f83ac060000 r--p 00007000 fe:00 13375863                   /usr/lib/jvm/java-8-openjdk/jre/lib/amd64/libmanagement.so
7f83ac060000-7f83ac061000 r--p 00008000 fe:00 13375863                   /usr/lib/jvm/java-8-openjdk/jre/lib/amd64/libmanagement.so
7f83ac061000-7f83ac062000 rw-p 00009000 fe:00 13375863                   /usr/lib/jvm/java-8-openjdk/jre/lib/amd64/libmanagement.so
7f83ac062000-7f83ace82000 rw-p 00000000 00:00 0 
7f83ace82000-7f83ace83000 ---p 00000000 00:00 0 
7f83ace83000-7f83acf83000 rw-p 00000000 00:00 0 
7f83acf83000-7f83acf84000 ---p 00000000 00:00 0 
7f83acf84000-7f83ad084000 rw-p 00000000 00:00 0 
7f83ad084000-7f83ad085000 ---p 00000000 00:00 0 
7f83ad085000-7f83ad185000 rw-p 00000000 00:00 0 
7f83ad185000-7f83ad186000 ---p 00000000 00:00 0 
7f83ad186000-7f83ad286000 rw-p 00000000 00:00 0 
7f83ad286000-7f83ad287000 ---p 00000000 00:00 0 
7f83ad287000-7f83ad387000 rw-p 00000000 00:00 0 
7f83ad387000-7f83ad388000 ---p 00000000 00:00 0 
7f83ad388000-7f83ad488000 rw-p 00000000 00:00 0 
7f83ad488000-7f83ad489000 ---p 00000000 00:00 0 
7f83ad489000-7f83ad589000 rw-p 00000000 00:00 0 
7f83ad589000-7f83ad58a000 ---p 00000000 00:00 0 
7f83ad58a000-7f83ad6a8000 rw-p 00000000 00:00 0 
7f83ad6a8000-7f83ad91b000 ---p 00000000 00:00 0 
7f83ad91b000-7f83ad939000 rw-p 00000000 00:00 0 
7f83ad939000-7f83adbab000 ---p 00000000 00:00 0 
7f83adbab000-7f83adbef000 rw-p 00000000 00:00 0 
7f83adbef000-7f83adcf4000 ---p 00000000 00:00 0 
7f83adcf4000-7f83add13000 rw-p 00000000 00:00 0 
7f83add13000-7f83ae0b5000 ---p 00000000 00:00 0 
7f83ae0b5000-7f83ae0b8000 r--p 00000000 fe:00 13375874                   /usr/lib/jvm/java-8-openjdk/jre/lib/amd64/libzip.so
7f83ae0b8000-7f83ae0bc000 r-xp 00003000 fe:00 13375874                   /usr/lib/jvm/java-8-openjdk/jre/lib/amd64/libzip.so
7f83ae0bc000-7f83ae0be000 r--p 00007000 fe:00 13375874                   /usr/lib/jvm/java-8-openjdk/jre/lib/amd64/libzip.so
7f83ae0be000-7f83ae0bf000 r--p 00008000 fe:00 13375874                   /usr/lib/jvm/java-8-openjdk/jre/lib/amd64/libzip.so
7f83ae0bf000-7f83ae0c0000 rw-p 00009000 fe:00 13375874                   /usr/lib/jvm/java-8-openjdk/jre/lib/amd64/libzip.so
7f83ae0c0000-7f83ae0cd000 r--p 00000000 fe:00 13375853                   /usr/lib/jvm/java-8-openjdk/jre/lib/amd64/libjava.so
7f83ae0cd000-7f83ae0e3000 r-xp 0000d000 fe:00 13375853                   /usr/lib/jvm/java-8-openjdk/jre/lib/amd64/libjava.so
7f83ae0e3000-7f83ae0ea000 r--p 00023000 fe:00 13375853                   /usr/lib/jvm/java-8-openjdk/jre/lib/amd64/libjava.so
7f83ae0ea000-7f83ae0eb000 r--p 00029000 fe:00 13375853                   /usr/lib/jvm/java-8-openjdk/jre/lib/amd64/libjava.so
7f83ae0eb000-7f83ae0ec000 rw-p 0002a000 fe:00 13375853                   /usr/lib/jvm/java-8-openjdk/jre/lib/amd64/libjava.so
7f83ae0ec000-7f83ae0ed000 rw-p 00000000 00:00 0 
7f83ae0ed000-7f83ae0f0000 r--p 00000000 fe:00 12469723                   /usr/lib/librt-2.30.so
7f83ae0f0000-7f83ae0f4000 r-xp 00003000 fe:00 12469723                   /usr/lib/librt-2.30.so
7f83ae0f4000-7f83ae0f6000 r--p 00007000 fe:00 12469723                   /usr/lib/librt-2.30.so
7f83ae0f6000-7f83ae0f7000 r--p 00008000 fe:00 12469723                   /usr/lib/librt-2.30.so
7f83ae0f7000-7f83ae0f8000 rw-p 00009000 fe:00 12469723                   /usr/lib/librt-2.30.so
7f83ae0f8000-7f83ae0f9000 ---p 00000000 00:00 0 
7f83ae0f9000-7f83ae0fc000 ---p 00000000 00:00 0 
7f83ae0fc000-7f83ae1f9000 rw-p 00000000 00:00 0 
7f83ae1f9000-7f83ae208000 r--p 00000000 fe:00 12460585                   /usr/lib/libm-2.30.so
7f83ae208000-7f83ae2a4000 r-xp 0000f000 fe:00 12460585                   /usr/lib/libm-2.30.so
7f83ae2a4000-7f83ae33d000 r--p 000ab000 fe:00 12460585                   /usr/lib/libm-2.30.so
7f83ae33d000-7f83ae33e000 r--p 00143000 fe:00 12460585                   /usr/lib/libm-2.30.so
7f83ae33e000-7f83ae33f000 rw-p 00144000 fe:00 12460585                   /usr/lib/libm-2.30.so
7f83ae33f000-7f83ae530000 r--p 00000000 fe:00 13375877                   /usr/lib/jvm/java-8-openjdk/jre/lib/amd64/server/libjvm.so
7f83ae530000-7f83aed78000 r-xp 001f1000 fe:00 13375877                   /usr/lib/jvm/java-8-openjdk/jre/lib/amd64/server/libjvm.so
7f83aed78000-7f83aef1a000 r--p 00a39000 fe:00 13375877                   /usr/lib/jvm/java-8-openjdk/jre/lib/amd64/server/libjvm.so
7f83aef1a000-7f83aefaf000 r--p 00bda000 fe:00 13375877                   /usr/lib/jvm/java-8-openjdk/jre/lib/amd64/server/libjvm.so
7f83aefaf000-7f83aefd7000 rw-p 00c6f000 fe:00 13375877                   /usr/lib/jvm/java-8-openjdk/jre/lib/amd64/server/libjvm.so
7f83aefd7000-7f83af009000 rw-p 00000000 00:00 0 
7f83af009000-7f83af010000 r--p 00000000 fe:00 12460614                   /usr/lib/libpthread-2.30.so
7f83af010000-7f83af020000 r-xp 00007000 fe:00 12460614                   /usr/lib/libpthread-2.30.so
7f83af020000-7f83af025000 r--p 00017000 fe:00 12460614                   /usr/lib/libpthread-2.30.so
7f83af025000-7f83af026000 r--p 0001b000 fe:00 12460614                   /usr/lib/libpthread-2.30.so
7f83af026000-7f83af027000 rw-p 0001c000 fe:00 12460614                   /usr/lib/libpthread-2.30.so
7f83af027000-7f83af02b000 rw-p 00000000 00:00 0 
7f83af02b000-7f83af02c000 r--p 00000000 fe:00 12460579                   /usr/lib/libdl-2.30.so
7f83af02c000-7f83af02d000 r-xp 00001000 fe:00 12460579                   /usr/lib/libdl-2.30.so
7f83af02d000-7f83af02e000 r--p 00002000 fe:00 12460579                   /usr/lib/libdl-2.30.so
7f83af02e000-7f83af02f000 r--p 00002000 fe:00 12460579                   /usr/lib/libdl-2.30.so
7f83af02f000-7f83af030000 rw-p 00003000 fe:00 12460579                   /usr/lib/libdl-2.30.so
7f83af030000-7f83af046000 r-xp 00000000 fe:00 12458046                   /usr/lib/libz.so.1.2.11
7f83af046000-7f83af245000 ---p 00016000 fe:00 12458046                   /usr/lib/libz.so.1.2.11
7f83af245000-7f83af246000 r--p 00015000 fe:00 12458046                   /usr/lib/libz.so.1.2.11
7f83af246000-7f83af247000 rw-p 00016000 fe:00 12458046                   /usr/lib/libz.so.1.2.11
7f83af247000-7f83af26c000 r--p 00000000 fe:00 12460570                   /usr/lib/libc-2.30.so
7f83af26c000-7f83af3b9000 r-xp 00025000 fe:00 12460570                   /usr/lib/libc-2.30.so
7f83af3b9000-7f83af403000 r--p 00172000 fe:00 12460570                   /usr/lib/libc-2.30.so
7f83af403000-7f83af404000 ---p 001bc000 fe:00 12460570                   /usr/lib/libc-2.30.so
7f83af404000-7f83af407000 r--p 001bc000 fe:00 12460570                   /usr/lib/libc-2.30.so
7f83af407000-7f83af40a000 rw-p 001bf000 fe:00 12460570                   /usr/lib/libc-2.30.so
7f83af40a000-7f83af40e000 rw-p 00000000 00:00 0 
7f83af416000-7f83af41e000 rw-s 00000000 00:2e 43                         /tmp/hsperfdata_markg/13223
7f83af41e000-7f83af421000 r--p 00000000 fe:00 12460607                   /usr/lib/libnss_files-2.30.so
7f83af421000-7f83af428000 r-xp 00003000 fe:00 12460607                   /usr/lib/libnss_files-2.30.so
7f83af428000-7f83af42a000 r--p 0000a000 fe:00 12460607                   /usr/lib/libnss_files-2.30.so
7f83af42a000-7f83af42b000 r--p 0000b000 fe:00 12460607                   /usr/lib/libnss_files-2.30.so
7f83af42b000-7f83af42c000 rw-p 0000c000 fe:00 12460607                   /usr/lib/libnss_files-2.30.so
7f83af42c000-7f83af433000 rw-p 00000000 00:00 0 
7f83af433000-7f83af438000 r--p 00000000 fe:00 13375873                   /usr/lib/jvm/java-8-openjdk/jre/lib/amd64/libverify.so
7f83af438000-7f83af43f000 r-xp 00005000 fe:00 13375873                   /usr/lib/jvm/java-8-openjdk/jre/lib/amd64/libverify.so
7f83af43f000-7f83af441000 r--p 0000c000 fe:00 13375873                   /usr/lib/jvm/java-8-openjdk/jre/lib/amd64/libverify.so
7f83af441000-7f83af443000 r--p 0000d000 fe:00 13375873                   /usr/lib/jvm/java-8-openjdk/jre/lib/amd64/libverify.so
7f83af443000-7f83af444000 rw-p 0000f000 fe:00 13375873                   /usr/lib/jvm/java-8-openjdk/jre/lib/amd64/libverify.so
7f83af444000-7f83af447000 r--p 00000000 fe:00 13375875                   /usr/lib/jvm/java-8-openjdk/jre/lib/amd64/jli/libjli.so
7f83af447000-7f83af450000 r-xp 00003000 fe:00 13375875                   /usr/lib/jvm/java-8-openjdk/jre/lib/amd64/jli/libjli.so
7f83af450000-7f83af453000 r--p 0000c000 fe:00 13375875                   /usr/lib/jvm/java-8-openjdk/jre/lib/amd64/jli/libjli.so
7f83af453000-7f83af454000 r--p 0000e000 fe:00 13375875                   /usr/lib/jvm/java-8-openjdk/jre/lib/amd64/jli/libjli.so
7f83af454000-7f83af455000 rw-p 0000f000 fe:00 13375875                   /usr/lib/jvm/java-8-openjdk/jre/lib/amd64/jli/libjli.so
7f83af455000-7f83af457000 rw-p 00000000 00:00 0 
7f83af457000-7f83af459000 r--p 00000000 fe:00 12460559                   /usr/lib/ld-2.30.so
7f83af459000-7f83af478000 r-xp 00002000 fe:00 12460559                   /usr/lib/ld-2.30.so
7f83af478000-7f83af480000 r--p 00021000 fe:00 12460559                   /usr/lib/ld-2.30.so
7f83af480000-7f83af481000 r--p 00000000 00:00 0 
7f83af481000-7f83af482000 r--p 00029000 fe:00 12460559                   /usr/lib/ld-2.30.so
7f83af482000-7f83af483000 rw-p 0002a000 fe:00 12460559                   /usr/lib/ld-2.30.so
7f83af483000-7f83af484000 rw-p 00000000 00:00 0 
7ffdf1994000-7ffdf19b6000 rw-p 00000000 00:00 0                          [stack]
7ffdf19ed000-7ffdf19f0000 r--p 00000000 00:00 0                          [vvar]
7ffdf19f0000-7ffdf19f1000 r-xp 00000000 00:00 0                          [vdso]

VM Arguments:
java_command: target/DropWizardExample-1.0-SNAPSHOT.jar server
java_class_path (initial): target/DropWizardExample-1.0-SNAPSHOT.jar
Launcher Type: SUN_STANDARD

Environment Variables:
JAVA_HOME=/usr/lib/jvm/jdk-jetbrains
PATH=/home/markg/anaconda3/bin:/home/markg/anaconda3/condabin:/home/markg/.local/bin:/usr/local/bin:/usr/local/sbin:/usr/bin:/usr/lib/jvm/default/bin:/usr/bin/site_perl:/usr/bin/vendor_perl:/usr/bin/core_perl:/var/lib/snapd/snap/bin
USERNAME=markg
SHELL=/bin/bash
DISPLAY=:1

Signal Handlers:
SIGSEGV: [libjvm.so+0xa09100], sa_mask[0]=11111111011111111101111111111110, sa_flags=SA_RESTART|SA_SIGINFO
SIGBUS: [libjvm.so+0xa09100], sa_mask[0]=11111111011111111101111111111110, sa_flags=SA_RESTART|SA_SIGINFO
SIGFPE: [libjvm.so+0x86be80], sa_mask[0]=11111111011111111101111111111110, sa_flags=SA_RESTART|SA_SIGINFO
SIGPIPE: [libjvm.so+0x86be80], sa_mask[0]=11111111011111111101111111111110, sa_flags=SA_RESTART|SA_SIGINFO
SIGXFSZ: [libjvm.so+0x86be80], sa_mask[0]=11111111011111111101111111111110, sa_flags=SA_RESTART|SA_SIGINFO
SIGILL: [libjvm.so+0x86be80], sa_mask[0]=11111111011111111101111111111110, sa_flags=SA_RESTART|SA_SIGINFO
SIGUSR1: SIG_DFL, sa_mask[0]=00000000000000000000000000000000, sa_flags=none
SIGUSR2: [libjvm.so+0x86bd40], sa_mask[0]=00100000000000000000000000000000, sa_flags=SA_RESTART|SA_SIGINFO
SIGHUP: [libjvm.so+0x86c120], sa_mask[0]=11111111011111111101111111111110, sa_flags=SA_RESTART|SA_SIGINFO
SIGINT: [libjvm.so+0x86c120], sa_mask[0]=11111111011111111101111111111110, sa_flags=SA_RESTART|SA_SIGINFO
SIGTERM: [libjvm.so+0x86c120], sa_mask[0]=11111111011111111101111111111110, sa_flags=SA_RESTART|SA_SIGINFO
SIGQUIT: [libjvm.so+0x86c120], sa_mask[0]=11111111011111111101111111111110, sa_flags=SA_RESTART|SA_SIGINFO


---------------  S Y S T E M  ---------------

OS:DISTRIB_ID=ManjaroLinux
DISTRIB_RELEASE=18.1.1
DISTRIB_CODENAME=Juhraya
DISTRIB_DESCRIPTION="Manjaro Linux"

uname:Linux 5.2.21-1-MANJARO #1 SMP PREEMPT Sat Oct 12 11:09:56 UTC 2019 x86_64
libc:glibc 2.30 NPTL 2.30 
rlimit: STACK 8192k, CORE infinity, NPROC 31420, NOFILE 1048576, AS infinity
load average:0.80 0.81 0.72

/proc/meminfo:
MemTotal:        8064344 kB
MemFree:          752656 kB
MemAvailable:    3188456 kB
Buffers:          302696 kB
Cached:          2643480 kB
SwapCached:            0 kB
Active:          5224556 kB
Inactive:        1359664 kB
Active(anon):    3820196 kB
Inactive(anon):   206528 kB
Active(file):    1404360 kB
Inactive(file):  1153136 kB
Unevictable:      255812 kB
Mlocked:              64 kB
SwapTotal:             0 kB
SwapFree:              0 kB
Dirty:             24432 kB
Writeback:             0 kB
AnonPages:       3893968 kB
Mapped:           704372 kB
Shmem:            486716 kB
KReclaimable:     186152 kB
Slab:             284380 kB
SReclaimable:     186152 kB
SUnreclaim:        98228 kB
KernelStack:       17392 kB
PageTables:        32832 kB
NFS_Unstable:          0 kB
Bounce:                0 kB
WritebackTmp:          0 kB
CommitLimit:     4032172 kB
Committed_AS:    9945536 kB
VmallocTotal:   34359738367 kB
VmallocUsed:           0 kB
VmallocChunk:          0 kB
Percpu:             4800 kB
HardwareCorrupted:     0 kB
AnonHugePages:         0 kB
ShmemHugePages:        0 kB
ShmemPmdMapped:        0 kB
HugePages_Total:       0
HugePages_Free:        0
HugePages_Rsvd:        0
HugePages_Surp:        0
Hugepagesize:       2048 kB
Hugetlb:               0 kB
DirectMap4k:      275380 kB
DirectMap2M:     6963200 kB
DirectMap1G:     2097152 kB

container (cgroup) information:
container_type: cgroupv1
cpu_cpuset_cpus: 0-7
cpu_memory_nodes: 0
active_processor_count: 8
cpu_quota: -1
cpu_period: 100000
cpu_shares: -1
memory_limit_in_bytes: -1
memory_and_swap_limit_in_bytes: -1
memory_soft_limit_in_bytes: -1
memory_usage_in_bytes: 6630014976
memory_max_usage_in_bytes: 7246917632


CPU:total 8 (initial active 8) (4 cores per cpu, 2 threads per core) family 6 model 142 stepping 10, cmov, cx8, fxsr, mmx, sse, sse2, sse3, ssse3, sse4.1, sse4.2, popcnt, avx, avx2, aes, clmul, erms, 3dnowpref, lzcnt, ht, tsc, tscinvbit, bmi1, bmi2, adx

/proc/cpuinfo:
processor	: 0
vendor_id	: GenuineIntel
cpu family	: 6
model		: 142
model name	: Intel(R) Core(TM) i7-8550U CPU @ 1.80GHz
stepping	: 10
microcode	: 0xb4
cpu MHz		: 800.157
cache size	: 8192 KB
physical id	: 0
siblings	: 8
core id		: 0
cpu cores	: 4
apicid		: 0
initial apicid	: 0
fpu		: yes
fpu_exception	: yes
cpuid level	: 22
wp		: yes
flags		: fpu vme de pse tsc msr pae mce cx8 apic sep mtrr pge mca cmov pat pse36 clflush dts acpi mmx fxsr sse sse2 ss ht tm pbe syscall nx pdpe1gb rdtscp lm constant_tsc art arch_perfmon pebs bts rep_good nopl xtopology nonstop_tsc cpuid aperfmperf tsc_known_freq pni pclmulqdq dtes64 monitor ds_cpl vmx est tm2 ssse3 sdbg fma cx16 xtpr pdcm pcid sse4_1 sse4_2 x2apic movbe popcnt tsc_deadline_timer aes xsave avx f16c rdrand lahf_lm abm 3dnowprefetch cpuid_fault epb invpcid_single pti ssbd ibrs ibpb stibp tpr_shadow vnmi flexpriority ept vpid ept_ad fsgsbase tsc_adjust bmi1 avx2 smep bmi2 erms invpcid mpx rdseed adx smap clflushopt intel_pt xsaveopt xsavec xgetbv1 xsaves dtherm ida arat pln pts hwp hwp_notify hwp_act_window hwp_epp md_clear flush_l1d
bugs		: cpu_meltdown spectre_v1 spectre_v2 spec_store_bypass l1tf mds swapgs
bogomips	: 3985.00
clflush size	: 64
cache_alignment	: 64
address sizes	: 39 bits physical, 48 bits virtual
power management:

processor	: 1
vendor_id	: GenuineIntel
cpu family	: 6
model		: 142
model name	: Intel(R) Core(TM) i7-8550U CPU @ 1.80GHz
stepping	: 10
microcode	: 0xb4
cpu MHz		: 800.044
cache size	: 8192 KB
physical id	: 0
siblings	: 8
core id		: 1
cpu cores	: 4
apicid		: 2
initial apicid	: 2
fpu		: yes
fpu_exception	: yes
cpuid level	: 22
wp		: yes
flags		: fpu vme de pse tsc msr pae mce cx8 apic sep mtrr pge mca cmov pat pse36 clflush dts acpi mmx fxsr sse sse2 ss ht tm pbe syscall nx pdpe1gb rdtscp lm constant_tsc art arch_perfmon pebs bts rep_good nopl xtopology nonstop_tsc cpuid aperfmperf tsc_known_freq pni pclmulqdq dtes64 monitor ds_cpl vmx est tm2 ssse3 sdbg fma cx16 xtpr pdcm pcid sse4_1 sse4_2 x2apic movbe popcnt tsc_deadline_timer aes xsave avx f16c rdrand lahf_lm abm 3dnowprefetch cpuid_fault epb invpcid_single pti ssbd ibrs ibpb stibp tpr_shadow vnmi flexpriority ept vpid ept_ad fsgsbase tsc_adjust bmi1 avx2 smep bmi2 erms invpcid mpx rdseed adx smap clflushopt intel_pt xsaveopt xsavec xgetbv1 xsaves dtherm ida arat pln pts hwp hwp_notify hwp_act_window hwp_epp md_clear flush_l1d
bugs		: cpu_meltdown spectre_v1 spectre_v2 spec_store_bypass l1tf mds swapgs
bogomips	: 3985.00
clflush size	: 64
cache_alignment	: 64
address sizes	: 39 bits physical, 48 bits virtual
power management:

processor	: 2
vendor_id	: GenuineIntel
cpu family	: 6
model		: 142
model name	: Intel(R) Core(TM) i7-8550U CPU @ 1.80GHz
stepping	: 10
microcode	: 0xb4
cpu MHz		: 800.118
cache size	: 8192 KB
physical id	: 0
siblings	: 8
core id		: 2
cpu cores	: 4
apicid		: 4
initial apicid	: 4
fpu		: yes
fpu_exception	: yes
cpuid level	: 22
wp		: yes
flags		: fpu vme de pse tsc msr pae mce cx8 apic sep mtrr pge mca cmov pat pse36 clflush dts acpi mmx fxsr sse sse2 ss ht tm pbe syscall nx pdpe1gb rdtscp lm constant_tsc art arch_perfmon pebs bts rep_good nopl xtopology nonstop_tsc cpuid aperfmperf tsc_known_freq pni pclmulqdq dtes64 monitor ds_cpl vmx est tm2 ssse3 sdbg fma cx16 xtpr pdcm pcid sse4_1 sse4_2 x2apic movbe popcnt tsc_deadline_timer aes xsave avx f16c rdrand lahf_lm abm 3dnowprefetch cpuid_fault epb invpcid_single pti ssbd ibrs ibpb stibp tpr_shadow vnmi flexpriority ept vpid ept_ad fsgsbase tsc_adjust bmi1 avx2 smep bmi2 erms invpcid mpx rdseed adx smap clflushopt intel_pt xsaveopt xsavec xgetbv1 xsaves dtherm ida arat pln pts hwp hwp_notify hwp_act_window hwp_epp md_clear flush_l1d
bugs		: cpu_meltdown spectre_v1 spectre_v2 spec_store_bypass l1tf mds swapgs
bogomips	: 3985.00
clflush size	: 64
cache_alignment	: 64
address sizes	: 39 bits physical, 48 bits virtual
power management:

processor	: 3
vendor_id	: GenuineIntel
cpu family	: 6
model		: 142
model name	: Intel(R) Core(TM) i7-8550U CPU @ 1.80GHz
stepping	: 10
microcode	: 0xb4
cpu MHz		: 801.459
cache size	: 8192 KB
physical id	: 0
siblings	: 8
core id		: 3
cpu cores	: 4
apicid		: 6
initial apicid	: 6
fpu		: yes
fpu_exception	: yes
cpuid level	: 22
wp		: yes
flags		: fpu vme de pse tsc msr pae mce cx8 apic sep mtrr pge mca cmov pat pse36 clflush dts acpi mmx fxsr sse sse2 ss ht tm pbe syscall nx pdpe1gb rdtscp lm constant_tsc art arch_perfmon pebs bts rep_good nopl xtopology nonstop_tsc cpuid aperfmperf tsc_known_freq pni pclmulqdq dtes64 monitor ds_cpl vmx est tm2 ssse3 sdbg fma cx16 xtpr pdcm pcid sse4_1 sse4_2 x2apic movbe popcnt tsc_deadline_timer aes xsave avx f16c rdrand lahf_lm abm 3dnowprefetch cpuid_fault epb invpcid_single pti ssbd ibrs ibpb stibp tpr_shadow vnmi flexpriority ept vpid ept_ad fsgsbase tsc_adjust bmi1 avx2 smep bmi2 erms invpcid mpx rdseed adx smap clflushopt intel_pt xsaveopt xsavec xgetbv1 xsaves dtherm ida arat pln pts hwp hwp_notify hwp_act_window hwp_epp md_clear flush_l1d
bugs		: cpu_meltdown spectre_v1 spectre_v2 spec_store_bypass l1tf mds swapgs
bogomips	: 3985.00
clflush size	: 64
cache_alignment	: 64
address sizes	: 39 bits physical, 48 bits virtual
power management:

processor	: 4
vendor_id	: GenuineIntel
cpu family	: 6
model		: 142
model name	: Intel(R) Core(TM) i7-8550U CPU @ 1.80GHz
stepping	: 10
microcode	: 0xb4
cpu MHz		: 800.057
cache size	: 8192 KB
physical id	: 0
siblings	: 8
core id		: 0
cpu cores	: 4
apicid		: 1
initial apicid	: 1
fpu		: yes
fpu_exception	: yes
cpuid level	: 22
wp		: yes
flags		: fpu vme de pse tsc msr pae mce cx8 apic sep mtrr pge mca cmov pat pse36 clflush dts acpi mmx fxsr sse sse2 ss ht tm pbe syscall nx pdpe1gb rdtscp lm constant_tsc art arch_perfmon pebs bts rep_good nopl xtopology nonstop_tsc cpuid aperfmperf tsc_known_freq pni pclmulqdq dtes64 monitor ds_cpl vmx est tm2 ssse3 sdbg fma cx16 xtpr pdcm pcid sse4_1 sse4_2 x2apic movbe popcnt tsc_deadline_timer aes xsave avx f16c rdrand lahf_lm abm 3dnowprefetch cpuid_fault epb invpcid_single pti ssbd ibrs ibpb stibp tpr_shadow vnmi flexpriority ept vpid ept_ad fsgsbase tsc_adjust bmi1 avx2 smep bmi2 erms invpcid mpx rdseed adx smap clflushopt intel_pt xsaveopt xsavec xgetbv1 xsaves dtherm ida arat pln pts hwp hwp_notify hwp_act_window hwp_epp md_clear flush_l1d
bugs		: cpu_meltdown spectre_v1 spectre_v2 spec_store_bypass l1tf mds swapgs
bogomips	: 3985.00
clflush size	: 64
cache_alignment	: 64
address sizes	: 39 bits physical, 48 bits virtual
power management:

processor	: 5
vendor_id	: GenuineIntel
cpu family	: 6
model		: 142
model name	: Intel(R) Core(TM) i7-8550U CPU @ 1.80GHz
stepping	: 10
microcode	: 0xb4
cpu MHz		: 800.056
cache size	: 8192 KB
physical id	: 0
siblings	: 8
core id		: 1
cpu cores	: 4
apicid		: 3
initial apicid	: 3
fpu		: yes
fpu_exception	: yes
cpuid level	: 22
wp		: yes
flags		: fpu vme de pse tsc msr pae mce cx8 apic sep mtrr pge mca cmov pat pse36 clflush dts acpi mmx fxsr sse sse2 ss ht tm pbe syscall nx pdpe1gb rdtscp lm constant_tsc art arch_perfmon pebs bts rep_good nopl xtopology nonstop_tsc cpuid aperfmperf tsc_known_freq pni pclmulqdq dtes64 monitor ds_cpl vmx est tm2 ssse3 sdbg fma cx16 xtpr pdcm pcid sse4_1 sse4_2 x2apic movbe popcnt tsc_deadline_timer aes xsave avx f16c rdrand lahf_lm abm 3dnowprefetch cpuid_fault epb invpcid_single pti ssbd ibrs ibpb stibp tpr_shadow vnmi flexpriority ept vpid ept_ad fsgsbase tsc_adjust bmi1 avx2 smep bmi2 erms invpcid mpx rdseed adx smap clflushopt intel_pt xsaveopt xsavec xgetbv1 xsaves dtherm ida arat pln pts hwp hwp_notify hwp_act_window hwp_epp md_clear flush_l1d
bugs		: cpu_meltdown spectre_v1 spectre_v2 spec_store_bypass l1tf mds swapgs
bogomips	: 3985.00
clflush size	: 64
cache_alignment	: 64
address sizes	: 39 bits physical, 48 bits virtual
power management:

processor	: 6
vendor_id	: GenuineIntel
cpu family	: 6
model		: 142
model name	: Intel(R) Core(TM) i7-8550U CPU @ 1.80GHz
stepping	: 10
microcode	: 0xb4
cpu MHz		: 800.031
cache size	: 8192 KB
physical id	: 0
siblings	: 8
core id		: 2
cpu cores	: 4
apicid		: 5
initial apicid	: 5
fpu		: yes
fpu_exception	: yes
cpuid level	: 22
wp		: yes
flags		: fpu vme de pse tsc msr pae mce cx8 apic sep mtrr pge mca cmov pat pse36 clflush dts acpi mmx fxsr sse sse2 ss ht tm pbe syscall nx pdpe1gb rdtscp lm constant_tsc art arch_perfmon pebs bts rep_good nopl xtopology nonstop_tsc cpuid aperfmperf tsc_known_freq pni pclmulqdq dtes64 monitor ds_cpl vmx est tm2 ssse3 sdbg fma cx16 xtpr pdcm pcid sse4_1 sse4_2 x2apic movbe popcnt tsc_deadline_timer aes xsave avx f16c rdrand lahf_lm abm 3dnowprefetch cpuid_fault epb invpcid_single pti ssbd ibrs ibpb stibp tpr_shadow vnmi flexpriority ept vpid ept_ad fsgsbase tsc_adjust bmi1 avx2 smep bmi2 erms invpcid mpx rdseed adx smap clflushopt intel_pt xsaveopt xsavec xgetbv1 xsaves dtherm ida arat pln pts hwp hwp_notify hwp_act_window hwp_epp md_clear flush_l1d
bugs		: cpu_meltdown spectre_v1 spectre_v2 spec_store_bypass l1tf mds swapgs
bogomips	: 3985.00
clflush size	: 64
cache_alignment	: 64
address sizes	: 39 bits physical, 48 bits virtual
power management:

processor	: 7
vendor_id	: GenuineIntel
cpu family	: 6
model		: 142
model name	: Intel(R) Core(TM) i7-8550U CPU @ 1.80GHz
stepping	: 10
microcode	: 0xb4
cpu MHz		: 800.001
cache size	: 8192 KB
physical id	: 0
siblings	: 8
core id		: 3
cpu cores	: 4
apicid		: 7
initial apicid	: 7
fpu		: yes
fpu_exception	: yes
cpuid level	: 22
wp		: yes
flags		: fpu vme de pse tsc msr pae mce cx8 apic sep mtrr pge mca cmov pat pse36 clflush dts acpi mmx fxsr sse sse2 ss ht tm pbe syscall nx pdpe1gb rdtscp lm constant_tsc art arch_perfmon pebs bts rep_good nopl xtopology nonstop_tsc cpuid aperfmperf tsc_known_freq pni pclmulqdq dtes64 monitor ds_cpl vmx est tm2 ssse3 sdbg fma cx16 xtpr pdcm pcid sse4_1 sse4_2 x2apic movbe popcnt tsc_deadline_timer aes xsave avx f16c rdrand lahf_lm abm 3dnowprefetch cpuid_fault epb invpcid_single pti ssbd ibrs ibpb stibp tpr_shadow vnmi flexpriority ept vpid ept_ad fsgsbase tsc_adjust bmi1 avx2 smep bmi2 erms invpcid mpx rdseed adx smap clflushopt intel_pt xsaveopt xsavec xgetbv1 xsaves dtherm ida arat pln pts hwp hwp_notify hwp_act_window hwp_epp md_clear flush_l1d
bugs		: cpu_meltdown spectre_v1 spectre_v2 spec_store_bypass l1tf mds swapgs
bogomips	: 3985.00
clflush size	: 64
cache_alignment	: 64
address sizes	: 39 bits physical, 48 bits virtual
power management:



Memory: 4k page, physical 8064344k(752672k free), swap 0k(0k free)

vm_info: OpenJDK 64-Bit Server VM (25.222-b05) for linux-amd64 JRE (1.8.0_222-b05), built on Jun 18 2019 08:19:03 by "builduser" with gcc 8.3.0

time: Thu Nov 28 21:22:07 2019
timezone: GMT
elapsed time: 171 seconds (0d 0h 2m 51s)

