#
# A fatal error has been detected by the Java Runtime Environment:
#
#  SIGBUS (0x7) at pc=0x00007f8ea2769671, pid=13482, tid=0x00007f8e74cfd700
#
# JRE version: OpenJDK Runtime Environment (8.0_222-b05) (build 1.8.0_222-b05)
# Java VM: OpenJDK 64-Bit Server VM (25.222-b05 mixed mode linux-amd64 compressed oops)
# Problematic frame:
# C  [libzip.so+0x5671]
#
# Core dump written. Default location: /home/markg/Documents/Fourth year/Distributed Systems/subPart2/core or core.13482
#
# If you would like to submit a bug report, please visit:
#   http://bugreport.java.com/bugreport/crash.jsp
# The crash happened outside the Java Virtual Machine in native code.
# See problematic frame for where to report the bug.
#

---------------  T H R E A D  ---------------

Current thread (0x00007f8e18004000):  JavaThread "Thread-11" [_thread_in_native, id=13641, stack(0x00007f8e74bfd000,0x00007f8e74cfe000)]

siginfo: si_signo: 7 (SIGBUS), si_code: 2 (BUS_ADRERR), si_addr: 0x00007f8e7ee918f4

Registers:
RAX=0x00007f8da8001b10, RBX=0x00007f8e9c263060, RCX=0x0000000000000050, RDX=0x00007f8da8000020
RSP=0x00007f8e74cfa680, RBP=0x00007f8e74cfa6f0, RSI=0x00007f8da80008d0, RDI=0x00007f8da8001b00
R8 =0x00007f8da8001b10, R9 =0x00007f8da8001ba0, R10=0x0000000000000000, R11=0x00007f8da8000080
R12=0x000000000009c8d6, R13=0x000000009ac6435b, R14=0x00007f8e7ee918d6, R15=0x00007f8da8001b10
RIP=0x00007f8ea2769671, EFLAGS=0x0000000000010202, CSGSFS=0x002b000000000033, ERR=0x0000000000000004
  TRAPNO=0x000000000000000e

Top of Stack: (sp=0x00007f8e74cfa680)
0x00007f8e74cfa680:   0000000000000000 0000000000000000
0x00007f8e74cfa690:   000000007d6c7f98 000000007e79b240
0x00007f8e74cfa6a0:   000000007e79c9e0 0000000074f4c448
0x00007f8e74cfa6b0:   0000000074f4c428 00007f8ea3222512
0x00007f8e74cfa6c0:   000000000000002b 00007f8e9c245b90
0x00007f8e74cfa6d0:   000000000000002b 000000009ac6435b
0x00007f8e74cfa6e0:   00007f8db00011f0 00007f8e9c263060
0x00007f8e74cfa6f0:   00007f8e74cfa740 00007f8ea276a33e
0x00007f8e74cfa700:   0000002b01d1a490 00007f8e74cfa760
0x00007f8e74cfa710:   00000000a09ea158 000000000000002b
0x00007f8e74cfa720:   00007f8e180041e0 00007f8e74cfa760
0x00007f8e74cfa730:   00007f8e9c263060 00007f8e74cfabb8
0x00007f8e74cfa740:   00007f8e74cfaba0 00007f8ea27682d7
0x00007f8e74cfa750:   0000000000000000 0000000100000000
0x00007f8e74cfa760:   696c63652f67726f 7474656a2f657370
0x00007f8e74cfa770:   462f6c6974752f79 6c61436572757475
0x00007f8e74cfa780:   6c632e6b6361626c 0000000000737361
0x00007f8e74cfa790:   00000000a09ec600 0000000074f4c468
0x00007f8e74cfa7a0:   000000007d5ce150 0000000000000000
0x00007f8e74cfa7b0:   0000000000000000 0000000000000000
0x00007f8e74cfa7c0:   0000000000000000 0000000000000000
0x00007f8e74cfa7d0:   0000000000000000 0000000000000000
0x00007f8e74cfa7e0:   0000000000000000 000000007d9b5600
0x00007f8e74cfa7f0:   0000000074f4c3c8 00000000a09ec5e0
0x00007f8e74cfa800:   000000007e492a68 0000000000000000
0x00007f8e74cfa810:   0000000000000000 0000000000000000
0x00007f8e74cfa820:   000000007d6a84a0 0000000000000000
0x00007f8e74cfa830:   0000000000000000 0000000000000000
0x00007f8e74cfa840:   0000000000000000 0000000074f4c3a8
0x00007f8e74cfa850:   0000000074f4c388 0000000000000000
0x00007f8e74cfa860:   000000007e4929e8 0000000000000000
0x00007f8e74cfa870:   0000000000000000 0000000000000000 

Instructions: (pc=0x00007f8ea2769671)
0x00007f8ea2769651:   00 00 00 4d 8b 24 24 48 c7 40 28 00 00 00 00 0f
0x00007f8ea2769661:   84 3a 01 00 00 4c 8b 73 18 4c 2b 63 28 4d 01 e6
0x00007f8ea2769671:   41 0f b7 46 1e 45 0f b7 6e 1c 48 c7 45 c8 00 00
0x00007f8ea2769681:   00 00 66 89 45 c2 41 0f b7 46 20 4d 89 ec 66 89 

Register to memory mapping:

RAX=0x00007f8da8001b10 is an unknown value
RBX=0x00007f8e9c263060 is an unknown value
RCX=0x0000000000000050 is an unknown value
RDX=0x00007f8da8000020 is an unknown value
RSP=0x00007f8e74cfa680 is pointing into the stack for thread: 0x00007f8e18004000
RBP=0x00007f8e74cfa6f0 is pointing into the stack for thread: 0x00007f8e18004000
RSI=0x00007f8da80008d0 is an unknown value
RDI=0x00007f8da8001b00 is an unknown value
R8 =0x00007f8da8001b10 is an unknown value
R9 =0x00007f8da8001ba0 is an unknown value
R10=0x0000000000000000 is an unknown value
R11=0x00007f8da8000080 is an unknown value
R12=0x000000000009c8d6 is an unknown value
R13=0x000000009ac6435b is an unallocated location in the heap
R14=0x00007f8e7ee918d6 is an unknown value
R15=0x00007f8da8001b10 is an unknown value


Stack: [0x00007f8e74bfd000,0x00007f8e74cfe000],  sp=0x00007f8e74cfa680,  free space=1013k
Native frames: (J=compiled Java code, j=interpreted, Vv=VM code, C=native code)
C  [libzip.so+0x5671]
C  [libzip.so+0x633e]
C  [libzip.so+0x42d7]  Java_java_util_zip_ZipFile_getEntry+0x87
J 210  java.util.zip.ZipFile.getEntry(J[BZ)J (0 bytes) @ 0x00007f8e8d179a0e [0x00007f8e8d179940+0xce]
J 276 C1 java.util.zip.ZipFile.getEntry(Ljava/lang/String;)Ljava/util/zip/ZipEntry; (101 bytes) @ 0x00007f8e8d1a454c [0x00007f8e8d1a42e0+0x26c]
J 393 C1 java.util.jar.JarFile.getEntry(Ljava/lang/String;)Ljava/util/zip/ZipEntry; (22 bytes) @ 0x00007f8e8d1f8524 [0x00007f8e8d1f84a0+0x84]
J 368 C2 sun.misc.URLClassPath$JarLoader.getResource(Ljava/lang/String;Z)Lsun/misc/Resource; (85 bytes) @ 0x00007f8e8d1ec7b4 [0x00007f8e8d1ec520+0x294]
J 1231 C2 sun.misc.URLClassPath.getResource(Ljava/lang/String;Z)Lsun/misc/Resource; (83 bytes) @ 0x00007f8e8d3d3cec [0x00007f8e8d3d3ba0+0x14c]
J 1853 C2 java.net.URLClassLoader$1.run()Ljava/lang/Object; (5 bytes) @ 0x00007f8e8d66fafc [0x00007f8e8d66f640+0x4bc]
v  ~StubRoutines::call_stub
V  [libjvm.so+0x6364ae]
V  [libjvm.so+0x683f11]  JVM_DoPrivileged+0x2d1
J 171  java.security.AccessController.doPrivileged(Ljava/security/PrivilegedExceptionAction;Ljava/security/AccessControlContext;)Ljava/lang/Object; (0 bytes) @ 0x00007f8e8d16a2d5 [0x00007f8e8d16a200+0xd5]
J 1832 C2 java.net.URLClassLoader.findClass(Ljava/lang/String;)Ljava/lang/Class; (47 bytes) @ 0x00007f8e8d5711b0 [0x00007f8e8d571120+0x90]
J 1700 C2 java.lang.ClassLoader.loadClass(Ljava/lang/String;Z)Ljava/lang/Class; (122 bytes) @ 0x00007f8e8d52ee14 [0x00007f8e8d52e320+0xaf4]
J 202 C1 sun.misc.Launcher$AppClassLoader.loadClass(Ljava/lang/String;Z)Ljava/lang/Class; (85 bytes) @ 0x00007f8e8d17898c [0x00007f8e8d178000+0x98c]
J 200 C1 java.lang.ClassLoader.loadClass(Ljava/lang/String;)Ljava/lang/Class; (7 bytes) @ 0x00007f8e8d177884 [0x00007f8e8d177780+0x104]
v  ~StubRoutines::call_stub
V  [libjvm.so+0x6364ae]
V  [libjvm.so+0x633c48]
V  [libjvm.so+0x6342c5]
V  [libjvm.so+0x983228]
V  [libjvm.so+0x983b63]
V  [libjvm.so+0x985ab2]
V  [libjvm.so+0x4a1529]
V  [libjvm.so+0x6278c0]
j  org.eclipse.jetty.server.AbstractConnector.shutdown()Ljava/util/concurrent/Future;+0
j  org.eclipse.jetty.server.AbstractNetworkConnector.shutdown()Ljava/util/concurrent/Future;+5
j  org.eclipse.jetty.server.ServerConnector.shutdown()Ljava/util/concurrent/Future;+1
j  org.eclipse.jetty.server.Server.doStop()V+89
j  org.eclipse.jetty.util.component.AbstractLifeCycle.stop()V+30
j  org.eclipse.jetty.util.thread.ShutdownThread.run()V+41
v  ~StubRoutines::call_stub
V  [libjvm.so+0x6364ae]
V  [libjvm.so+0x633c48]
V  [libjvm.so+0x634213]
V  [libjvm.so+0x67413e]
V  [libjvm.so+0x9b5c1f]
V  [libjvm.so+0x9b5f45]
V  [libjvm.so+0x86dd54]
C  [libpthread.so.0+0x94cf]  start_thread+0xdf

Java frames: (J=compiled Java code, j=interpreted, Vv=VM code)
J 210  java.util.zip.ZipFile.getEntry(J[BZ)J (0 bytes) @ 0x00007f8e8d179998 [0x00007f8e8d179940+0x58]
J 276 C1 java.util.zip.ZipFile.getEntry(Ljava/lang/String;)Ljava/util/zip/ZipEntry; (101 bytes) @ 0x00007f8e8d1a454c [0x00007f8e8d1a42e0+0x26c]
J 393 C1 java.util.jar.JarFile.getEntry(Ljava/lang/String;)Ljava/util/zip/ZipEntry; (22 bytes) @ 0x00007f8e8d1f8524 [0x00007f8e8d1f84a0+0x84]
J 368 C2 sun.misc.URLClassPath$JarLoader.getResource(Ljava/lang/String;Z)Lsun/misc/Resource; (85 bytes) @ 0x00007f8e8d1ec7b4 [0x00007f8e8d1ec520+0x294]
J 1231 C2 sun.misc.URLClassPath.getResource(Ljava/lang/String;Z)Lsun/misc/Resource; (83 bytes) @ 0x00007f8e8d3d3cec [0x00007f8e8d3d3ba0+0x14c]
J 1853 C2 java.net.URLClassLoader$1.run()Ljava/lang/Object; (5 bytes) @ 0x00007f8e8d66fafc [0x00007f8e8d66f640+0x4bc]
v  ~StubRoutines::call_stub
J 171  java.security.AccessController.doPrivileged(Ljava/security/PrivilegedExceptionAction;Ljava/security/AccessControlContext;)Ljava/lang/Object; (0 bytes) @ 0x00007f8e8d16a263 [0x00007f8e8d16a200+0x63]
J 1832 C2 java.net.URLClassLoader.findClass(Ljava/lang/String;)Ljava/lang/Class; (47 bytes) @ 0x00007f8e8d5711b0 [0x00007f8e8d571120+0x90]
J 1700 C2 java.lang.ClassLoader.loadClass(Ljava/lang/String;Z)Ljava/lang/Class; (122 bytes) @ 0x00007f8e8d52ee14 [0x00007f8e8d52e320+0xaf4]
J 202 C1 sun.misc.Launcher$AppClassLoader.loadClass(Ljava/lang/String;Z)Ljava/lang/Class; (85 bytes) @ 0x00007f8e8d17898c [0x00007f8e8d178000+0x98c]
J 200 C1 java.lang.ClassLoader.loadClass(Ljava/lang/String;)Ljava/lang/Class; (7 bytes) @ 0x00007f8e8d177884 [0x00007f8e8d177780+0x104]
v  ~StubRoutines::call_stub
j  org.eclipse.jetty.server.AbstractConnector.shutdown()Ljava/util/concurrent/Future;+0
j  org.eclipse.jetty.server.AbstractNetworkConnector.shutdown()Ljava/util/concurrent/Future;+5
j  org.eclipse.jetty.server.ServerConnector.shutdown()Ljava/util/concurrent/Future;+1
j  org.eclipse.jetty.server.Server.doStop()V+89
j  org.eclipse.jetty.util.component.AbstractLifeCycle.stop()V+30
j  org.eclipse.jetty.util.thread.ShutdownThread.run()V+41
v  ~StubRoutines::call_stub

---------------  P R O C E S S  ---------------

Java Threads: ( => current thread )
=>0x00007f8e18004000 JavaThread "Thread-11" [_thread_in_native, id=13641, stack(0x00007f8e74bfd000,0x00007f8e74cfe000)]
  0x00007f8e4c001000 JavaThread "SIGINT handler" daemon [_thread_blocked, id=13640, stack(0x00007f8e7def0000,0x00007f8e7dff1000)]
  0x00007f8e18003800 JavaThread "dw-admin-51" [_thread_blocked, id=13623, stack(0x00007f8e7c1a5000,0x00007f8e7c2a6000)]
  0x00007f8e2004d800 JavaThread "dw-48" [_thread_in_native, id=13564, stack(0x00007f8e7c0a4000,0x00007f8e7c1a5000)]
  0x00007f8dc4001000 JavaThread "dw-47" [_thread_blocked, id=13563, stack(0x00007f8e7ddef000,0x00007f8e7def0000)]
  0x00007f8e20007800 JavaThread "Scheduler-1325866488" [_thread_blocked, id=13546, stack(0x00007f8e7d2e8000,0x00007f8e7d3e9000)]
  0x00007f8dc4003000 JavaThread "dw-44" [_thread_in_native, id=13545, stack(0x00007f8e7d3e9000,0x00007f8e7d4ea000)]
  0x00007f8dcc001000 JavaThread "dw-admin-40-acceptor-3@7ab19cee-admin@3fc9dfc5{HTTP/1.1,[http/1.1]}{0.0.0.0:8081}" [_thread_blocked, id=13535, stack(0x00007f8e7c2a6000,0x00007f8e7c3a7000)]
  0x00007f8dc8001000 JavaThread "dw-admin-39-acceptor-2@33c96eed-admin@3fc9dfc5{HTTP/1.1,[http/1.1]}{0.0.0.0:8081}" [_thread_blocked, id=13534, stack(0x00007f8e7c3a7000,0x00007f8e7c4a8000)]
  0x00007f8dd4001000 JavaThread "dw-admin-38-acceptor-1@103f82e9-admin@3fc9dfc5{HTTP/1.1,[http/1.1]}{0.0.0.0:8081}" [_thread_blocked, id=13533, stack(0x00007f8e7c4a8000,0x00007f8e7c5a9000)]
  0x00007f8dd0001000 JavaThread "dw-admin-37-acceptor-0@2a3c3fe0-admin@3fc9dfc5{HTTP/1.1,[http/1.1]}{0.0.0.0:8081}" [_thread_in_native, id=13532, stack(0x00007f8e7c5a9000,0x00007f8e7c6aa000)]
  0x00007f8ddc001000 JavaThread "dw-admin-36" [_thread_in_native, id=13531, stack(0x00007f8e7c6aa000,0x00007f8e7c7ab000)]
  0x00007f8dd8001000 JavaThread "dw-admin-35" [_thread_in_native, id=13530, stack(0x00007f8e7c7ab000,0x00007f8e7c8ac000)]
  0x00007f8de4001000 JavaThread "dw-admin-34" [_thread_in_native, id=13529, stack(0x00007f8e7c8ac000,0x00007f8e7c9ad000)]
  0x00007f8de0001000 JavaThread "dw-admin-33" [_thread_in_native, id=13528, stack(0x00007f8e7c9ad000,0x00007f8e7caae000)]
  0x00007f8e9c00a800 JavaThread "DestroyJavaVM" [_thread_blocked, id=13483, stack(0x00007f8ea27a8000,0x00007f8ea28a8000)]
  0x00007f8dec001000 JavaThread "dw-admin-31" [_thread_in_native, id=13527, stack(0x00007f8e7caae000,0x00007f8e7cbaf000)]
  0x00007f8df4001000 JavaThread "dw-admin-30" [_thread_in_native, id=13526, stack(0x00007f8e7cbaf000,0x00007f8e7ccb0000)]
  0x00007f8df0001000 JavaThread "dw-29" [_thread_in_native, id=13525, stack(0x00007f8e7ccb0000,0x00007f8e7cdb1000)]
  0x00007f8e00001000 JavaThread "dw-admin-28" [_thread_in_native, id=13524, stack(0x00007f8e7cdb1000,0x00007f8e7ceb2000)]
  0x00007f8dfc001000 JavaThread "dw-27-acceptor-3@212dfb83-application@7c56e013{HTTP/1.1,[http/1.1]}{0.0.0.0:8080}" [_thread_blocked, id=13523, stack(0x00007f8e7ceb2000,0x00007f8e7cfb3000)]
  0x00007f8e04003000 JavaThread "dw-26-acceptor-2@1f51ba93-application@7c56e013{HTTP/1.1,[http/1.1]}{0.0.0.0:8080}" [_thread_blocked, id=13522, stack(0x00007f8e7cfb3000,0x00007f8e7d0b4000)]
  0x00007f8df8001000 JavaThread "dw-25-acceptor-1@709a07d4-application@7c56e013{HTTP/1.1,[http/1.1]}{0.0.0.0:8080}" [_thread_blocked, id=13521, stack(0x00007f8e7d1b5000,0x00007f8e7d2b6000)]
  0x00007f8e04001000 JavaThread "dw-24-acceptor-0@4de8efaf-application@7c56e013{HTTP/1.1,[http/1.1]}{0.0.0.0:8080}" [_thread_blocked, id=13520, stack(0x00007f8e7d0b4000,0x00007f8e7d1b5000)]
  0x00007f8e9c8cb000 JavaThread "dw-admin-22" [_thread_in_native, id=13518, stack(0x00007f8e7d6ea000,0x00007f8e7d7eb000)]
  0x00007f8e9c8ae800 JavaThread "dw-20" [_thread_in_native, id=13517, stack(0x00007f8e7d9eb000,0x00007f8e7daec000)]
  0x00007f8e9c8ac800 JavaThread "dw-19" [_thread_in_native, id=13516, stack(0x00007f8e7daec000,0x00007f8e7dbed000)]
  0x00007f8e9c8ab000 JavaThread "dw-18" [_thread_in_native, id=13515, stack(0x00007f8e7dbed000,0x00007f8e7dcee000)]
  0x00007f8e9c8a9000 JavaThread "dw-17" [_thread_in_native, id=13514, stack(0x00007f8e7dcee000,0x00007f8e7ddef000)]
  0x00007f8e9c8a4800 JavaThread "dw-14" [_thread_in_native, id=13511, stack(0x00007f8e7dff1000,0x00007f8e7e0f2000)]
  0x00007f8e9c86f000 JavaThread "dw-13" [_thread_blocked, id=13510, stack(0x00007f8e7e0f2000,0x00007f8e7e1f3000)]
  0x00007f8e9c86c800 JavaThread "AsyncAppender-Worker-async-console-appender" daemon [_thread_blocked, id=13509, stack(0x00007f8e7e1f3000,0x00007f8e7e2f4000)]
  0x00007f8e9c738000 JavaThread "AsyncAppender-Worker-async-console-appender" daemon [_thread_blocked, id=13508, stack(0x00007f8e7e4f4000,0x00007f8e7e5f5000)]
  0x00007f8e9c219800 JavaThread "Service Thread" daemon [_thread_blocked, id=13500, stack(0x00007f8e7f00c000,0x00007f8e7f10d000)]
  0x00007f8e9c20e800 JavaThread "C1 CompilerThread3" daemon [_thread_blocked, id=13499, stack(0x00007f8e7f10e000,0x00007f8e7f20e000)]
  0x00007f8e9c20c000 JavaThread "C2 CompilerThread2" daemon [_thread_blocked, id=13498, stack(0x00007f8e7f20f000,0x00007f8e7f30f000)]
  0x00007f8e9c20a800 JavaThread "C2 CompilerThread1" daemon [_thread_blocked, id=13497, stack(0x00007f8e7f310000,0x00007f8e7f410000)]
  0x00007f8e9c207800 JavaThread "C2 CompilerThread0" daemon [_thread_blocked, id=13496, stack(0x00007f8e7f411000,0x00007f8e7f511000)]
  0x00007f8e9c206000 JavaThread "Signal Dispatcher" daemon [_thread_blocked, id=13495, stack(0x00007f8e7f511000,0x00007f8e7f612000)]
  0x00007f8e9c1d3000 JavaThread "Finalizer" daemon [_thread_blocked, id=13494, stack(0x00007f8e7f8f9000,0x00007f8e7f9fa000)]
  0x00007f8e9c1d0800 JavaThread "Reference Handler" daemon [_thread_blocked, id=13493, stack(0x00007f8e7f9fa000,0x00007f8e7fafb000)]

Other Threads:
  0x00007f8e9c1c7000 VMThread [stack: 0x00007f8e7fafc000,0x00007f8e7fbfc000] [id=13492]
  0x00007f8e9c21c000 WatcherThread [stack: 0x00007f8e7ef0c000,0x00007f8e7f00c000] [id=13501]

VM state:not at safepoint (normal execution)

VM Mutex/Monitor currently owned by a thread: None

heap address: 0x0000000084e00000, size: 1970 MB, Compressed Oops mode: 32-bit
Narrow klass base: 0x0000000000000000, Narrow klass shift: 3
Compressed class space size: 1073741824 Address: 0x0000000100000000

Heap:
 PSYoungGen      total 53248K, used 29705K [0x00000000d6f80000, 0x00000000db780000, 0x0000000100000000)
  eden space 48128K, 51% used [0x00000000d6f80000,0x00000000d8786e40,0x00000000d9e80000)
  from space 5120K, 99% used [0x00000000db280000,0x00000000db77b728,0x00000000db780000)
  to   space 5120K, 0% used [0x00000000dad80000,0x00000000dad80000,0x00000000db280000)
 ParOldGen       total 58880K, used 9147K [0x0000000084e00000, 0x0000000088780000, 0x00000000d6f80000)
  object space 58880K, 15% used [0x0000000084e00000,0x00000000856eed80,0x0000000088780000)
 Metaspace       used 27043K, capacity 27348K, committed 27648K, reserved 1073152K
  class space    used 3446K, capacity 3554K, committed 3584K, reserved 1048576K

Card table byte_map: [0x00007f8ea1fca000,0x00007f8ea23a4000] byte_map_base: 0x00007f8ea1ba3000

Marking Bits: (ParMarkBitMap*) 0x00007f8ea3699c40
 Begin Bits: [0x00007f8e84270000, 0x00007f8e86138000)
 End Bits:   [0x00007f8e86138000, 0x00007f8e88000000)

Polling page: 0x00007f8ea3b2f000

CodeCache: size=245760Kb used=6860Kb max_used=6870Kb free=238899Kb
 bounds [0x00007f8e8d000000, 0x00007f8e8d6c0000, 0x00007f8e9c000000]
 total_blobs=2738 nmethods=2283 adapters=369
 compilation: enabled

Compilation events (10 events):
Event: 94.563 Thread 0x00007f8e9c20e800 2304       1       java.lang.ThreadLocal::getMap (5 bytes)
Event: 94.564 Thread 0x00007f8e9c20e800 nmethod 2304 0x00007f8e8d12a450 code [0x00007f8e8d12a5a0, 0x00007f8e8d12a6b0]
Event: 94.564 Thread 0x00007f8e9c20e800 2303       3       com.codahale.metrics.LongAdder::sumThenReset (66 bytes)
Event: 94.564 Thread 0x00007f8e9c20e800 nmethod 2303 0x00007f8e8d1202d0 code [0x00007f8e8d120440, 0x00007f8e8d120730]
Event: 124.565 Thread 0x00007f8e9c20e800 2305       1       java.nio.channels.spi.AbstractInterruptibleChannel::isOpen (5 bytes)
Event: 124.565 Thread 0x00007f8e9c20e800 nmethod 2305 0x00007f8e8d12a190 code [0x00007f8e8d12a2e0, 0x00007f8e8d12a3f0]
Event: 124.568 Thread 0x00007f8e9c20e800 2306       3       com.codahale.metrics.LongAdder::add (108 bytes)
Event: 124.570 Thread 0x00007f8e9c20e800 nmethod 2306 0x00007f8e8d133410 code [0x00007f8e8d1335c0, 0x00007f8e8d133da8]
Event: 124.570 Thread 0x00007f8e9c20e800 2307       3       com.codahale.metrics.Striped64::casBase (13 bytes)
Event: 124.571 Thread 0x00007f8e9c20e800 nmethod 2307 0x00007f8e8d11ff90 code [0x00007f8e8d1200e0, 0x00007f8e8d120250]

GC Heap History (10 events):
Event: 0.851 GC heap before
{Heap before GC invocations=1 (full 0):
 PSYoungGen      total 36864K, used 31744K [0x00000000d6f80000, 0x00000000d9880000, 0x0000000100000000)
  eden space 31744K, 100% used [0x00000000d6f80000,0x00000000d8e80000,0x00000000d8e80000)
  from space 5120K, 0% used [0x00000000d9380000,0x00000000d9380000,0x00000000d9880000)
  to   space 5120K, 0% used [0x00000000d8e80000,0x00000000d8e80000,0x00000000d9380000)
 ParOldGen       total 84992K, used 0K [0x0000000084e00000, 0x000000008a100000, 0x00000000d6f80000)
  object space 84992K, 0% used [0x0000000084e00000,0x0000000084e00000,0x000000008a100000)
 Metaspace       used 14182K, capacity 14368K, committed 14592K, reserved 1062912K
  class space    used 1716K, capacity 1792K, committed 1792K, reserved 1048576K
Event: 0.859 GC heap after
Heap after GC invocations=1 (full 0):
 PSYoungGen      total 36864K, used 5119K [0x00000000d6f80000, 0x00000000d9880000, 0x0000000100000000)
  eden space 31744K, 0% used [0x00000000d6f80000,0x00000000d6f80000,0x00000000d8e80000)
  from space 5120K, 99% used [0x00000000d8e80000,0x00000000d937fef0,0x00000000d9380000)
  to   space 5120K, 0% used [0x00000000d9380000,0x00000000d9380000,0x00000000d9880000)
 ParOldGen       total 84992K, used 3421K [0x0000000084e00000, 0x000000008a100000, 0x00000000d6f80000)
  object space 84992K, 4% used [0x0000000084e00000,0x0000000085157578,0x000000008a100000)
 Metaspace       used 14182K, capacity 14368K, committed 14592K, reserved 1062912K
  class space    used 1716K, capacity 1792K, committed 1792K, reserved 1048576K
}
Event: 1.416 GC heap before
{Heap before GC invocations=2 (full 0):
 PSYoungGen      total 36864K, used 36863K [0x00000000d6f80000, 0x00000000d9880000, 0x0000000100000000)
  eden space 31744K, 100% used [0x00000000d6f80000,0x00000000d8e80000,0x00000000d8e80000)
  from space 5120K, 99% used [0x00000000d8e80000,0x00000000d937fef0,0x00000000d9380000)
  to   space 5120K, 0% used [0x00000000d9380000,0x00000000d9380000,0x00000000d9880000)
 ParOldGen       total 84992K, used 3421K [0x0000000084e00000, 0x000000008a100000, 0x00000000d6f80000)
  object space 84992K, 4% used [0x0000000084e00000,0x0000000085157578,0x000000008a100000)
 Metaspace       used 18634K, capacity 18874K, committed 19072K, reserved 1067008K
  class space    used 2274K, capacity 2357K, committed 2432K, reserved 1048576K
Event: 1.426 GC heap after
Heap after GC invocations=2 (full 0):
 PSYoungGen      total 36864K, used 5104K [0x00000000d6f80000, 0x00000000db780000, 0x0000000100000000)
  eden space 31744K, 0% used [0x00000000d6f80000,0x00000000d6f80000,0x00000000d8e80000)
  from space 5120K, 99% used [0x00000000d9380000,0x00000000d987c030,0x00000000d9880000)
  to   space 5120K, 0% used [0x00000000d8e80000,0x00000000d8e80000,0x00000000d9380000)
 ParOldGen       total 84992K, used 6823K [0x0000000084e00000, 0x000000008a100000, 0x00000000d6f80000)
  object space 84992K, 8% used [0x0000000084e00000,0x00000000854a9f90,0x000000008a100000)
 Metaspace       used 18634K, capacity 18874K, committed 19072K, reserved 1067008K
  class space    used 2274K, capacity 2357K, committed 2432K, reserved 1048576K
}
Event: 1.577 GC heap before
{Heap before GC invocations=3 (full 0):
 PSYoungGen      total 36864K, used 15251K [0x00000000d6f80000, 0x00000000db780000, 0x0000000100000000)
  eden space 31744K, 31% used [0x00000000d6f80000,0x00000000d7968db0,0x00000000d8e80000)
  from space 5120K, 99% used [0x00000000d9380000,0x00000000d987c030,0x00000000d9880000)
  to   space 5120K, 0% used [0x00000000d8e80000,0x00000000d8e80000,0x00000000d9380000)
 ParOldGen       total 84992K, used 6823K [0x0000000084e00000, 0x000000008a100000, 0x00000000d6f80000)
  object space 84992K, 8% used [0x0000000084e00000,0x00000000854a9f90,0x000000008a100000)
 Metaspace       used 20974K, capacity 21184K, committed 21296K, reserved 1069056K
  class space    used 2607K, capacity 2680K, committed 2688K, reserved 1048576K
Event: 1.589 GC heap after
Heap after GC invocations=3 (full 0):
 PSYoungGen      total 36864K, used 5101K [0x00000000d6f80000, 0x00000000db780000, 0x0000000100000000)
  eden space 31744K, 0% used [0x00000000d6f80000,0x00000000d6f80000,0x00000000d8e80000)
  from space 5120K, 99% used [0x00000000d8e80000,0x00000000d937b638,0x00000000d9380000)
  to   space 5120K, 0% used [0x00000000db280000,0x00000000db280000,0x00000000db780000)
 ParOldGen       total 84992K, used 9968K [0x0000000084e00000, 0x000000008a100000, 0x00000000d6f80000)
  object space 84992K, 11% used [0x0000000084e00000,0x00000000857bc2a8,0x000000008a100000)
 Metaspace       used 20974K, capacity 21184K, committed 21296K, reserved 1069056K
  class space    used 2607K, capacity 2680K, committed 2688K, reserved 1048576K
}
Event: 1.589 GC heap before
{Heap before GC invocations=4 (full 1):
 PSYoungGen      total 36864K, used 5101K [0x00000000d6f80000, 0x00000000db780000, 0x0000000100000000)
  eden space 31744K, 0% used [0x00000000d6f80000,0x00000000d6f80000,0x00000000d8e80000)
  from space 5120K, 99% used [0x00000000d8e80000,0x00000000d937b638,0x00000000d9380000)
  to   space 5120K, 0% used [0x00000000db280000,0x00000000db280000,0x00000000db780000)
 ParOldGen       total 84992K, used 9968K [0x0000000084e00000, 0x000000008a100000, 0x00000000d6f80000)
  object space 84992K, 11% used [0x0000000084e00000,0x00000000857bc2a8,0x000000008a100000)
 Metaspace       used 20974K, capacity 21184K, committed 21296K, reserved 1069056K
  class space    used 2607K, capacity 2680K, committed 2688K, reserved 1048576K
Event: 1.633 GC heap after
Heap after GC invocations=4 (full 1):
 PSYoungGen      total 36864K, used 0K [0x00000000d6f80000, 0x00000000db780000, 0x0000000100000000)
  eden space 31744K, 0% used [0x00000000d6f80000,0x00000000d6f80000,0x00000000d8e80000)
  from space 5120K, 0% used [0x00000000d8e80000,0x00000000d8e80000,0x00000000d9380000)
  to   space 5120K, 0% used [0x00000000db280000,0x00000000db280000,0x00000000db780000)
 ParOldGen       total 58880K, used 8417K [0x0000000084e00000, 0x0000000088780000, 0x00000000d6f80000)
  object space 58880K, 14% used [0x0000000084e00000,0x0000000085638510,0x0000000088780000)
 Metaspace       used 20974K, capacity 21184K, committed 21296K, reserved 1069056K
  class space    used 2607K, capacity 2680K, committed 2688K, reserved 1048576K
}
Event: 2.068 GC heap before
{Heap before GC invocations=5 (full 1):
 PSYoungGen      total 36864K, used 31744K [0x00000000d6f80000, 0x00000000db780000, 0x0000000100000000)
  eden space 31744K, 100% used [0x00000000d6f80000,0x00000000d8e80000,0x00000000d8e80000)
  from space 5120K, 0% used [0x00000000d8e80000,0x00000000d8e80000,0x00000000d9380000)
  to   space 5120K, 0% used [0x00000000db280000,0x00000000db280000,0x00000000db780000)
 ParOldGen       total 58880K, used 8417K [0x0000000084e00000, 0x0000000088780000, 0x00000000d6f80000)
  object space 58880K, 14% used [0x0000000084e00000,0x0000000085638510,0x0000000088780000)
 Metaspace       used 25054K, capacity 25360K, committed 25600K, reserved 1071104K
  class space    used 3197K, capacity 3296K, committed 3328K, reserved 1048576K
Event: 2.075 GC heap after
Heap after GC invocations=5 (full 1):
 PSYoungGen      total 53248K, used 5101K [0x00000000d6f80000, 0x00000000db780000, 0x0000000100000000)
  eden space 48128K, 0% used [0x00000000d6f80000,0x00000000d6f80000,0x00000000d9e80000)
  from space 5120K, 99% used [0x00000000db280000,0x00000000db77b728,0x00000000db780000)
  to   space 5120K, 0% used [0x00000000dad80000,0x00000000dad80000,0x00000000db280000)
 ParOldGen       total 58880K, used 9147K [0x0000000084e00000, 0x0000000088780000, 0x00000000d6f80000)
  object space 58880K, 15% used [0x0000000084e00000,0x00000000856eed80,0x0000000088780000)
 Metaspace       used 25054K, capacity 25360K, committed 25600K, reserved 1071104K
  class space    used 3197K, capacity 3296K, committed 3328K, reserved 1048576K
}

Deoptimization events (10 events):
Event: 9.675 Thread 0x00007f8dc4003000 Uncommon trap: reason=unstable_if action=reinterpret pc=0x00007f8e8d53647c method=java.util.HashMap$HashIterator.<init>(Ljava/util/HashMap;)V @ 45
Event: 9.675 Thread 0x00007f8e9c8a4800 Uncommon trap: reason=unstable_if action=reinterpret pc=0x00007f8e8d4695a4 method=java.util.HashMap$HashIterator.<init>(Ljava/util/HashMap;)V @ 45
Event: 9.761 Thread 0x00007f8df0001000 Uncommon trap: reason=class_check action=maybe_recompile pc=0x00007f8e8d4cb78c method=java.util.Collections$UnmodifiableMap.isEmpty()Z @ 4
Event: 9.761 Thread 0x00007f8df0001000 Uncommon trap: reason=class_check action=maybe_recompile pc=0x00007f8e8d4cb78c method=java.util.Collections$UnmodifiableMap.isEmpty()Z @ 4
Event: 9.762 Thread 0x00007f8df0001000 Uncommon trap: reason=class_check action=maybe_recompile pc=0x00007f8e8d4cb78c method=java.util.Collections$UnmodifiableMap.isEmpty()Z @ 4
Event: 9.762 Thread 0x00007f8df0001000 Uncommon trap: reason=class_check action=maybe_recompile pc=0x00007f8e8d4cb78c method=java.util.Collections$UnmodifiableMap.isEmpty()Z @ 4
Event: 9.879 Thread 0x00007f8df0001000 Uncommon trap: reason=unstable_if action=reinterpret pc=0x00007f8e8d692590 method=java.util.concurrent.ConcurrentHashMap.get(Ljava/lang/Object;)Ljava/lang/Object; @ 99
Event: 9.900 Thread 0x00007f8e9c86f000 Uncommon trap: reason=unstable_if action=reinterpret pc=0x00007f8e8d43c834 method=java.util.HashMap$HashIterator.<init>(Ljava/util/HashMap;)V @ 45
Event: 76.891 Thread 0x00007f8e9c8a5800 Uncommon trap: reason=unstable_if action=reinterpret pc=0x00007f8e8d43682c method=java.util.LinkedHashMap.get(Ljava/lang/Object;)Ljava/lang/Object; @ 20
Event: 76.892 Thread 0x00007f8e9c8a5800 Uncommon trap: reason=predicate action=maybe_recompile pc=0x00007f8e8d6af400 method=java.util.regex.Pattern$Slice.match(Ljava/util/regex/Matcher;ILjava/lang/CharSequence;)Z @ 21

Classes redefined (0 events):
No events

Internal exceptions (10 events):
Event: 0.986 Thread 0x00007f8e9c00a800 Exception <a 'java/lang/ArrayIndexOutOfBoundsException': 65> (0x00000000d7660070) thrown at [/build/java8-openjdk/src/jdk8u-jdk8u222-b05/hotspot/src/share/vm/interpreter/interpreterRuntime.cpp, line 368]
Event: 0.987 Thread 0x00007f8e9c00a800 Exception <a 'java/lang/ArrayIndexOutOfBoundsException': 78> (0x00000000d7664fb8) thrown at [/build/java8-openjdk/src/jdk8u-jdk8u222-b05/hotspot/src/share/vm/interpreter/interpreterRuntime.cpp, line 368]
Event: 0.987 Thread 0x00007f8e9c00a800 Exception <a 'java/lang/ArrayIndexOutOfBoundsException': 40> (0x00000000d7665c38) thrown at [/build/java8-openjdk/src/jdk8u-jdk8u222-b05/hotspot/src/share/vm/interpreter/interpreterRuntime.cpp, line 368]
Event: 0.987 Thread 0x00007f8e9c00a800 Exception <a 'java/lang/ArrayIndexOutOfBoundsException': 139> (0x00000000d7667768) thrown at [/build/java8-openjdk/src/jdk8u-jdk8u222-b05/hotspot/src/share/vm/interpreter/interpreterRuntime.cpp, line 368]
Event: 0.987 Thread 0x00007f8e9c00a800 Exception <a 'java/lang/ArrayIndexOutOfBoundsException': 139> (0x00000000d7669498) thrown at [/build/java8-openjdk/src/jdk8u-jdk8u222-b05/hotspot/src/share/vm/interpreter/interpreterRuntime.cpp, line 368]
Event: 0.987 Thread 0x00007f8e9c00a800 Exception <a 'java/lang/ArrayIndexOutOfBoundsException': 92> (0x00000000d766ab90) thrown at [/build/java8-openjdk/src/jdk8u-jdk8u222-b05/hotspot/src/share/vm/interpreter/interpreterRuntime.cpp, line 368]
Event: 0.988 Thread 0x00007f8e9c00a800 Exception <a 'java/lang/ArrayIndexOutOfBoundsException': 96> (0x00000000d766d240) thrown at [/build/java8-openjdk/src/jdk8u-jdk8u222-b05/hotspot/src/share/vm/interpreter/interpreterRuntime.cpp, line 368]
Event: 1.200 Thread 0x00007f8e9c00a800 Implicit null exception at 0x00007f8e8d288cb5 to 0x00007f8e8d289065
Event: 1.202 Thread 0x00007f8e9c00a800 Implicit null exception at 0x00007f8e8d1e74b6 to 0x00007f8e8d1e7869
Event: 1.397 Thread 0x00007f8e9c00a800 Exception <a 'java/lang/NoSuchMethodError': org.slf4j.impl.StaticMDCBinder.getSingleton()Lorg/slf4j/impl/StaticMDCBinder;> (0x00000000d8d865e0) thrown at [/build/java8-openjdk/src/jdk8u-jdk8u222-b05/hotspot/src/share/vm/interpreter/linkResolver.cpp, line 

Events (10 events):
Event: 242.108 Thread 0x00007f8da8001000 Thread exited: 0x00007f8da8001000
Event: 256.696 loading class sun/misc/Signal$1
Event: 256.696 loading class sun/misc/Signal$1 done
Event: 256.697 Thread 0x00007f8e4c001000 Thread added: 0x00007f8e4c001000
Event: 256.698 Thread 0x00007f8e18004000 Thread added: 0x00007f8e18004000
Event: 256.698 Thread 0x00007f8e18005000 Thread added: 0x00007f8e18005000
Event: 256.699 loading class java/nio/channels/AsynchronousCloseException
Event: 256.699 loading class org/eclipse/jetty/util/FutureCallback
Event: 256.699 loading class org/eclipse/jetty/util/FutureCallback done
Event: 256.699 loading class java/nio/channels/AsynchronousCloseException done


Dynamic libraries:
84e00000-88780000 rw-p 00000000 00:00 0 
88780000-d6f80000 ---p 00000000 00:00 0 
d6f80000-db780000 rw-p 00000000 00:00 0 
db780000-100000000 ---p 00000000 00:00 0 
100000000-100380000 rw-p 00000000 00:00 0 
100380000-140000000 ---p 00000000 00:00 0 
55619f591000-55619f592000 r--p 00000000 fe:00 13375817                   /usr/lib/jvm/java-8-openjdk/jre/bin/java
55619f592000-55619f593000 r-xp 00001000 fe:00 13375817                   /usr/lib/jvm/java-8-openjdk/jre/bin/java
55619f593000-55619f594000 r--p 00002000 fe:00 13375817                   /usr/lib/jvm/java-8-openjdk/jre/bin/java
55619f594000-55619f595000 r--p 00002000 fe:00 13375817                   /usr/lib/jvm/java-8-openjdk/jre/bin/java
55619f595000-55619f596000 rw-p 00003000 fe:00 13375817                   /usr/lib/jvm/java-8-openjdk/jre/bin/java
5561a139d000-5561a13be000 rw-p 00000000 00:00 0                          [heap]
7f8da8000000-7f8da8021000 rw-p 00000000 00:00 0 
7f8da8021000-7f8dac000000 ---p 00000000 00:00 0 
7f8db0000000-7f8db0021000 rw-p 00000000 00:00 0 
7f8db0021000-7f8db4000000 ---p 00000000 00:00 0 
7f8db4000000-7f8db4021000 rw-p 00000000 00:00 0 
7f8db4021000-7f8db8000000 ---p 00000000 00:00 0 
7f8db8000000-7f8db8021000 rw-p 00000000 00:00 0 
7f8db8021000-7f8dbc000000 ---p 00000000 00:00 0 
7f8dbc000000-7f8dbc021000 rw-p 00000000 00:00 0 
7f8dbc021000-7f8dc0000000 ---p 00000000 00:00 0 
7f8dc0000000-7f8dc0021000 rw-p 00000000 00:00 0 
7f8dc0021000-7f8dc4000000 ---p 00000000 00:00 0 
7f8dc4000000-7f8dc4021000 rw-p 00000000 00:00 0 
7f8dc4021000-7f8dc8000000 ---p 00000000 00:00 0 
7f8dc8000000-7f8dc8021000 rw-p 00000000 00:00 0 
7f8dc8021000-7f8dcc000000 ---p 00000000 00:00 0 
7f8dcc000000-7f8dcc021000 rw-p 00000000 00:00 0 
7f8dcc021000-7f8dd0000000 ---p 00000000 00:00 0 
7f8dd0000000-7f8dd0021000 rw-p 00000000 00:00 0 
7f8dd0021000-7f8dd4000000 ---p 00000000 00:00 0 
7f8dd4000000-7f8dd4021000 rw-p 00000000 00:00 0 
7f8dd4021000-7f8dd8000000 ---p 00000000 00:00 0 
7f8dd8000000-7f8dd8021000 rw-p 00000000 00:00 0 
7f8dd8021000-7f8ddc000000 ---p 00000000 00:00 0 
7f8ddc000000-7f8ddc021000 rw-p 00000000 00:00 0 
7f8ddc021000-7f8de0000000 ---p 00000000 00:00 0 
7f8de0000000-7f8de0021000 rw-p 00000000 00:00 0 
7f8de0021000-7f8de4000000 ---p 00000000 00:00 0 
7f8de4000000-7f8de4021000 rw-p 00000000 00:00 0 
7f8de4021000-7f8de8000000 ---p 00000000 00:00 0 
7f8de8000000-7f8de8085000 rw-p 00000000 00:00 0 
7f8de8085000-7f8dec000000 ---p 00000000 00:00 0 
7f8dec000000-7f8dec021000 rw-p 00000000 00:00 0 
7f8dec021000-7f8df0000000 ---p 00000000 00:00 0 
7f8df0000000-7f8df0021000 rw-p 00000000 00:00 0 
7f8df0021000-7f8df4000000 ---p 00000000 00:00 0 
7f8df4000000-7f8df4021000 rw-p 00000000 00:00 0 
7f8df4021000-7f8df8000000 ---p 00000000 00:00 0 
7f8df8000000-7f8df8021000 rw-p 00000000 00:00 0 
7f8df8021000-7f8dfc000000 ---p 00000000 00:00 0 
7f8dfc000000-7f8dfc021000 rw-p 00000000 00:00 0 
7f8dfc021000-7f8e00000000 ---p 00000000 00:00 0 
7f8e00000000-7f8e00021000 rw-p 00000000 00:00 0 
7f8e00021000-7f8e04000000 ---p 00000000 00:00 0 
7f8e04000000-7f8e04021000 rw-p 00000000 00:00 0 
7f8e04021000-7f8e08000000 ---p 00000000 00:00 0 
7f8e08000000-7f8e08021000 rw-p 00000000 00:00 0 
7f8e08021000-7f8e0c000000 ---p 00000000 00:00 0 
7f8e0c000000-7f8e0c021000 rw-p 00000000 00:00 0 
7f8e0c021000-7f8e10000000 ---p 00000000 00:00 0 
7f8e10000000-7f8e10021000 rw-p 00000000 00:00 0 
7f8e10021000-7f8e14000000 ---p 00000000 00:00 0 
7f8e14000000-7f8e14021000 rw-p 00000000 00:00 0 
7f8e14021000-7f8e18000000 ---p 00000000 00:00 0 
7f8e18000000-7f8e18046000 rw-p 00000000 00:00 0 
7f8e18046000-7f8e1c000000 ---p 00000000 00:00 0 
7f8e1c000000-7f8e1c021000 rw-p 00000000 00:00 0 
7f8e1c021000-7f8e20000000 ---p 00000000 00:00 0 
7f8e20000000-7f8e20093000 rw-p 00000000 00:00 0 
7f8e20093000-7f8e24000000 ---p 00000000 00:00 0 
7f8e24000000-7f8e24022000 rw-p 00000000 00:00 0 
7f8e24022000-7f8e28000000 ---p 00000000 00:00 0 
7f8e28000000-7f8e28021000 rw-p 00000000 00:00 0 
7f8e28021000-7f8e2c000000 ---p 00000000 00:00 0 
7f8e2c000000-7f8e2c021000 rw-p 00000000 00:00 0 
7f8e2c021000-7f8e30000000 ---p 00000000 00:00 0 
7f8e30000000-7f8e30021000 rw-p 00000000 00:00 0 
7f8e30021000-7f8e34000000 ---p 00000000 00:00 0 
7f8e34000000-7f8e34021000 rw-p 00000000 00:00 0 
7f8e34021000-7f8e38000000 ---p 00000000 00:00 0 
7f8e38000000-7f8e389dc000 rw-p 00000000 00:00 0 
7f8e389dc000-7f8e3c000000 ---p 00000000 00:00 0 
7f8e3c000000-7f8e3c53c000 rw-p 00000000 00:00 0 
7f8e3c53c000-7f8e40000000 ---p 00000000 00:00 0 
7f8e40000000-7f8e41681000 rw-p 00000000 00:00 0 
7f8e41681000-7f8e44000000 ---p 00000000 00:00 0 
7f8e44000000-7f8e447b7000 rw-p 00000000 00:00 0 
7f8e447b7000-7f8e48000000 ---p 00000000 00:00 0 
7f8e48000000-7f8e48021000 rw-p 00000000 00:00 0 
7f8e48021000-7f8e4c000000 ---p 00000000 00:00 0 
7f8e4c000000-7f8e4c021000 rw-p 00000000 00:00 0 
7f8e4c021000-7f8e50000000 ---p 00000000 00:00 0 
7f8e50000000-7f8e5007a000 rw-p 00000000 00:00 0 
7f8e5007a000-7f8e54000000 ---p 00000000 00:00 0 
7f8e54000000-7f8e54021000 rw-p 00000000 00:00 0 
7f8e54021000-7f8e58000000 ---p 00000000 00:00 0 
7f8e58000000-7f8e58021000 rw-p 00000000 00:00 0 
7f8e58021000-7f8e5c000000 ---p 00000000 00:00 0 
7f8e5c000000-7f8e5c021000 rw-p 00000000 00:00 0 
7f8e5c021000-7f8e60000000 ---p 00000000 00:00 0 
7f8e60000000-7f8e60021000 rw-p 00000000 00:00 0 
7f8e60021000-7f8e64000000 ---p 00000000 00:00 0 
7f8e68000000-7f8e68021000 rw-p 00000000 00:00 0 
7f8e68021000-7f8e6c000000 ---p 00000000 00:00 0 
7f8e70000000-7f8e70021000 rw-p 00000000 00:00 0 
7f8e70021000-7f8e74000000 ---p 00000000 00:00 0 
7f8e74bfd000-7f8e74c00000 ---p 00000000 00:00 0 
7f8e74c00000-7f8e74cfe000 rw-p 00000000 00:00 0 
7f8e74cfe000-7f8e74d01000 ---p 00000000 00:00 0 
7f8e74d01000-7f8e74f7f000 rw-p 00000000 00:00 0 
7f8e74f7f000-7f8e74fff000 ---p 00000000 00:00 0 
7f8e74fff000-7f8e78000000 rw-p 00000000 00:00 0 
7f8e78000000-7f8e78021000 rw-p 00000000 00:00 0 
7f8e78021000-7f8e7c000000 ---p 00000000 00:00 0 
7f8e7c0a4000-7f8e7c0a7000 ---p 00000000 00:00 0 
7f8e7c0a7000-7f8e7c1a5000 rw-p 00000000 00:00 0 
7f8e7c1a5000-7f8e7c1a8000 ---p 00000000 00:00 0 
7f8e7c1a8000-7f8e7c2a6000 rw-p 00000000 00:00 0 
7f8e7c2a6000-7f8e7c2a9000 ---p 00000000 00:00 0 
7f8e7c2a9000-7f8e7c3a7000 rw-p 00000000 00:00 0 
7f8e7c3a7000-7f8e7c3aa000 ---p 00000000 00:00 0 
7f8e7c3aa000-7f8e7c4a8000 rw-p 00000000 00:00 0 
7f8e7c4a8000-7f8e7c4ab000 ---p 00000000 00:00 0 
7f8e7c4ab000-7f8e7c5a9000 rw-p 00000000 00:00 0 
7f8e7c5a9000-7f8e7c5ac000 ---p 00000000 00:00 0 
7f8e7c5ac000-7f8e7c6aa000 rw-p 00000000 00:00 0 
7f8e7c6aa000-7f8e7c6ad000 ---p 00000000 00:00 0 
7f8e7c6ad000-7f8e7c7ab000 rw-p 00000000 00:00 0 
7f8e7c7ab000-7f8e7c7ae000 ---p 00000000 00:00 0 
7f8e7c7ae000-7f8e7c8ac000 rw-p 00000000 00:00 0 
7f8e7c8ac000-7f8e7c8af000 ---p 00000000 00:00 0 
7f8e7c8af000-7f8e7c9ad000 rw-p 00000000 00:00 0 
7f8e7c9ad000-7f8e7c9b0000 ---p 00000000 00:00 0 
7f8e7c9b0000-7f8e7caae000 rw-p 00000000 00:00 0 
7f8e7caae000-7f8e7cab1000 ---p 00000000 00:00 0 
7f8e7cab1000-7f8e7cbaf000 rw-p 00000000 00:00 0 
7f8e7cbaf000-7f8e7cbb2000 ---p 00000000 00:00 0 
7f8e7cbb2000-7f8e7ccb0000 rw-p 00000000 00:00 0 
7f8e7ccb0000-7f8e7ccb3000 ---p 00000000 00:00 0 
7f8e7ccb3000-7f8e7cdb1000 rw-p 00000000 00:00 0 
7f8e7cdb1000-7f8e7cdb4000 ---p 00000000 00:00 0 
7f8e7cdb4000-7f8e7ceb2000 rw-p 00000000 00:00 0 
7f8e7ceb2000-7f8e7ceb5000 ---p 00000000 00:00 0 
7f8e7ceb5000-7f8e7cfb3000 rw-p 00000000 00:00 0 
7f8e7cfb3000-7f8e7cfb6000 ---p 00000000 00:00 0 
7f8e7cfb6000-7f8e7d0b4000 rw-p 00000000 00:00 0 
7f8e7d0b4000-7f8e7d0b7000 ---p 00000000 00:00 0 
7f8e7d0b7000-7f8e7d1b5000 rw-p 00000000 00:00 0 
7f8e7d1b5000-7f8e7d1b8000 ---p 00000000 00:00 0 
7f8e7d1b8000-7f8e7d2b6000 rw-p 00000000 00:00 0 
7f8e7d2e8000-7f8e7d2eb000 ---p 00000000 00:00 0 
7f8e7d2eb000-7f8e7d3e9000 rw-p 00000000 00:00 0 
7f8e7d3e9000-7f8e7d3ec000 ---p 00000000 00:00 0 
7f8e7d3ec000-7f8e7d6ea000 rw-p 00000000 00:00 0 
7f8e7d6ea000-7f8e7d6ed000 ---p 00000000 00:00 0 
7f8e7d6ed000-7f8e7d9eb000 rw-p 00000000 00:00 0 
7f8e7d9eb000-7f8e7d9ee000 ---p 00000000 00:00 0 
7f8e7d9ee000-7f8e7daec000 rw-p 00000000 00:00 0 
7f8e7daec000-7f8e7daef000 ---p 00000000 00:00 0 
7f8e7daef000-7f8e7dbed000 rw-p 00000000 00:00 0 
7f8e7dbed000-7f8e7dbf0000 ---p 00000000 00:00 0 
7f8e7dbf0000-7f8e7dcee000 rw-p 00000000 00:00 0 
7f8e7dcee000-7f8e7dcf1000 ---p 00000000 00:00 0 
7f8e7dcf1000-7f8e7ddef000 rw-p 00000000 00:00 0 
7f8e7ddef000-7f8e7ddf2000 ---p 00000000 00:00 0 
7f8e7ddf2000-7f8e7def0000 rw-p 00000000 00:00 0 
7f8e7def0000-7f8e7def3000 ---p 00000000 00:00 0 
7f8e7def3000-7f8e7dff1000 rw-p 00000000 00:00 0 
7f8e7dff1000-7f8e7dff4000 ---p 00000000 00:00 0 
7f8e7dff4000-7f8e7e0f2000 rw-p 00000000 00:00 0 
7f8e7e0f2000-7f8e7e0f5000 ---p 00000000 00:00 0 
7f8e7e0f5000-7f8e7e1f3000 rw-p 00000000 00:00 0 
7f8e7e1f3000-7f8e7e1f6000 ---p 00000000 00:00 0 
7f8e7e1f6000-7f8e7e4f4000 rw-p 00000000 00:00 0 
7f8e7e4f4000-7f8e7e4f7000 ---p 00000000 00:00 0 
7f8e7e4f7000-7f8e7e7f5000 rw-p 00000000 00:00 0 
7f8e7e7f5000-7f8e7e9f5000 rw-p 00000000 00:00 0 
7f8e7e9f5000-7f8e7ebf5000 rw-p 00000000 00:00 0 
7f8e7ebf5000-7f8e7edf5000 rw-p 00000000 00:00 0 
7f8e7edf5000-7f8e7ef0b000 r--s 00d01000 fe:00 2621717                    /home/markg/Documents/Fourth year/Distributed Systems/subPart2/target/original-DropWizardExample-1.0-SNAPSHOT.jar
7f8e7ef0b000-7f8e7ef0c000 ---p 00000000 00:00 0 
7f8e7ef0c000-7f8e7f00c000 rw-p 00000000 00:00 0 
7f8e7f00c000-7f8e7f00f000 ---p 00000000 00:00 0 
7f8e7f00f000-7f8e7f10d000 rw-p 00000000 00:00 0 
7f8e7f10d000-7f8e7f10e000 ---p 00000000 00:00 0 
7f8e7f10e000-7f8e7f111000 ---p 00000000 00:00 0 
7f8e7f111000-7f8e7f20e000 rw-p 00000000 00:00 0 
7f8e7f20e000-7f8e7f20f000 ---p 00000000 00:00 0 
7f8e7f20f000-7f8e7f212000 ---p 00000000 00:00 0 
7f8e7f212000-7f8e7f30f000 rw-p 00000000 00:00 0 
7f8e7f30f000-7f8e7f310000 ---p 00000000 00:00 0 
7f8e7f310000-7f8e7f313000 ---p 00000000 00:00 0 
7f8e7f313000-7f8e7f410000 rw-p 00000000 00:00 0 
7f8e7f410000-7f8e7f411000 ---p 00000000 00:00 0 
7f8e7f411000-7f8e7f414000 ---p 00000000 00:00 0 
7f8e7f414000-7f8e7f511000 rw-p 00000000 00:00 0 
7f8e7f511000-7f8e7f514000 ---p 00000000 00:00 0 
7f8e7f514000-7f8e7f612000 rw-p 00000000 00:00 0 
7f8e7f612000-7f8e7f8f9000 r--p 00000000 fe:00 12469736                   /usr/lib/locale/locale-archive
7f8e7f8f9000-7f8e7f8fc000 ---p 00000000 00:00 0 
7f8e7f8fc000-7f8e7f9fa000 rw-p 00000000 00:00 0 
7f8e7f9fa000-7f8e7f9fd000 ---p 00000000 00:00 0 
7f8e7f9fd000-7f8e7fafb000 rw-p 00000000 00:00 0 
7f8e7fafb000-7f8e7fafc000 ---p 00000000 00:00 0 
7f8e7fafc000-7f8e80000000 rw-p 00000000 00:00 0 
7f8e80000000-7f8e80021000 rw-p 00000000 00:00 0 
7f8e80021000-7f8e84000000 ---p 00000000 00:00 0 
7f8e8406e000-7f8e88000000 rw-p 00000000 00:00 0 
7f8e88000000-7f8e88021000 rw-p 00000000 00:00 0 
7f8e88021000-7f8e8c000000 ---p 00000000 00:00 0 
7f8e8c0f1000-7f8e8d000000 rw-p 00000000 00:00 0 
7f8e8d000000-7f8e8d6c0000 rwxp 00000000 00:00 0 
7f8e8d6c0000-7f8e9c000000 ---p 00000000 00:00 0 
7f8e9c000000-7f8e9cc86000 rw-p 00000000 00:00 0 
7f8e9cc86000-7f8ea0000000 ---p 00000000 00:00 0 
7f8ea0003000-7f8ea000a000 r--p 00000000 fe:00 13375866                   /usr/lib/jvm/java-8-openjdk/jre/lib/amd64/libnio.so
7f8ea000a000-7f8ea0012000 r-xp 00007000 fe:00 13375866                   /usr/lib/jvm/java-8-openjdk/jre/lib/amd64/libnio.so
7f8ea0012000-7f8ea0015000 r--p 0000f000 fe:00 13375866                   /usr/lib/jvm/java-8-openjdk/jre/lib/amd64/libnio.so
7f8ea0015000-7f8ea0016000 ---p 00012000 fe:00 13375866                   /usr/lib/jvm/java-8-openjdk/jre/lib/amd64/libnio.so
7f8ea0016000-7f8ea0017000 r--p 00012000 fe:00 13375866                   /usr/lib/jvm/java-8-openjdk/jre/lib/amd64/libnio.so
7f8ea0017000-7f8ea0018000 rw-p 00013000 fe:00 13375866                   /usr/lib/jvm/java-8-openjdk/jre/lib/amd64/libnio.so
7f8ea0018000-7f8ea001d000 r--p 00000000 fe:00 13375865                   /usr/lib/jvm/java-8-openjdk/jre/lib/amd64/libnet.so
7f8ea001d000-7f8ea002c000 r-xp 00005000 fe:00 13375865                   /usr/lib/jvm/java-8-openjdk/jre/lib/amd64/libnet.so
7f8ea002c000-7f8ea0030000 r--p 00014000 fe:00 13375865                   /usr/lib/jvm/java-8-openjdk/jre/lib/amd64/libnet.so
7f8ea0030000-7f8ea0031000 r--p 00017000 fe:00 13375865                   /usr/lib/jvm/java-8-openjdk/jre/lib/amd64/libnet.so
7f8ea0031000-7f8ea0032000 rw-p 00018000 fe:00 13375865                   /usr/lib/jvm/java-8-openjdk/jre/lib/amd64/libnet.so
7f8ea0032000-7f8ea0036000 r--p 00000000 fe:00 13375863                   /usr/lib/jvm/java-8-openjdk/jre/lib/amd64/libmanagement.so
7f8ea0036000-7f8ea0039000 r-xp 00004000 fe:00 13375863                   /usr/lib/jvm/java-8-openjdk/jre/lib/amd64/libmanagement.so
7f8ea0039000-7f8ea003b000 r--p 00007000 fe:00 13375863                   /usr/lib/jvm/java-8-openjdk/jre/lib/amd64/libmanagement.so
7f8ea003b000-7f8ea003c000 r--p 00008000 fe:00 13375863                   /usr/lib/jvm/java-8-openjdk/jre/lib/amd64/libmanagement.so
7f8ea003c000-7f8ea003d000 rw-p 00009000 fe:00 13375863                   /usr/lib/jvm/java-8-openjdk/jre/lib/amd64/libmanagement.so
7f8ea003d000-7f8ea0691000 rw-p 00000000 00:00 0 
7f8ea0691000-7f8ea0860000 r--s 03c3d000 fe:00 13375839                   /usr/lib/jvm/java-8-openjdk/jre/lib/rt.jar
7f8ea0860000-7f8ea1531000 rw-p 00000000 00:00 0 
7f8ea1531000-7f8ea1532000 ---p 00000000 00:00 0 
7f8ea1532000-7f8ea1632000 rw-p 00000000 00:00 0 
7f8ea1632000-7f8ea1633000 ---p 00000000 00:00 0 
7f8ea1633000-7f8ea1733000 rw-p 00000000 00:00 0 
7f8ea1733000-7f8ea1734000 ---p 00000000 00:00 0 
7f8ea1734000-7f8ea1834000 rw-p 00000000 00:00 0 
7f8ea1834000-7f8ea1835000 ---p 00000000 00:00 0 
7f8ea1835000-7f8ea1935000 rw-p 00000000 00:00 0 
7f8ea1935000-7f8ea1936000 ---p 00000000 00:00 0 
7f8ea1936000-7f8ea1a36000 rw-p 00000000 00:00 0 
7f8ea1a36000-7f8ea1a37000 ---p 00000000 00:00 0 
7f8ea1a37000-7f8ea1b37000 rw-p 00000000 00:00 0 
7f8ea1b37000-7f8ea1b38000 ---p 00000000 00:00 0 
7f8ea1b38000-7f8ea1c38000 rw-p 00000000 00:00 0 
7f8ea1c38000-7f8ea1c39000 ---p 00000000 00:00 0 
7f8ea1c39000-7f8ea1d56000 rw-p 00000000 00:00 0 
7f8ea1d56000-7f8ea1fca000 ---p 00000000 00:00 0 
7f8ea1fca000-7f8ea1fe7000 rw-p 00000000 00:00 0 
7f8ea1fe7000-7f8ea225a000 ---p 00000000 00:00 0 
7f8ea225a000-7f8ea227f000 rw-p 00000000 00:00 0 
7f8ea227f000-7f8ea23a3000 ---p 00000000 00:00 0 
7f8ea23a3000-7f8ea23bf000 rw-p 00000000 00:00 0 
7f8ea23bf000-7f8ea2764000 ---p 00000000 00:00 0 
7f8ea2764000-7f8ea2767000 r--p 00000000 fe:00 13375874                   /usr/lib/jvm/java-8-openjdk/jre/lib/amd64/libzip.so
7f8ea2767000-7f8ea276b000 r-xp 00003000 fe:00 13375874                   /usr/lib/jvm/java-8-openjdk/jre/lib/amd64/libzip.so
7f8ea276b000-7f8ea276d000 r--p 00007000 fe:00 13375874                   /usr/lib/jvm/java-8-openjdk/jre/lib/amd64/libzip.so
7f8ea276d000-7f8ea276e000 r--p 00008000 fe:00 13375874                   /usr/lib/jvm/java-8-openjdk/jre/lib/amd64/libzip.so
7f8ea276e000-7f8ea276f000 rw-p 00009000 fe:00 13375874                   /usr/lib/jvm/java-8-openjdk/jre/lib/amd64/libzip.so
7f8ea276f000-7f8ea277c000 r--p 00000000 fe:00 13375853                   /usr/lib/jvm/java-8-openjdk/jre/lib/amd64/libjava.so
7f8ea277c000-7f8ea2792000 r-xp 0000d000 fe:00 13375853                   /usr/lib/jvm/java-8-openjdk/jre/lib/amd64/libjava.so
7f8ea2792000-7f8ea2799000 r--p 00023000 fe:00 13375853                   /usr/lib/jvm/java-8-openjdk/jre/lib/amd64/libjava.so
7f8ea2799000-7f8ea279a000 r--p 00029000 fe:00 13375853                   /usr/lib/jvm/java-8-openjdk/jre/lib/amd64/libjava.so
7f8ea279a000-7f8ea279b000 rw-p 0002a000 fe:00 13375853                   /usr/lib/jvm/java-8-openjdk/jre/lib/amd64/libjava.so
7f8ea279b000-7f8ea279c000 rw-p 00000000 00:00 0 
7f8ea279c000-7f8ea279f000 r--p 00000000 fe:00 12469723                   /usr/lib/librt-2.30.so
7f8ea279f000-7f8ea27a3000 r-xp 00003000 fe:00 12469723                   /usr/lib/librt-2.30.so
7f8ea27a3000-7f8ea27a5000 r--p 00007000 fe:00 12469723                   /usr/lib/librt-2.30.so
7f8ea27a5000-7f8ea27a6000 r--p 00008000 fe:00 12469723                   /usr/lib/librt-2.30.so
7f8ea27a6000-7f8ea27a7000 rw-p 00009000 fe:00 12469723                   /usr/lib/librt-2.30.so
7f8ea27a7000-7f8ea27a8000 ---p 00000000 00:00 0 
7f8ea27a8000-7f8ea27ab000 ---p 00000000 00:00 0 
7f8ea27ab000-7f8ea28a8000 rw-p 00000000 00:00 0 
7f8ea28a8000-7f8ea28b7000 r--p 00000000 fe:00 12460585                   /usr/lib/libm-2.30.so
7f8ea28b7000-7f8ea2953000 r-xp 0000f000 fe:00 12460585                   /usr/lib/libm-2.30.so
7f8ea2953000-7f8ea29ec000 r--p 000ab000 fe:00 12460585                   /usr/lib/libm-2.30.so
7f8ea29ec000-7f8ea29ed000 r--p 00143000 fe:00 12460585                   /usr/lib/libm-2.30.so
7f8ea29ed000-7f8ea29ee000 rw-p 00144000 fe:00 12460585                   /usr/lib/libm-2.30.so
7f8ea29ee000-7f8ea2bdf000 r--p 00000000 fe:00 13375877                   /usr/lib/jvm/java-8-openjdk/jre/lib/amd64/server/libjvm.so
7f8ea2bdf000-7f8ea3427000 r-xp 001f1000 fe:00 13375877                   /usr/lib/jvm/java-8-openjdk/jre/lib/amd64/server/libjvm.so
7f8ea3427000-7f8ea35c9000 r--p 00a39000 fe:00 13375877                   /usr/lib/jvm/java-8-openjdk/jre/lib/amd64/server/libjvm.so
7f8ea35c9000-7f8ea365e000 r--p 00bda000 fe:00 13375877                   /usr/lib/jvm/java-8-openjdk/jre/lib/amd64/server/libjvm.so
7f8ea365e000-7f8ea3686000 rw-p 00c6f000 fe:00 13375877                   /usr/lib/jvm/java-8-openjdk/jre/lib/amd64/server/libjvm.so
7f8ea3686000-7f8ea36b8000 rw-p 00000000 00:00 0 
7f8ea36b8000-7f8ea36bf000 r--p 00000000 fe:00 12460614                   /usr/lib/libpthread-2.30.so
7f8ea36bf000-7f8ea36cf000 r-xp 00007000 fe:00 12460614                   /usr/lib/libpthread-2.30.so
7f8ea36cf000-7f8ea36d4000 r--p 00017000 fe:00 12460614                   /usr/lib/libpthread-2.30.so
7f8ea36d4000-7f8ea36d5000 r--p 0001b000 fe:00 12460614                   /usr/lib/libpthread-2.30.so
7f8ea36d5000-7f8ea36d6000 rw-p 0001c000 fe:00 12460614                   /usr/lib/libpthread-2.30.so
7f8ea36d6000-7f8ea36da000 rw-p 00000000 00:00 0 
7f8ea36da000-7f8ea36db000 r--p 00000000 fe:00 12460579                   /usr/lib/libdl-2.30.so
7f8ea36db000-7f8ea36dc000 r-xp 00001000 fe:00 12460579                   /usr/lib/libdl-2.30.so
7f8ea36dc000-7f8ea36dd000 r--p 00002000 fe:00 12460579                   /usr/lib/libdl-2.30.so
7f8ea36dd000-7f8ea36de000 r--p 00002000 fe:00 12460579                   /usr/lib/libdl-2.30.so
7f8ea36de000-7f8ea36df000 rw-p 00003000 fe:00 12460579                   /usr/lib/libdl-2.30.so
7f8ea36df000-7f8ea36f5000 r-xp 00000000 fe:00 12458046                   /usr/lib/libz.so.1.2.11
7f8ea36f5000-7f8ea38f4000 ---p 00016000 fe:00 12458046                   /usr/lib/libz.so.1.2.11
7f8ea38f4000-7f8ea38f5000 r--p 00015000 fe:00 12458046                   /usr/lib/libz.so.1.2.11
7f8ea38f5000-7f8ea38f6000 rw-p 00016000 fe:00 12458046                   /usr/lib/libz.so.1.2.11
7f8ea38f6000-7f8ea391b000 r--p 00000000 fe:00 12460570                   /usr/lib/libc-2.30.so
7f8ea391b000-7f8ea3a68000 r-xp 00025000 fe:00 12460570                   /usr/lib/libc-2.30.so
7f8ea3a68000-7f8ea3ab2000 r--p 00172000 fe:00 12460570                   /usr/lib/libc-2.30.so
7f8ea3ab2000-7f8ea3ab3000 ---p 001bc000 fe:00 12460570                   /usr/lib/libc-2.30.so
7f8ea3ab3000-7f8ea3ab6000 r--p 001bc000 fe:00 12460570                   /usr/lib/libc-2.30.so
7f8ea3ab6000-7f8ea3ab9000 rw-p 001bf000 fe:00 12460570                   /usr/lib/libc-2.30.so
7f8ea3ab9000-7f8ea3abd000 rw-p 00000000 00:00 0 
7f8ea3ac5000-7f8ea3acd000 rw-s 00000000 00:2e 43                         /tmp/hsperfdata_markg/13482
7f8ea3acd000-7f8ea3ad0000 r--p 00000000 fe:00 12460607                   /usr/lib/libnss_files-2.30.so
7f8ea3ad0000-7f8ea3ad7000 r-xp 00003000 fe:00 12460607                   /usr/lib/libnss_files-2.30.so
7f8ea3ad7000-7f8ea3ad9000 r--p 0000a000 fe:00 12460607                   /usr/lib/libnss_files-2.30.so
7f8ea3ad9000-7f8ea3ada000 r--p 0000b000 fe:00 12460607                   /usr/lib/libnss_files-2.30.so
7f8ea3ada000-7f8ea3adb000 rw-p 0000c000 fe:00 12460607                   /usr/lib/libnss_files-2.30.so
7f8ea3adb000-7f8ea3ae2000 rw-p 00000000 00:00 0 
7f8ea3ae2000-7f8ea3ae7000 r--p 00000000 fe:00 13375873                   /usr/lib/jvm/java-8-openjdk/jre/lib/amd64/libverify.so
7f8ea3ae7000-7f8ea3aee000 r-xp 00005000 fe:00 13375873                   /usr/lib/jvm/java-8-openjdk/jre/lib/amd64/libverify.so
7f8ea3aee000-7f8ea3af0000 r--p 0000c000 fe:00 13375873                   /usr/lib/jvm/java-8-openjdk/jre/lib/amd64/libverify.so
7f8ea3af0000-7f8ea3af2000 r--p 0000d000 fe:00 13375873                   /usr/lib/jvm/java-8-openjdk/jre/lib/amd64/libverify.so
7f8ea3af2000-7f8ea3af3000 rw-p 0000f000 fe:00 13375873                   /usr/lib/jvm/java-8-openjdk/jre/lib/amd64/libverify.so
7f8ea3af3000-7f8ea3af6000 r--p 00000000 fe:00 13375875                   /usr/lib/jvm/java-8-openjdk/jre/lib/amd64/jli/libjli.so
7f8ea3af6000-7f8ea3aff000 r-xp 00003000 fe:00 13375875                   /usr/lib/jvm/java-8-openjdk/jre/lib/amd64/jli/libjli.so
7f8ea3aff000-7f8ea3b02000 r--p 0000c000 fe:00 13375875                   /usr/lib/jvm/java-8-openjdk/jre/lib/amd64/jli/libjli.so
7f8ea3b02000-7f8ea3b03000 r--p 0000e000 fe:00 13375875                   /usr/lib/jvm/java-8-openjdk/jre/lib/amd64/jli/libjli.so
7f8ea3b03000-7f8ea3b04000 rw-p 0000f000 fe:00 13375875                   /usr/lib/jvm/java-8-openjdk/jre/lib/amd64/jli/libjli.so
7f8ea3b04000-7f8ea3b06000 rw-p 00000000 00:00 0 
7f8ea3b06000-7f8ea3b08000 r--p 00000000 fe:00 12460559                   /usr/lib/ld-2.30.so
7f8ea3b08000-7f8ea3b27000 r-xp 00002000 fe:00 12460559                   /usr/lib/ld-2.30.so
7f8ea3b27000-7f8ea3b2f000 r--p 00021000 fe:00 12460559                   /usr/lib/ld-2.30.so
7f8ea3b2f000-7f8ea3b30000 r--p 00000000 00:00 0 
7f8ea3b30000-7f8ea3b31000 r--p 00029000 fe:00 12460559                   /usr/lib/ld-2.30.so
7f8ea3b31000-7f8ea3b32000 rw-p 0002a000 fe:00 12460559                   /usr/lib/ld-2.30.so
7f8ea3b32000-7f8ea3b33000 rw-p 00000000 00:00 0 
7ffc59c4e000-7ffc59c70000 rw-p 00000000 00:00 0                          [stack]
7ffc59ccd000-7ffc59cd0000 r--p 00000000 00:00 0                          [vvar]
7ffc59cd0000-7ffc59cd1000 r-xp 00000000 00:00 0                          [vdso]

VM Arguments:
java_command: target/DropWizardExample-1.0-SNAPSHOT.jar server
java_class_path (initial): target/DropWizardExample-1.0-SNAPSHOT.jar
Launcher Type: SUN_STANDARD

Environment Variables:
JAVA_HOME=/usr/lib/jvm/jdk-jetbrains
PATH=/home/markg/anaconda3/bin:/home/markg/anaconda3/condabin:/home/markg/.local/bin:/usr/local/bin:/usr/local/sbin:/usr/bin:/usr/lib/jvm/default/bin:/usr/bin/site_perl:/usr/bin/vendor_perl:/usr/bin/core_perl:/var/lib/snapd/snap/bin
USERNAME=markg
SHELL=/bin/bash
DISPLAY=:1

Signal Handlers:
SIGSEGV: [libjvm.so+0xa09100], sa_mask[0]=11111111011111111101111111111110, sa_flags=SA_RESTART|SA_SIGINFO
SIGBUS: [libjvm.so+0xa09100], sa_mask[0]=11111111011111111101111111111110, sa_flags=SA_RESTART|SA_SIGINFO
SIGFPE: [libjvm.so+0x86be80], sa_mask[0]=11111111011111111101111111111110, sa_flags=SA_RESTART|SA_SIGINFO
SIGPIPE: [libjvm.so+0x86be80], sa_mask[0]=11111111011111111101111111111110, sa_flags=SA_RESTART|SA_SIGINFO
SIGXFSZ: [libjvm.so+0x86be80], sa_mask[0]=11111111011111111101111111111110, sa_flags=SA_RESTART|SA_SIGINFO
SIGILL: [libjvm.so+0x86be80], sa_mask[0]=11111111011111111101111111111110, sa_flags=SA_RESTART|SA_SIGINFO
SIGUSR1: SIG_DFL, sa_mask[0]=00000000000000000000000000000000, sa_flags=none
SIGUSR2: [libjvm.so+0x86bd40], sa_mask[0]=00100000000000000000000000000000, sa_flags=SA_RESTART|SA_SIGINFO
SIGHUP: [libjvm.so+0x86c120], sa_mask[0]=11111111011111111101111111111110, sa_flags=SA_RESTART|SA_SIGINFO
SIGINT: [libjvm.so+0x86c120], sa_mask[0]=11111111011111111101111111111110, sa_flags=SA_RESTART|SA_SIGINFO
SIGTERM: [libjvm.so+0x86c120], sa_mask[0]=11111111011111111101111111111110, sa_flags=SA_RESTART|SA_SIGINFO
SIGQUIT: [libjvm.so+0x86c120], sa_mask[0]=11111111011111111101111111111110, sa_flags=SA_RESTART|SA_SIGINFO


---------------  S Y S T E M  ---------------

OS:DISTRIB_ID=ManjaroLinux
DISTRIB_RELEASE=18.1.1
DISTRIB_CODENAME=Juhraya
DISTRIB_DESCRIPTION="Manjaro Linux"

uname:Linux 5.2.21-1-MANJARO #1 SMP PREEMPT Sat Oct 12 11:09:56 UTC 2019 x86_64
libc:glibc 2.30 NPTL 2.30 
rlimit: STACK 8192k, CORE infinity, NPROC 31420, NOFILE 1048576, AS infinity
load average:2.05 2.02 1.36

/proc/meminfo:
MemTotal:        8064344 kB
MemFree:          734408 kB
MemAvailable:    3194480 kB
Buffers:          302328 kB
Cached:          2709820 kB
SwapCached:            0 kB
Active:          5225844 kB
Inactive:        1382012 kB
Active(anon):    3819664 kB
Inactive(anon):   199600 kB
Active(file):    1406180 kB
Inactive(file):  1182412 kB
Unevictable:      258848 kB
Mlocked:              64 kB
SwapTotal:             0 kB
SwapFree:              0 kB
Dirty:             17420 kB
Writeback:             0 kB
AnonPages:       3854648 kB
Mapped:           703428 kB
Shmem:            482832 kB
KReclaimable:     183424 kB
Slab:             281836 kB
SReclaimable:     183424 kB
SUnreclaim:        98412 kB
KernelStack:       17392 kB
PageTables:        32628 kB
NFS_Unstable:          0 kB
Bounce:                0 kB
WritebackTmp:          0 kB
CommitLimit:     4032172 kB
Committed_AS:    9881432 kB
VmallocTotal:   34359738367 kB
VmallocUsed:           0 kB
VmallocChunk:          0 kB
Percpu:             4800 kB
HardwareCorrupted:     0 kB
AnonHugePages:         0 kB
ShmemHugePages:        0 kB
ShmemPmdMapped:        0 kB
HugePages_Total:       0
HugePages_Free:        0
HugePages_Rsvd:        0
HugePages_Surp:        0
Hugepagesize:       2048 kB
Hugetlb:               0 kB
DirectMap4k:      279476 kB
DirectMap2M:     6959104 kB
DirectMap1G:     2097152 kB

container (cgroup) information:
container_type: cgroupv1
cpu_cpuset_cpus: 0-7
cpu_memory_nodes: 0
active_processor_count: 8
cpu_quota: -1
cpu_period: 100000
cpu_shares: -1
memory_limit_in_bytes: -1
memory_and_swap_limit_in_bytes: -1
memory_soft_limit_in_bytes: -1
memory_usage_in_bytes: 6541205504
memory_max_usage_in_bytes: 7246917632


CPU:total 8 (initial active 8) (4 cores per cpu, 2 threads per core) family 6 model 142 stepping 10, cmov, cx8, fxsr, mmx, sse, sse2, sse3, ssse3, sse4.1, sse4.2, popcnt, avx, avx2, aes, clmul, erms, 3dnowpref, lzcnt, ht, tsc, tscinvbit, bmi1, bmi2, adx

/proc/cpuinfo:
processor	: 0
vendor_id	: GenuineIntel
cpu family	: 6
model		: 142
model name	: Intel(R) Core(TM) i7-8550U CPU @ 1.80GHz
stepping	: 10
microcode	: 0xb4
cpu MHz		: 800.026
cache size	: 8192 KB
physical id	: 0
siblings	: 8
core id		: 0
cpu cores	: 4
apicid		: 0
initial apicid	: 0
fpu		: yes
fpu_exception	: yes
cpuid level	: 22
wp		: yes
flags		: fpu vme de pse tsc msr pae mce cx8 apic sep mtrr pge mca cmov pat pse36 clflush dts acpi mmx fxsr sse sse2 ss ht tm pbe syscall nx pdpe1gb rdtscp lm constant_tsc art arch_perfmon pebs bts rep_good nopl xtopology nonstop_tsc cpuid aperfmperf tsc_known_freq pni pclmulqdq dtes64 monitor ds_cpl vmx est tm2 ssse3 sdbg fma cx16 xtpr pdcm pcid sse4_1 sse4_2 x2apic movbe popcnt tsc_deadline_timer aes xsave avx f16c rdrand lahf_lm abm 3dnowprefetch cpuid_fault epb invpcid_single pti ssbd ibrs ibpb stibp tpr_shadow vnmi flexpriority ept vpid ept_ad fsgsbase tsc_adjust bmi1 avx2 smep bmi2 erms invpcid mpx rdseed adx smap clflushopt intel_pt xsaveopt xsavec xgetbv1 xsaves dtherm ida arat pln pts hwp hwp_notify hwp_act_window hwp_epp md_clear flush_l1d
bugs		: cpu_meltdown spectre_v1 spectre_v2 spec_store_bypass l1tf mds swapgs
bogomips	: 3985.00
clflush size	: 64
cache_alignment	: 64
address sizes	: 39 bits physical, 48 bits virtual
power management:

processor	: 1
vendor_id	: GenuineIntel
cpu family	: 6
model		: 142
model name	: Intel(R) Core(TM) i7-8550U CPU @ 1.80GHz
stepping	: 10
microcode	: 0xb4
cpu MHz		: 800.057
cache size	: 8192 KB
physical id	: 0
siblings	: 8
core id		: 1
cpu cores	: 4
apicid		: 2
initial apicid	: 2
fpu		: yes
fpu_exception	: yes
cpuid level	: 22
wp		: yes
flags		: fpu vme de pse tsc msr pae mce cx8 apic sep mtrr pge mca cmov pat pse36 clflush dts acpi mmx fxsr sse sse2 ss ht tm pbe syscall nx pdpe1gb rdtscp lm constant_tsc art arch_perfmon pebs bts rep_good nopl xtopology nonstop_tsc cpuid aperfmperf tsc_known_freq pni pclmulqdq dtes64 monitor ds_cpl vmx est tm2 ssse3 sdbg fma cx16 xtpr pdcm pcid sse4_1 sse4_2 x2apic movbe popcnt tsc_deadline_timer aes xsave avx f16c rdrand lahf_lm abm 3dnowprefetch cpuid_fault epb invpcid_single pti ssbd ibrs ibpb stibp tpr_shadow vnmi flexpriority ept vpid ept_ad fsgsbase tsc_adjust bmi1 avx2 smep bmi2 erms invpcid mpx rdseed adx smap clflushopt intel_pt xsaveopt xsavec xgetbv1 xsaves dtherm ida arat pln pts hwp hwp_notify hwp_act_window hwp_epp md_clear flush_l1d
bugs		: cpu_meltdown spectre_v1 spectre_v2 spec_store_bypass l1tf mds swapgs
bogomips	: 3985.00
clflush size	: 64
cache_alignment	: 64
address sizes	: 39 bits physical, 48 bits virtual
power management:

processor	: 2
vendor_id	: GenuineIntel
cpu family	: 6
model		: 142
model name	: Intel(R) Core(TM) i7-8550U CPU @ 1.80GHz
stepping	: 10
microcode	: 0xb4
cpu MHz		: 800.327
cache size	: 8192 KB
physical id	: 0
siblings	: 8
core id		: 2
cpu cores	: 4
apicid		: 4
initial apicid	: 4
fpu		: yes
fpu_exception	: yes
cpuid level	: 22
wp		: yes
flags		: fpu vme de pse tsc msr pae mce cx8 apic sep mtrr pge mca cmov pat pse36 clflush dts acpi mmx fxsr sse sse2 ss ht tm pbe syscall nx pdpe1gb rdtscp lm constant_tsc art arch_perfmon pebs bts rep_good nopl xtopology nonstop_tsc cpuid aperfmperf tsc_known_freq pni pclmulqdq dtes64 monitor ds_cpl vmx est tm2 ssse3 sdbg fma cx16 xtpr pdcm pcid sse4_1 sse4_2 x2apic movbe popcnt tsc_deadline_timer aes xsave avx f16c rdrand lahf_lm abm 3dnowprefetch cpuid_fault epb invpcid_single pti ssbd ibrs ibpb stibp tpr_shadow vnmi flexpriority ept vpid ept_ad fsgsbase tsc_adjust bmi1 avx2 smep bmi2 erms invpcid mpx rdseed adx smap clflushopt intel_pt xsaveopt xsavec xgetbv1 xsaves dtherm ida arat pln pts hwp hwp_notify hwp_act_window hwp_epp md_clear flush_l1d
bugs		: cpu_meltdown spectre_v1 spectre_v2 spec_store_bypass l1tf mds swapgs
bogomips	: 3985.00
clflush size	: 64
cache_alignment	: 64
address sizes	: 39 bits physical, 48 bits virtual
power management:

processor	: 3
vendor_id	: GenuineIntel
cpu family	: 6
model		: 142
model name	: Intel(R) Core(TM) i7-8550U CPU @ 1.80GHz
stepping	: 10
microcode	: 0xb4
cpu MHz		: 800.216
cache size	: 8192 KB
physical id	: 0
siblings	: 8
core id		: 3
cpu cores	: 4
apicid		: 6
initial apicid	: 6
fpu		: yes
fpu_exception	: yes
cpuid level	: 22
wp		: yes
flags		: fpu vme de pse tsc msr pae mce cx8 apic sep mtrr pge mca cmov pat pse36 clflush dts acpi mmx fxsr sse sse2 ss ht tm pbe syscall nx pdpe1gb rdtscp lm constant_tsc art arch_perfmon pebs bts rep_good nopl xtopology nonstop_tsc cpuid aperfmperf tsc_known_freq pni pclmulqdq dtes64 monitor ds_cpl vmx est tm2 ssse3 sdbg fma cx16 xtpr pdcm pcid sse4_1 sse4_2 x2apic movbe popcnt tsc_deadline_timer aes xsave avx f16c rdrand lahf_lm abm 3dnowprefetch cpuid_fault epb invpcid_single pti ssbd ibrs ibpb stibp tpr_shadow vnmi flexpriority ept vpid ept_ad fsgsbase tsc_adjust bmi1 avx2 smep bmi2 erms invpcid mpx rdseed adx smap clflushopt intel_pt xsaveopt xsavec xgetbv1 xsaves dtherm ida arat pln pts hwp hwp_notify hwp_act_window hwp_epp md_clear flush_l1d
bugs		: cpu_meltdown spectre_v1 spectre_v2 spec_store_bypass l1tf mds swapgs
bogomips	: 3985.00
clflush size	: 64
cache_alignment	: 64
address sizes	: 39 bits physical, 48 bits virtual
power management:

processor	: 4
vendor_id	: GenuineIntel
cpu family	: 6
model		: 142
model name	: Intel(R) Core(TM) i7-8550U CPU @ 1.80GHz
stepping	: 10
microcode	: 0xb4
cpu MHz		: 800.010
cache size	: 8192 KB
physical id	: 0
siblings	: 8
core id		: 0
cpu cores	: 4
apicid		: 1
initial apicid	: 1
fpu		: yes
fpu_exception	: yes
cpuid level	: 22
wp		: yes
flags		: fpu vme de pse tsc msr pae mce cx8 apic sep mtrr pge mca cmov pat pse36 clflush dts acpi mmx fxsr sse sse2 ss ht tm pbe syscall nx pdpe1gb rdtscp lm constant_tsc art arch_perfmon pebs bts rep_good nopl xtopology nonstop_tsc cpuid aperfmperf tsc_known_freq pni pclmulqdq dtes64 monitor ds_cpl vmx est tm2 ssse3 sdbg fma cx16 xtpr pdcm pcid sse4_1 sse4_2 x2apic movbe popcnt tsc_deadline_timer aes xsave avx f16c rdrand lahf_lm abm 3dnowprefetch cpuid_fault epb invpcid_single pti ssbd ibrs ibpb stibp tpr_shadow vnmi flexpriority ept vpid ept_ad fsgsbase tsc_adjust bmi1 avx2 smep bmi2 erms invpcid mpx rdseed adx smap clflushopt intel_pt xsaveopt xsavec xgetbv1 xsaves dtherm ida arat pln pts hwp hwp_notify hwp_act_window hwp_epp md_clear flush_l1d
bugs		: cpu_meltdown spectre_v1 spectre_v2 spec_store_bypass l1tf mds swapgs
bogomips	: 3985.00
clflush size	: 64
cache_alignment	: 64
address sizes	: 39 bits physical, 48 bits virtual
power management:

processor	: 5
vendor_id	: GenuineIntel
cpu family	: 6
model		: 142
model name	: Intel(R) Core(TM) i7-8550U CPU @ 1.80GHz
stepping	: 10
microcode	: 0xb4
cpu MHz		: 800.059
cache size	: 8192 KB
physical id	: 0
siblings	: 8
core id		: 1
cpu cores	: 4
apicid		: 3
initial apicid	: 3
fpu		: yes
fpu_exception	: yes
cpuid level	: 22
wp		: yes
flags		: fpu vme de pse tsc msr pae mce cx8 apic sep mtrr pge mca cmov pat pse36 clflush dts acpi mmx fxsr sse sse2 ss ht tm pbe syscall nx pdpe1gb rdtscp lm constant_tsc art arch_perfmon pebs bts rep_good nopl xtopology nonstop_tsc cpuid aperfmperf tsc_known_freq pni pclmulqdq dtes64 monitor ds_cpl vmx est tm2 ssse3 sdbg fma cx16 xtpr pdcm pcid sse4_1 sse4_2 x2apic movbe popcnt tsc_deadline_timer aes xsave avx f16c rdrand lahf_lm abm 3dnowprefetch cpuid_fault epb invpcid_single pti ssbd ibrs ibpb stibp tpr_shadow vnmi flexpriority ept vpid ept_ad fsgsbase tsc_adjust bmi1 avx2 smep bmi2 erms invpcid mpx rdseed adx smap clflushopt intel_pt xsaveopt xsavec xgetbv1 xsaves dtherm ida arat pln pts hwp hwp_notify hwp_act_window hwp_epp md_clear flush_l1d
bugs		: cpu_meltdown spectre_v1 spectre_v2 spec_store_bypass l1tf mds swapgs
bogomips	: 3985.00
clflush size	: 64
cache_alignment	: 64
address sizes	: 39 bits physical, 48 bits virtual
power management:

processor	: 6
vendor_id	: GenuineIntel
cpu family	: 6
model		: 142
model name	: Intel(R) Core(TM) i7-8550U CPU @ 1.80GHz
stepping	: 10
microcode	: 0xb4
cpu MHz		: 800.037
cache size	: 8192 KB
physical id	: 0
siblings	: 8
core id		: 2
cpu cores	: 4
apicid		: 5
initial apicid	: 5
fpu		: yes
fpu_exception	: yes
cpuid level	: 22
wp		: yes
flags		: fpu vme de pse tsc msr pae mce cx8 apic sep mtrr pge mca cmov pat pse36 clflush dts acpi mmx fxsr sse sse2 ss ht tm pbe syscall nx pdpe1gb rdtscp lm constant_tsc art arch_perfmon pebs bts rep_good nopl xtopology nonstop_tsc cpuid aperfmperf tsc_known_freq pni pclmulqdq dtes64 monitor ds_cpl vmx est tm2 ssse3 sdbg fma cx16 xtpr pdcm pcid sse4_1 sse4_2 x2apic movbe popcnt tsc_deadline_timer aes xsave avx f16c rdrand lahf_lm abm 3dnowprefetch cpuid_fault epb invpcid_single pti ssbd ibrs ibpb stibp tpr_shadow vnmi flexpriority ept vpid ept_ad fsgsbase tsc_adjust bmi1 avx2 smep bmi2 erms invpcid mpx rdseed adx smap clflushopt intel_pt xsaveopt xsavec xgetbv1 xsaves dtherm ida arat pln pts hwp hwp_notify hwp_act_window hwp_epp md_clear flush_l1d
bugs		: cpu_meltdown spectre_v1 spectre_v2 spec_store_bypass l1tf mds swapgs
bogomips	: 3985.00
clflush size	: 64
cache_alignment	: 64
address sizes	: 39 bits physical, 48 bits virtual
power management:

processor	: 7
vendor_id	: GenuineIntel
cpu family	: 6
model		: 142
model name	: Intel(R) Core(TM) i7-8550U CPU @ 1.80GHz
stepping	: 10
microcode	: 0xb4
cpu MHz		: 800.055
cache size	: 8192 KB
physical id	: 0
siblings	: 8
core id		: 3
cpu cores	: 4
apicid		: 7
initial apicid	: 7
fpu		: yes
fpu_exception	: yes
cpuid level	: 22
wp		: yes
flags		: fpu vme de pse tsc msr pae mce cx8 apic sep mtrr pge mca cmov pat pse36 clflush dts acpi mmx fxsr sse sse2 ss ht tm pbe syscall nx pdpe1gb rdtscp lm constant_tsc art arch_perfmon pebs bts rep_good nopl xtopology nonstop_tsc cpuid aperfmperf tsc_known_freq pni pclmulqdq dtes64 monitor ds_cpl vmx est tm2 ssse3 sdbg fma cx16 xtpr pdcm pcid sse4_1 sse4_2 x2apic movbe popcnt tsc_deadline_timer aes xsave avx f16c rdrand lahf_lm abm 3dnowprefetch cpuid_fault epb invpcid_single pti ssbd ibrs ibpb stibp tpr_shadow vnmi flexpriority ept vpid ept_ad fsgsbase tsc_adjust bmi1 avx2 smep bmi2 erms invpcid mpx rdseed adx smap clflushopt intel_pt xsaveopt xsavec xgetbv1 xsaves dtherm ida arat pln pts hwp hwp_notify hwp_act_window hwp_epp md_clear flush_l1d
bugs		: cpu_meltdown spectre_v1 spectre_v2 spec_store_bypass l1tf mds swapgs
bogomips	: 3985.00
clflush size	: 64
cache_alignment	: 64
address sizes	: 39 bits physical, 48 bits virtual
power management:



Memory: 4k page, physical 8064344k(734408k free), swap 0k(0k free)

vm_info: OpenJDK 64-Bit Server VM (25.222-b05) for linux-amd64 JRE (1.8.0_222-b05), built on Jun 18 2019 08:19:03 by "builduser" with gcc 8.3.0

time: Thu Nov 28 21:27:21 2019
timezone: GMT
elapsed time: 256 seconds (0d 0h 4m 16s)

